<?xml version="1.0" encoding="UTF-8"?>
<coverage generated="1765157825123" clover="3.2.0">
  <project timestamp="1765157825123" name="All files">
    <metrics statements="385" coveredstatements="355" conditionals="230" coveredconditionals="195" methods="125" coveredmethods="122" elements="740" coveredelements="672" complexity="0" loc="385" ncloc="385" packages="6" files="19" classes="19"/>
    <package name="src">
      <metrics statements="30" coveredstatements="29" conditionals="14" coveredconditionals="12" methods="15" coveredmethods="15"/>
      <file name="App.tsx" path="/Users/sunven/github/cc-config/cc-config-viewer/src/App.tsx">
        <metrics statements="30" coveredstatements="29" conditionals="14" coveredconditionals="12" methods="15" coveredmethods="15"/>
        <line num="16" count="525" type="stmt"/>
        <line num="17" count="525" type="stmt"/>
        <line num="20" count="619" type="stmt"/>
        <line num="21" count="619" type="stmt"/>
        <line num="22" count="619" type="stmt"/>
        <line num="23" count="619" type="stmt"/>
        <line num="26" count="531" type="stmt"/>
        <line num="27" count="531" type="stmt"/>
        <line num="30" count="192" type="stmt"/>
        <line num="33" count="192" type="stmt"/>
        <line num="34" count="57" type="stmt"/>
        <line num="36" count="57" type="stmt"/>
        <line num="37" count="57" type="stmt"/>
        <line num="38" count="57" type="stmt"/>
        <line num="39" count="57" type="cond" truecount="4" falsecount="0"/>
        <line num="40" count="33" type="stmt"/>
        <line num="43" count="0" type="stmt"/>
        <line num="47" count="57" type="stmt"/>
        <line num="49" count="57" type="stmt"/>
        <line num="50" count="57" type="stmt"/>
        <line num="55" count="192" type="stmt"/>
        <line num="57" count="57" type="stmt"/>
        <line num="63" count="192" type="stmt"/>
        <line num="64" count="1" type="stmt"/>
        <line num="65" count="1" type="stmt"/>
        <line num="67" count="1" type="stmt"/>
        <line num="71" count="192" type="stmt"/>
        <line num="72" count="90" type="cond" truecount="1" falsecount="1"/>
        <line num="77" count="192" type="cond" truecount="1" falsecount="1"/>
        <line num="79" count="192" type="stmt"/>
      </file>
    </package>
    <package name="src.components">
      <metrics statements="78" coveredstatements="74" conditionals="75" coveredconditionals="70" methods="27" coveredmethods="26"/>
      <file name="ConfigList.tsx" path="/Users/sunven/github/cc-config/cc-config-viewer/src/components/ConfigList.tsx">
        <metrics statements="39" coveredstatements="36" conditionals="43" coveredconditionals="39" methods="11" coveredmethods="11"/>
        <line num="16" count="6" type="stmt"/>
        <line num="26" count="6" type="stmt"/>
        <line num="37" count="24" type="stmt"/>
        <line num="69" count="4" type="stmt"/>
        <line num="78" count="6" type="stmt"/>
        <line num="85" count="152" type="cond" truecount="2" falsecount="2"/>
        <line num="86" count="0" type="stmt"/>
        <line num="93" count="152" type="stmt"/>
        <line num="94" count="24" type="cond" truecount="3" falsecount="1"/>
        <line num="96" count="11" type="stmt"/>
        <line num="98" count="12" type="stmt"/>
        <line num="100" count="1" type="stmt"/>
        <line num="102" count="0" type="stmt"/>
        <line num="106" count="152" type="stmt"/>
        <line num="107" count="24" type="cond" truecount="3" falsecount="1"/>
        <line num="109" count="11" type="stmt"/>
        <line num="111" count="12" type="stmt"/>
        <line num="113" count="1" type="stmt"/>
        <line num="115" count="0" type="stmt"/>
        <line num="119" count="152" type="stmt"/>
        <line num="120" count="24" type="cond" truecount="2" falsecount="0"/>
        <line num="121" count="2" type="stmt"/>
        <line num="123" count="22" type="stmt"/>
        <line num="126" count="152" type="cond" truecount="2" falsecount="0"/>
        <line num="127" count="43" type="stmt"/>
        <line num="137" count="109" type="cond" truecount="2" falsecount="0"/>
        <line num="138" count="5" type="stmt"/>
        <line num="148" count="104" type="stmt"/>
        <line num="156" count="27" type="stmt"/>
        <line num="171" count="137" type="cond" truecount="2" falsecount="0"/>
        <line num="172" count="72" type="cond" truecount="2" falsecount="0"/>
        <line num="173" count="70" type="cond" truecount="2" falsecount="0"/>
        <line num="174" count="69" type="cond" truecount="2" falsecount="0"/>
        <line num="177" count="67" type="stmt"/>
        <line num="178" count="7" type="stmt"/>
        <line num="179" count="7" type="stmt"/>
        <line num="180" count="7" type="cond" truecount="2" falsecount="0"/>
        <line num="185" count="1" type="stmt"/>
        <line num="189" count="66" type="stmt"/>
      </file>
      <file name="ErrorBoundary.tsx" path="/Users/sunven/github/cc-config/cc-config-viewer/src/components/ErrorBoundary.tsx">
        <metrics statements="11" coveredstatements="10" conditionals="6" coveredconditionals="6" methods="5" coveredmethods="4"/>
        <line num="15" count="54" type="stmt"/>
        <line num="16" count="54" type="stmt"/>
        <line num="20" count="16" type="stmt"/>
        <line num="24" count="8" type="stmt"/>
        <line num="28" count="201" type="cond" truecount="4" falsecount="0"/>
        <line num="29" count="16" type="cond" truecount="2" falsecount="0"/>
        <line num="30" count="2" type="stmt"/>
        <line num="31" count="2" type="stmt"/>
        <line num="34" count="14" type="stmt"/>
        <line num="40" count="0" type="stmt"/>
        <line num="48" count="185" type="stmt"/>
      </file>
      <file name="InheritedIndicator.tsx" path="/Users/sunven/github/cc-config/cc-config-viewer/src/components/InheritedIndicator.tsx">
        <metrics statements="5" coveredstatements="5" conditionals="5" coveredconditionals="5" methods="1" coveredmethods="1"/>
        <line num="13" count="10" type="stmt"/>
        <line num="19" count="10" type="stmt"/>
        <line num="35" count="10" type="cond" truecount="2" falsecount="0"/>
        <line num="36" count="4" type="stmt"/>
        <line num="46" count="6" type="stmt"/>
      </file>
      <file name="McpBadge.tsx" path="/Users/sunven/github/cc-config/cc-config-viewer/src/components/McpBadge.tsx">
        <metrics statements="9" coveredstatements="9" conditionals="6" coveredconditionals="6" methods="3" coveredmethods="3"/>
        <line num="8" count="1" type="stmt"/>
        <line num="9" count="15" type="stmt"/>
        <line num="10" count="15" type="cond" truecount="4" falsecount="0"/>
        <line num="12" count="8" type="stmt"/>
        <line num="14" count="3" type="stmt"/>
        <line num="16" count="3" type="stmt"/>
        <line num="18" count="1" type="stmt"/>
        <line num="22" count="15" type="stmt"/>
        <line num="34" count="3" type="stmt"/>
      </file>
      <file name="ProjectTab.tsx" path="/Users/sunven/github/cc-config/cc-config-viewer/src/components/ProjectTab.tsx">
        <metrics statements="11" coveredstatements="11" conditionals="13" coveredconditionals="12" methods="6" coveredmethods="6"/>
        <line num="12" count="6" type="stmt"/>
        <line num="14" count="19" type="stmt"/>
        <line num="15" count="19" type="stmt"/>
        <line num="16" count="27" type="stmt"/>
        <line num="18" count="11" type="stmt"/>
        <line num="19" count="11" type="cond" truecount="3" falsecount="1"/>
        <line num="22" count="11" type="stmt"/>
        <line num="23" count="1" type="stmt"/>
        <line num="25" count="1" type="stmt"/>
        <line num="28" count="11" type="stmt"/>
        <line num="52" count="11" type="stmt"/>
      </file>
      <file name="ScopeIndicator.tsx" path="/Users/sunven/github/cc-config/cc-config-viewer/src/components/ScopeIndicator.tsx">
        <metrics statements="3" coveredstatements="3" conditionals="2" coveredconditionals="2" methods="1" coveredmethods="1"/>
        <line num="9" count="182" type="stmt"/>
        <line num="22" count="182" type="stmt"/>
        <line num="24" count="182" type="stmt"/>
      </file>
    </package>
    <package name="src.components.ui">
      <metrics statements="23" coveredstatements="23" conditionals="4" coveredconditionals="4" methods="6" coveredmethods="6"/>
      <file name="badge.tsx" path="/Users/sunven/github/cc-config/cc-config-viewer/src/components/ui/badge.tsx">
        <metrics statements="2" coveredstatements="2" conditionals="0" coveredconditionals="0" methods="1" coveredmethods="1"/>
        <line num="6" count="7" type="stmt"/>
        <line num="31" count="36" type="stmt"/>
      </file>
      <file name="button.tsx" path="/Users/sunven/github/cc-config/cc-config-viewer/src/components/ui/button.tsx">
        <metrics statements="5" coveredstatements="5" conditionals="3" coveredconditionals="3" methods="1" coveredmethods="1"/>
        <line num="7" count="1" type="stmt"/>
        <line num="43" count="1" type="stmt"/>
        <line num="45" count="7" type="cond" truecount="2" falsecount="0"/>
        <line num="46" count="7" type="stmt"/>
        <line num="55" count="1" type="stmt"/>
      </file>
      <file name="tabs.tsx" path="/Users/sunven/github/cc-config/cc-config-viewer/src/components/ui/tabs.tsx">
        <metrics statements="10" coveredstatements="10" conditionals="0" coveredconditionals="0" methods="3" coveredmethods="3"/>
        <line num="6" count="5" type="stmt"/>
        <line num="8" count="5" type="stmt"/>
        <line num="12" count="190" type="stmt"/>
        <line num="21" count="5" type="stmt"/>
        <line num="23" count="5" type="stmt"/>
        <line num="27" count="378" type="stmt"/>
        <line num="45" count="5" type="stmt"/>
        <line num="47" count="5" type="stmt"/>
        <line num="51" count="378" type="stmt"/>
        <line num="60" count="5" type="stmt"/>
      </file>
      <file name="tooltip.tsx" path="/Users/sunven/github/cc-config/cc-config-viewer/src/components/ui/tooltip.tsx">
        <metrics statements="6" coveredstatements="6" conditionals="1" coveredconditionals="1" methods="1" coveredmethods="1"/>
        <line num="6" count="7" type="stmt"/>
        <line num="8" count="7" type="stmt"/>
        <line num="10" count="7" type="stmt"/>
        <line num="12" count="7" type="stmt"/>
        <line num="16" count="4" type="stmt"/>
        <line num="28" count="7" type="stmt"/>
      </file>
    </package>
    <package name="src.hooks">
      <metrics statements="57" coveredstatements="51" conditionals="34" coveredconditionals="27" methods="7" coveredmethods="7"/>
      <file name="useFileWatcher.ts" path="/Users/sunven/github/cc-config/cc-config-viewer/src/hooks/useFileWatcher.ts">
        <metrics statements="57" coveredstatements="51" conditionals="34" coveredconditionals="27" methods="7" coveredmethods="7"/>
        <line num="15" count="6" type="stmt"/>
        <line num="29" count="199" type="stmt"/>
        <line num="30" count="199" type="stmt"/>
        <line num="31" count="199" type="stmt"/>
        <line num="32" count="199" type="stmt"/>
        <line num="34" count="199" type="stmt"/>
        <line num="35" count="66" type="stmt"/>
        <line num="38" count="66" type="stmt"/>
        <line num="39" count="6" type="stmt"/>
        <line num="40" count="6" type="stmt"/>
        <line num="42" count="6" type="cond" truecount="1" falsecount="1"/>
        <line num="45" count="6" type="stmt"/>
        <line num="46" count="6" type="stmt"/>
        <line num="47" count="6" type="stmt"/>
        <line num="49" count="6" type="stmt"/>
        <line num="50" count="9" type="cond" truecount="2" falsecount="0"/>
        <line num="51" count="1" type="stmt"/>
        <line num="55" count="9" type="cond" truecount="4" falsecount="0"/>
        <line num="56" count="7" type="stmt"/>
        <line num="58" count="9" type="cond" truecount="4" falsecount="0"/>
        <line num="59" count="2" type="stmt"/>
        <line num="64" count="6" type="stmt"/>
        <line num="65" count="1" type="stmt"/>
        <line num="69" count="6" type="cond" truecount="2" falsecount="0"/>
        <line num="70" count="5" type="stmt"/>
        <line num="71" count="5" type="cond" truecount="1" falsecount="1"/>
        <line num="72" count="0" type="stmt"/>
        <line num="75" count="6" type="cond" truecount="2" falsecount="0"/>
        <line num="76" count="2" type="stmt"/>
        <line num="77" count="2" type="stmt"/>
        <line num="78" count="2" type="cond" truecount="1" falsecount="1"/>
        <line num="79" count="0" type="stmt"/>
        <line num="84" count="6" type="stmt"/>
        <line num="85" count="6" type="stmt"/>
        <line num="86" count="6" type="stmt"/>
        <line num="88" count="6" type="cond" truecount="1" falsecount="1"/>
        <line num="89" count="0" type="stmt"/>
        <line num="94" count="66" type="stmt"/>
        <line num="95" count="66" type="stmt"/>
        <line num="96" count="30" type="stmt"/>
        <line num="98" count="30" type="cond" truecount="1" falsecount="1"/>
        <line num="99" count="0" type="stmt"/>
        <line num="103" count="30" type="stmt"/>
        <line num="106" count="30" type="cond" truecount="2" falsecount="0"/>
        <line num="107" count="8" type="stmt"/>
        <line num="110" count="30" type="stmt"/>
        <line num="111" count="6" type="stmt"/>
        <line num="115" count="66" type="cond" truecount="1" falsecount="1"/>
        <line num="116" count="0" type="stmt"/>
        <line num="120" count="66" type="stmt"/>
        <line num="123" count="66" type="stmt"/>
        <line num="124" count="66" type="cond" truecount="2" falsecount="0"/>
        <line num="125" count="65" type="stmt"/>
        <line num="127" count="66" type="cond" truecount="2" falsecount="0"/>
        <line num="128" count="22" type="stmt"/>
        <line num="130" count="66" type="cond" truecount="1" falsecount="1"/>
        <line num="131" count="0" type="stmt"/>
      </file>
    </package>
    <package name="src.lib">
      <metrics statements="74" coveredstatements="72" conditionals="33" coveredconditionals="29" methods="25" coveredmethods="25"/>
      <file name="configParser.ts" path="/Users/sunven/github/cc-config/cc-config-viewer/src/lib/configParser.ts">
        <metrics statements="29" coveredstatements="29" conditionals="21" coveredconditionals="19" methods="15" coveredmethods="15"/>
        <line num="5" count="41" type="stmt"/>
        <line num="6" count="39" type="stmt"/>
        <line num="7" count="38" type="stmt"/>
        <line num="11" count="2" type="stmt"/>
        <line num="12" count="2" type="stmt"/>
        <line num="14" count="1" type="stmt"/>
        <line num="19" count="1" type="stmt"/>
        <line num="26" count="55" type="stmt"/>
        <line num="34" count="55" type="cond" truecount="3" falsecount="0"/>
        <line num="35" count="55" type="stmt"/>
        <line num="43" count="56" type="cond" truecount="4" falsecount="0"/>
        <line num="44" count="56" type="stmt"/>
        <line num="52" count="51" type="stmt"/>
        <line num="56" count="51" type="stmt"/>
        <line num="59" count="51" type="stmt"/>
        <line num="62" count="51" type="stmt"/>
        <line num="65" count="51" type="stmt"/>
        <line num="67" count="51" type="stmt"/>
        <line num="79" count="8" type="stmt"/>
        <line num="82" count="8" type="stmt"/>
        <line num="85" count="8" type="stmt"/>
        <line num="88" count="8" type="stmt"/>
        <line num="91" count="8" type="stmt"/>
        <line num="92" count="8" type="cond" truecount="2" falsecount="0"/>
        <line num="93" count="6" type="stmt"/>
        <line num="101" count="8" type="stmt"/>
        <line num="102" count="11" type="stmt"/>
        <line num="103" count="8" type="stmt"/>
        <line num="109" count="8" type="stmt"/>
      </file>
      <file name="projectDetection.ts" path="/Users/sunven/github/cc-config/cc-config-viewer/src/lib/projectDetection.ts">
        <metrics statements="23" coveredstatements="21" conditionals="4" coveredconditionals="2" methods="3" coveredmethods="3"/>
        <line num="9" count="5" type="stmt"/>
        <line num="10" count="5" type="cond" truecount="1" falsecount="1"/>
        <line num="11" count="5" type="stmt"/>
        <line num="14" count="5" type="stmt"/>
        <line num="15" count="5" type="stmt"/>
        <line num="16" count="5" type="stmt"/>
        <line num="19" count="3" type="stmt"/>
        <line num="29" count="2" type="stmt"/>
        <line num="30" count="2" type="stmt"/>
        <line num="33" count="2" type="stmt"/>
        <line num="35" count="1" type="stmt"/>
        <line num="45" count="1" type="stmt"/>
        <line num="49" count="0" type="stmt"/>
        <line num="50" count="0" type="stmt"/>
        <line num="59" count="5" type="stmt"/>
        <line num="61" count="5" type="stmt"/>
        <line num="62" count="5" type="cond" truecount="1" falsecount="1"/>
        <line num="70" count="4" type="stmt"/>
        <line num="71" count="4" type="stmt"/>
        <line num="72" count="188" type="stmt"/>
        <line num="73" count="188" type="stmt"/>
        <line num="74" count="188" type="stmt"/>
        <line num="76" count="4" type="stmt"/>
      </file>
      <file name="tauriApi.ts" path="/Users/sunven/github/cc-config/cc-config-viewer/src/lib/tauriApi.ts">
        <metrics statements="21" coveredstatements="21" conditionals="8" coveredconditionals="8" methods="6" coveredmethods="6"/>
        <line num="13" count="9" type="stmt"/>
        <line num="15" count="9" type="cond" truecount="2" falsecount="0"/>
        <line num="16" count="1" type="stmt"/>
        <line num="21" count="8" type="cond" truecount="2" falsecount="0"/>
        <line num="22" count="3" type="stmt"/>
        <line num="27" count="5" type="cond" truecount="2" falsecount="0"/>
        <line num="28" count="1" type="stmt"/>
        <line num="33" count="4" type="cond" truecount="2" falsecount="0"/>
        <line num="34" count="2" type="stmt"/>
        <line num="40" count="2" type="stmt"/>
        <line num="49" count="45" type="stmt"/>
        <line num="50" count="45" type="stmt"/>
        <line num="52" count="6" type="stmt"/>
        <line num="57" count="41" type="stmt"/>
        <line num="58" count="41" type="stmt"/>
        <line num="60" count="1" type="stmt"/>
        <line num="66" count="39" type="stmt"/>
        <line num="70" count="38" type="stmt"/>
        <line num="74" count="3" type="stmt"/>
        <line num="75" count="3" type="stmt"/>
        <line num="77" count="2" type="stmt"/>
      </file>
      <file name="utils.ts" path="/Users/sunven/github/cc-config/cc-config-viewer/src/lib/utils.ts">
        <metrics statements="1" coveredstatements="1" conditionals="0" coveredconditionals="0" methods="1" coveredmethods="1"/>
        <line num="5" count="1179" type="stmt"/>
      </file>
    </package>
    <package name="src.stores">
      <metrics statements="123" coveredstatements="106" conditionals="70" coveredconditionals="53" methods="45" coveredmethods="43"/>
      <file name="configStore.ts" path="/Users/sunven/github/cc-config/cc-config-viewer/src/stores/configStore.ts">
        <metrics statements="92" coveredstatements="75" conditionals="56" coveredconditionals="39" methods="21" coveredmethods="19"/>
        <line num="12" count="5" type="stmt"/>
        <line num="47" count="5" type="stmt"/>
        <line num="60" count="91" type="stmt"/>
        <line num="61" count="91" type="cond" truecount="2" falsecount="0"/>
        <line num="62" count="81" type="cond" truecount="2" falsecount="0"/>
        <line num="63" count="3" type="stmt"/>
        <line num="65" count="10" type="cond" truecount="2" falsecount="0"/>
        <line num="66" count="91" type="stmt"/>
        <line num="67" count="91" type="cond" truecount="2" falsecount="0"/>
        <line num="68" count="0" type="stmt"/>
        <line num="73" count="2" type="stmt"/>
        <line num="74" count="2" type="cond" truecount="1" falsecount="1"/>
        <line num="75" count="2" type="cond" truecount="2" falsecount="0"/>
        <line num="77" count="0" type="cond" truecount="0" falsecount="2"/>
        <line num="78" count="2" type="cond" truecount="1" falsecount="1"/>
        <line num="83" count="40" type="stmt"/>
        <line num="86" count="40" type="cond" truecount="2" falsecount="0"/>
        <line num="87" count="1" type="stmt"/>
        <line num="90" count="39" type="stmt"/>
        <line num="91" count="39" type="stmt"/>
        <line num="92" count="37" type="stmt"/>
        <line num="95" count="37" type="stmt"/>
        <line num="102" count="37" type="stmt"/>
        <line num="104" count="2" type="stmt"/>
        <line num="105" count="2" type="stmt"/>
        <line num="111" count="5" type="stmt"/>
        <line num="112" count="5" type="cond" truecount="2" falsecount="0"/>
        <line num="115" count="5" type="cond" truecount="1" falsecount="1"/>
        <line num="116" count="0" type="stmt"/>
        <line num="119" count="5" type="stmt"/>
        <line num="120" count="5" type="stmt"/>
        <line num="121" count="4" type="stmt"/>
        <line num="122" count="4" type="stmt"/>
        <line num="125" count="4" type="stmt"/>
        <line num="135" count="4" type="stmt"/>
        <line num="137" count="1" type="stmt"/>
        <line num="138" count="1" type="stmt"/>
        <line num="144" count="45" type="stmt"/>
        <line num="145" count="45" type="cond" truecount="2" falsecount="0"/>
        <line num="146" count="40" type="cond" truecount="2" falsecount="0"/>
        <line num="148" count="5" type="cond" truecount="2" falsecount="0"/>
        <line num="149" count="45" type="cond" truecount="2" falsecount="0"/>
        <line num="154" count="43" type="stmt"/>
        <line num="157" count="43" type="stmt"/>
        <line num="158" count="43" type="stmt"/>
        <line num="160" count="43" type="cond" truecount="1" falsecount="1"/>
        <line num="162" count="0" type="stmt"/>
        <line num="167" count="0" type="stmt"/>
        <line num="168" count="0" type="stmt"/>
        <line num="177" count="0" type="cond" truecount="0" falsecount="2"/>
        <line num="178" count="0" type="stmt"/>
        <line num="179" count="0" type="stmt"/>
        <line num="180" count="0" type="cond" truecount="0" falsecount="2"/>
        <line num="185" count="0" type="stmt"/>
        <line num="186" count="0" type="cond" truecount="0" falsecount="4"/>
        <line num="188" count="0" type="stmt"/>
        <line num="193" count="0" type="stmt"/>
        <line num="194" count="0" type="stmt"/>
        <line num="201" count="0" type="stmt"/>
        <line num="202" count="0" type="stmt"/>
        <line num="207" count="43" type="stmt"/>
        <line num="208" count="43" type="stmt"/>
        <line num="209" count="43" type="cond" truecount="2" falsecount="0"/>
        <line num="213" count="4" type="stmt"/>
        <line num="218" count="8" type="stmt"/>
        <line num="219" count="8" type="stmt"/>
        <line num="226" count="3" type="stmt"/>
        <line num="237" count="11" type="cond" truecount="2" falsecount="0"/>
        <line num="239" count="1" type="stmt"/>
        <line num="243" count="10" type="cond" truecount="2" falsecount="0"/>
        <line num="244" count="6" type="stmt"/>
        <line num="246" count="4" type="cond" truecount="2" falsecount="0"/>
        <line num="247" count="4" type="stmt"/>
        <line num="248" count="4" type="stmt"/>
        <line num="249" count="4" type="stmt"/>
        <line num="250" count="4" type="stmt"/>
        <line num="257" count="8" type="stmt"/>
        <line num="258" count="8" type="stmt"/>
        <line num="259" count="8" type="stmt"/>
        <line num="262" count="8" type="stmt"/>
        <line num="265" count="8" type="stmt"/>
        <line num="269" count="4" type="stmt"/>
        <line num="270" count="4" type="stmt"/>
        <line num="275" count="4" type="stmt"/>
        <line num="276" count="4" type="stmt"/>
        <line num="277" count="4" type="cond" truecount="2" falsecount="0"/>
        <line num="278" count="1" type="stmt"/>
        <line num="280" count="3" type="stmt"/>
        <line num="284" count="4" type="stmt"/>
        <line num="292" count="1" type="stmt"/>
        <line num="293" count="2" type="stmt"/>
        <line num="299" count="1" type="stmt"/>
      </file>
      <file name="projectsStore.ts" path="/Users/sunven/github/cc-config/cc-config-viewer/src/stores/projectsStore.ts">
        <metrics statements="18" coveredstatements="18" conditionals="6" coveredconditionals="6" methods="13" coveredmethods="13"/>
        <line num="12" count="4" type="stmt"/>
        <line num="33" count="4" type="stmt"/>
        <line num="38" count="34" type="stmt"/>
        <line num="41" count="2" type="stmt"/>
        <line num="44" count="1" type="stmt"/>
        <line num="45" count="2" type="stmt"/>
        <line num="50" count="1" type="stmt"/>
        <line num="62" count="2" type="stmt"/>
        <line num="63" count="2" type="cond" truecount="2" falsecount="0"/>
        <line num="68" count="3" type="stmt"/>
        <line num="69" count="3" type="cond" truecount="2" falsecount="0"/>
        <line num="70" count="2" type="stmt"/>
        <line num="75" count="2" type="cond" truecount="2" falsecount="0"/>
        <line num="76" count="1" type="stmt"/>
        <line num="77" count="1" type="stmt"/>
        <line num="78" count="1" type="stmt"/>
        <line num="79" count="1" type="stmt"/>
        <line num="82" count="1" type="stmt"/>
      </file>
      <file name="uiStore.ts" path="/Users/sunven/github/cc-config/cc-config-viewer/src/stores/uiStore.ts">
        <metrics statements="13" coveredstatements="13" conditionals="8" coveredconditionals="8" methods="11" coveredmethods="11"/>
        <line num="6" count="15" type="stmt"/>
        <line num="7" count="2" type="cond" truecount="2" falsecount="0"/>
        <line num="22" count="15" type="stmt"/>
        <line num="24" count="15" type="stmt"/>
        <line num="29" count="13" type="stmt"/>
        <line num="30" count="2" type="stmt"/>
        <line num="31" count="2" type="stmt"/>
        <line num="32" count="2" type="stmt"/>
        <line num="34" count="2" type="cond" truecount="2" falsecount="0"/>
        <line num="38" count="15" type="stmt"/>
        <line num="39" count="77" type="stmt"/>
        <line num="45" count="15" type="stmt"/>
        <line num="46" count="15" type="stmt"/>
      </file>
    </package>
  </project>
</coverage>
