<?xml version="1.0" encoding="UTF-8"?>
<coverage generated="1765114839546" clover="3.2.0">
  <project timestamp="1765114839547" name="All files">
    <metrics statements="221" coveredstatements="204" conditionals="107" coveredconditionals="91" methods="79" coveredmethods="76" elements="407" coveredelements="371" complexity="0" loc="221" ncloc="221" packages="6" files="16" classes="16"/>
    <package name="src">
      <metrics statements="20" coveredstatements="19" conditionals="12" coveredconditionals="12" methods="5" coveredmethods="5"/>
      <file name="App.tsx" path="F:\github\cc-config\cc-config-viewer\src\App.tsx">
        <metrics statements="20" coveredstatements="19" conditionals="12" coveredconditionals="12" methods="5" coveredmethods="5"/>
        <line num="13" count="206" type="stmt"/>
        <line num="14" count="206" type="stmt"/>
        <line num="15" count="206" type="stmt"/>
        <line num="16" count="206" type="stmt"/>
        <line num="19" count="206" type="stmt"/>
        <line num="22" count="206" type="stmt"/>
        <line num="23" count="52" type="stmt"/>
        <line num="24" count="52" type="stmt"/>
        <line num="25" count="52" type="stmt"/>
        <line num="26" count="52" type="cond" truecount="2" falsecount="0"/>
        <line num="27" count="34" type="stmt"/>
        <line num="30" count="0" type="stmt"/>
        <line num="32" count="52" type="stmt"/>
        <line num="36" count="52" type="stmt"/>
        <line num="40" count="206" type="stmt"/>
        <line num="41" count="46" type="stmt"/>
        <line num="44" count="206" type="stmt"/>
        <line num="45" count="1" type="stmt"/>
        <line num="47" count="1" type="stmt"/>
        <line num="50" count="206" type="stmt"/>
      </file>
    </package>
    <package name="src.components">
      <metrics statements="51" coveredstatements="45" conditionals="41" coveredconditionals="35" methods="14" coveredmethods="13"/>
      <file name="ConfigList.tsx" path="F:\github\cc-config\cc-config-viewer\src\components\ConfigList.tsx">
        <metrics statements="23" coveredstatements="19" conditionals="21" coveredconditionals="17" methods="5" coveredmethods="5"/>
        <line num="12" count="6" type="cond" truecount="1" falsecount="0"/>
        <line num="13" count="142" type="stmt"/>
        <line num="14" count="11" type="cond" truecount="2" falsecount="2"/>
        <line num="16" count="6" type="stmt"/>
        <line num="18" count="5" type="stmt"/>
        <line num="20" count="0" type="stmt"/>
        <line num="22" count="0" type="stmt"/>
        <line num="26" count="142" type="stmt"/>
        <line num="27" count="11" type="cond" truecount="2" falsecount="2"/>
        <line num="29" count="6" type="stmt"/>
        <line num="31" count="5" type="stmt"/>
        <line num="33" count="0" type="stmt"/>
        <line num="35" count="0" type="stmt"/>
        <line num="39" count="142" type="stmt"/>
        <line num="40" count="11" type="cond" truecount="2" falsecount="0"/>
        <line num="41" count="2" type="stmt"/>
        <line num="43" count="9" type="stmt"/>
        <line num="46" count="142" type="cond" truecount="2" falsecount="0"/>
        <line num="47" count="48" type="stmt"/>
        <line num="57" count="94" type="cond" truecount="2" falsecount="0"/>
        <line num="58" count="33" type="stmt"/>
        <line num="68" count="61" type="stmt"/>
        <line num="76" count="11" type="stmt"/>
      </file>
      <file name="ErrorBoundary.tsx" path="F:\github\cc-config\cc-config-viewer\src\components\ErrorBoundary.tsx">
        <metrics statements="11" coveredstatements="10" conditionals="6" coveredconditionals="6" methods="5" coveredmethods="4"/>
        <line num="15" count="55" type="stmt"/>
        <line num="16" count="55" type="stmt"/>
        <line num="20" count="16" type="stmt"/>
        <line num="24" count="8" type="stmt"/>
        <line num="28" count="218" type="cond" truecount="4" falsecount="0"/>
        <line num="29" count="16" type="cond" truecount="2" falsecount="0"/>
        <line num="30" count="2" type="stmt"/>
        <line num="31" count="2" type="stmt"/>
        <line num="34" count="14" type="stmt"/>
        <line num="40" count="0" type="stmt"/>
        <line num="48" count="202" type="stmt"/>
      </file>
      <file name="McpBadge.tsx" path="F:\github\cc-config\cc-config-viewer\src\components\McpBadge.tsx">
        <metrics statements="8" coveredstatements="7" conditionals="4" coveredconditionals="3" methods="2" coveredmethods="2"/>
        <line num="8" count="1" type="stmt"/>
        <line num="9" count="9" type="stmt"/>
        <line num="10" count="9" type="cond" truecount="3" falsecount="1"/>
        <line num="12" count="4" type="stmt"/>
        <line num="14" count="3" type="stmt"/>
        <line num="16" count="2" type="stmt"/>
        <line num="18" count="0" type="stmt"/>
        <line num="22" count="9" type="stmt"/>
      </file>
      <file name="ProjectTab.tsx" path="F:\github\cc-config\cc-config-viewer\src\components\ProjectTab.tsx">
        <metrics statements="9" coveredstatements="9" conditionals="10" coveredconditionals="9" methods="2" coveredmethods="2"/>
        <line num="12" count="6" type="stmt"/>
        <line num="13" count="13" type="stmt"/>
        <line num="14" count="13" type="stmt"/>
        <line num="16" count="13" type="stmt"/>
        <line num="17" count="13" type="cond" truecount="3" falsecount="1"/>
        <line num="19" count="13" type="stmt"/>
        <line num="20" count="1" type="stmt"/>
        <line num="22" count="1" type="stmt"/>
        <line num="25" count="13" type="stmt"/>
      </file>
    </package>
    <package name="src.components.ui">
      <metrics statements="17" coveredstatements="17" conditionals="3" coveredconditionals="3" methods="5" coveredmethods="5"/>
      <file name="badge.tsx" path="F:\github\cc-config\cc-config-viewer\src\components\ui\badge.tsx">
        <metrics statements="2" coveredstatements="2" conditionals="0" coveredconditionals="0" methods="1" coveredmethods="1"/>
        <line num="6" count="7" type="stmt"/>
        <line num="31" count="25" type="stmt"/>
      </file>
      <file name="button.tsx" path="F:\github\cc-config\cc-config-viewer\src\components\ui\button.tsx">
        <metrics statements="5" coveredstatements="5" conditionals="3" coveredconditionals="3" methods="1" coveredmethods="1"/>
        <line num="7" count="1" type="stmt"/>
        <line num="43" count="1" type="stmt"/>
        <line num="45" count="7" type="cond" truecount="2" falsecount="0"/>
        <line num="46" count="7" type="stmt"/>
        <line num="55" count="1" type="stmt"/>
      </file>
      <file name="tabs.tsx" path="F:\github\cc-config\cc-config-viewer\src\components\ui\tabs.tsx">
        <metrics statements="10" coveredstatements="10" conditionals="0" coveredconditionals="0" methods="3" coveredmethods="3"/>
        <line num="6" count="5" type="stmt"/>
        <line num="8" count="5" type="stmt"/>
        <line num="12" count="203" type="stmt"/>
        <line num="21" count="5" type="stmt"/>
        <line num="23" count="5" type="stmt"/>
        <line num="27" count="247" type="stmt"/>
        <line num="36" count="5" type="stmt"/>
        <line num="38" count="5" type="stmt"/>
        <line num="42" count="249" type="stmt"/>
        <line num="51" count="5" type="stmt"/>
      </file>
    </package>
    <package name="src.hooks">
      <metrics statements="20" coveredstatements="19" conditionals="4" coveredconditionals="4" methods="5" coveredmethods="5"/>
      <file name="useFileWatcher.ts" path="F:\github\cc-config\cc-config-viewer\src\hooks\useFileWatcher.ts">
        <metrics statements="20" coveredstatements="19" conditionals="4" coveredconditionals="4" methods="5" coveredmethods="5"/>
        <line num="25" count="201" type="stmt"/>
        <line num="27" count="201" type="stmt"/>
        <line num="28" count="46" type="stmt"/>
        <line num="31" count="46" type="stmt"/>
        <line num="32" count="46" type="stmt"/>
        <line num="33" count="20" type="stmt"/>
        <line num="35" count="20" type="stmt"/>
        <line num="37" count="20" type="stmt"/>
        <line num="38" count="20" type="cond" truecount="2" falsecount="0"/>
        <line num="40" count="4" type="stmt"/>
        <line num="41" count="4" type="stmt"/>
        <line num="44" count="16" type="stmt"/>
        <line num="45" count="16" type="stmt"/>
        <line num="48" count="0" type="stmt"/>
        <line num="52" count="46" type="stmt"/>
        <line num="55" count="46" type="stmt"/>
        <line num="58" count="46" type="stmt"/>
        <line num="59" count="46" type="cond" truecount="2" falsecount="0"/>
        <line num="60" count="45" type="stmt"/>
        <line num="61" count="45" type="stmt"/>
      </file>
    </package>
    <package name="src.lib">
      <metrics statements="74" coveredstatements="68" conditionals="33" coveredconditionals="28" methods="25" coveredmethods="24"/>
      <file name="configParser.ts" path="F:\github\cc-config\cc-config-viewer\src\lib\configParser.ts">
        <metrics statements="29" coveredstatements="29" conditionals="21" coveredconditionals="19" methods="15" coveredmethods="15"/>
        <line num="5" count="57" type="stmt"/>
        <line num="6" count="55" type="stmt"/>
        <line num="7" count="54" type="stmt"/>
        <line num="11" count="2" type="stmt"/>
        <line num="12" count="2" type="stmt"/>
        <line num="14" count="1" type="stmt"/>
        <line num="19" count="1" type="stmt"/>
        <line num="26" count="18" type="stmt"/>
        <line num="34" count="18" type="cond" truecount="3" falsecount="0"/>
        <line num="35" count="18" type="stmt"/>
        <line num="43" count="19" type="cond" truecount="4" falsecount="0"/>
        <line num="44" count="19" type="stmt"/>
        <line num="52" count="65" type="stmt"/>
        <line num="56" count="65" type="stmt"/>
        <line num="59" count="65" type="stmt"/>
        <line num="62" count="65" type="stmt"/>
        <line num="65" count="65" type="stmt"/>
        <line num="67" count="65" type="stmt"/>
        <line num="79" count="8" type="stmt"/>
        <line num="82" count="8" type="stmt"/>
        <line num="85" count="8" type="stmt"/>
        <line num="88" count="8" type="stmt"/>
        <line num="91" count="8" type="stmt"/>
        <line num="92" count="8" type="cond" truecount="2" falsecount="0"/>
        <line num="93" count="6" type="stmt"/>
        <line num="101" count="8" type="stmt"/>
        <line num="102" count="11" type="stmt"/>
        <line num="103" count="8" type="stmt"/>
        <line num="109" count="8" type="stmt"/>
      </file>
      <file name="projectDetection.ts" path="F:\github\cc-config\cc-config-viewer\src\lib\projectDetection.ts">
        <metrics statements="23" coveredstatements="21" conditionals="4" coveredconditionals="2" methods="3" coveredmethods="3"/>
        <line num="9" count="5" type="stmt"/>
        <line num="10" count="5" type="cond" truecount="1" falsecount="1"/>
        <line num="11" count="5" type="stmt"/>
        <line num="14" count="5" type="stmt"/>
        <line num="15" count="5" type="stmt"/>
        <line num="16" count="5" type="stmt"/>
        <line num="19" count="3" type="stmt"/>
        <line num="29" count="2" type="stmt"/>
        <line num="30" count="2" type="stmt"/>
        <line num="33" count="2" type="stmt"/>
        <line num="35" count="1" type="stmt"/>
        <line num="45" count="1" type="stmt"/>
        <line num="49" count="0" type="stmt"/>
        <line num="50" count="0" type="stmt"/>
        <line num="59" count="5" type="stmt"/>
        <line num="61" count="5" type="stmt"/>
        <line num="62" count="5" type="cond" truecount="1" falsecount="1"/>
        <line num="70" count="4" type="stmt"/>
        <line num="71" count="4" type="stmt"/>
        <line num="72" count="144" type="stmt"/>
        <line num="73" count="144" type="stmt"/>
        <line num="74" count="144" type="stmt"/>
        <line num="76" count="4" type="stmt"/>
      </file>
      <file name="tauriApi.ts" path="F:\github\cc-config\cc-config-viewer\src\lib\tauriApi.ts">
        <metrics statements="21" coveredstatements="17" conditionals="8" coveredconditionals="7" methods="6" coveredmethods="5"/>
        <line num="13" count="6" type="stmt"/>
        <line num="15" count="6" type="cond" truecount="2" falsecount="0"/>
        <line num="16" count="1" type="stmt"/>
        <line num="21" count="5" type="cond" truecount="2" falsecount="0"/>
        <line num="22" count="2" type="stmt"/>
        <line num="27" count="3" type="cond" truecount="2" falsecount="0"/>
        <line num="28" count="1" type="stmt"/>
        <line num="33" count="2" type="cond" truecount="1" falsecount="1"/>
        <line num="34" count="0" type="stmt"/>
        <line num="40" count="2" type="stmt"/>
        <line num="49" count="60" type="stmt"/>
        <line num="50" count="60" type="stmt"/>
        <line num="52" count="5" type="stmt"/>
        <line num="57" count="57" type="stmt"/>
        <line num="58" count="57" type="stmt"/>
        <line num="60" count="1" type="stmt"/>
        <line num="66" count="55" type="stmt"/>
        <line num="70" count="54" type="stmt"/>
        <line num="74" count="0" type="stmt"/>
        <line num="75" count="0" type="stmt"/>
        <line num="77" count="0" type="stmt"/>
      </file>
      <file name="utils.ts" path="F:\github\cc-config\cc-config-viewer\src\lib\utils.ts">
        <metrics statements="1" coveredstatements="1" conditionals="0" coveredconditionals="0" methods="1" coveredmethods="1"/>
        <line num="5" count="732" type="stmt"/>
      </file>
    </package>
    <package name="src.stores">
      <metrics statements="39" coveredstatements="36" conditionals="14" coveredconditionals="9" methods="25" coveredmethods="24"/>
      <file name="configStore.ts" path="F:\github\cc-config\cc-config-viewer\src\stores\configStore.ts">
        <metrics statements="28" coveredstatements="25" conditionals="12" coveredconditionals="7" methods="11" coveredmethods="10"/>
        <line num="17" count="5" type="stmt"/>
        <line num="23" count="59" type="stmt"/>
        <line num="24" count="59" type="stmt"/>
        <line num="26" count="59" type="stmt"/>
        <line num="29" count="59" type="cond" truecount="2" falsecount="0"/>
        <line num="31" count="5" type="stmt"/>
        <line num="32" count="4" type="stmt"/>
        <line num="33" count="4" type="stmt"/>
        <line num="34" count="54" type="cond" truecount="1" falsecount="1"/>
        <line num="36" count="54" type="stmt"/>
        <line num="37" count="52" type="stmt"/>
        <line num="40" count="0" type="stmt"/>
        <line num="41" count="0" type="stmt"/>
        <line num="44" count="5" type="stmt"/>
        <line num="49" count="8" type="stmt"/>
        <line num="50" count="8" type="stmt"/>
        <line num="56" count="54" type="stmt"/>
        <line num="63" count="2" type="stmt"/>
        <line num="64" count="2" type="stmt"/>
        <line num="69" count="2" type="stmt"/>
        <line num="70" count="2" type="stmt"/>
        <line num="71" count="2" type="cond" truecount="1" falsecount="1"/>
        <line num="72" count="0" type="stmt"/>
        <line num="74" count="2" type="stmt"/>
        <line num="76" count="2" type="stmt"/>
        <line num="79" count="4" type="stmt"/>
        <line num="80" count="2" type="stmt"/>
        <line num="82" count="1" type="stmt"/>
      </file>
      <file name="projectsStore.ts" path="F:\github\cc-config\cc-config-viewer\src\stores\projectsStore.ts">
        <metrics statements="5" coveredstatements="5" conditionals="0" coveredconditionals="0" methods="7" coveredmethods="7"/>
        <line num="12" count="4" type="stmt"/>
        <line num="15" count="35" type="stmt"/>
        <line num="17" count="2" type="stmt"/>
        <line num="19" count="1" type="stmt"/>
        <line num="20" count="2" type="stmt"/>
      </file>
      <file name="uiStore.ts" path="F:\github\cc-config\cc-config-viewer\src\stores\uiStore.ts">
        <metrics statements="6" coveredstatements="6" conditionals="2" coveredconditionals="2" methods="7" coveredmethods="7"/>
        <line num="15" count="5" type="stmt"/>
        <line num="20" count="8" type="stmt"/>
        <line num="21" count="1" type="stmt"/>
        <line num="22" count="1" type="stmt"/>
        <line num="23" count="1" type="stmt"/>
        <line num="25" count="2" type="cond" truecount="2" falsecount="0"/>
      </file>
    </package>
  </project>
</coverage>
