{"F:\\github\\cc-config\\cc-config-viewer\\src\\App.tsx": {"path":"F:\\github\\cc-config\\cc-config-viewer\\src\\App.tsx","statementMap":{"0":{"start":{"line":13,"column":40},"end":{"line":13,"column":null}},"1":{"start":{"line":14,"column":51},"end":{"line":14,"column":null}},"2":{"start":{"line":15,"column":42},"end":{"line":15,"column":null}},"3":{"start":{"line":16,"column":36},"end":{"line":16,"column":null}},"4":{"start":{"line":19,"column":2},"end":{"line":19,"column":null}},"5":{"start":{"line":22,"column":2},"end":{"line":37,"column":null}},"6":{"start":{"line":23,"column":24},"end":{"line":34,"column":null}},"7":{"start":{"line":24,"column":6},"end":{"line":33,"column":null}},"8":{"start":{"line":25,"column":24},"end":{"line":25,"column":null}},"9":{"start":{"line":26,"column":8},"end":{"line":28,"column":null}},"10":{"start":{"line":27,"column":10},"end":{"line":27,"column":null}},"11":{"start":{"line":30,"column":8},"end":{"line":30,"column":null}},"12":{"start":{"line":32,"column":8},"end":{"line":32,"column":null}},"13":{"start":{"line":36,"column":4},"end":{"line":36,"column":null}},"14":{"start":{"line":40,"column":2},"end":{"line":42,"column":null}},"15":{"start":{"line":41,"column":4},"end":{"line":41,"column":null}},"16":{"start":{"line":44,"column":26},"end":{"line":48,"column":null}},"17":{"start":{"line":45,"column":4},"end":{"line":45,"column":null}},"18":{"start":{"line":47,"column":4},"end":{"line":47,"column":null}},"19":{"start":{"line":50,"column":2},"end":{"line":91,"column":null}}},"fnMap":{"0":{"name":"App","decl":{"start":{"line":12,"column":9},"end":{"line":12,"column":15}},"loc":{"start":{"line":12,"column":15},"end":{"line":93,"column":null}},"line":12},"1":{"name":"(anonymous_1)","decl":{"start":{"line":22,"column":12},"end":{"line":22,"column":18}},"loc":{"start":{"line":22,"column":18},"end":{"line":37,"column":5}},"line":22},"2":{"name":"(anonymous_2)","decl":{"start":{"line":23,"column":24},"end":{"line":23,"column":36}},"loc":{"start":{"line":23,"column":36},"end":{"line":34,"column":null}},"line":23},"3":{"name":"(anonymous_3)","decl":{"start":{"line":40,"column":12},"end":{"line":40,"column":18}},"loc":{"start":{"line":40,"column":18},"end":{"line":42,"column":5}},"line":40},"4":{"name":"(anonymous_4)","decl":{"start":{"line":44,"column":26},"end":{"line":44,"column":27}},"loc":{"start":{"line":44,"column":45},"end":{"line":48,"column":null}},"line":44}},"branchMap":{"0":{"loc":{"start":{"line":26,"column":8},"end":{"line":28,"column":null}},"type":"if","locations":[{"start":{"line":26,"column":8},"end":{"line":28,"column":null}},{"start":{},"end":{}}],"line":26},"1":{"loc":{"start":{"line":62,"column":43},"end":{"line":66,"column":null}},"type":"binary-expr","locations":[{"start":{"line":63,"column":16},"end":{"line":63,"column":33}},{"start":{"line":63,"column":33},"end":{"line":63,"column":69}},{"start":{"line":63,"column":69},"end":{"line":63,"column":null}},{"start":{"line":64,"column":16},"end":{"line":66,"column":null}}],"line":62},"2":{"loc":{"start":{"line":65,"column":19},"end":{"line":65,"column":null}},"type":"binary-expr","locations":[{"start":{"line":65,"column":19},"end":{"line":65,"column":42}},{"start":{"line":65,"column":42},"end":{"line":65,"column":null}}],"line":65},"3":{"loc":{"start":{"line":76,"column":12},"end":{"line":86,"column":null}},"type":"binary-expr","locations":[{"start":{"line":77,"column":14},"end":{"line":77,"column":31}},{"start":{"line":77,"column":31},"end":{"line":77,"column":67}},{"start":{"line":77,"column":67},"end":{"line":77,"column":null}},{"start":{"line":78,"column":14},"end":{"line":86,"column":null}}],"line":76}},"s":{"0":206,"1":206,"2":206,"3":206,"4":206,"5":206,"6":52,"7":52,"8":52,"9":52,"10":34,"11":0,"12":52,"13":52,"14":206,"15":46,"16":206,"17":1,"18":1,"19":206},"f":{"0":206,"1":52,"2":52,"3":46,"4":1},"b":{"0":[34,18],"1":[206,18,201,46],"2":[46,6],"3":[206,18,201,46]},"meta":{"lastBranch":4,"lastFunction":5,"lastStatement":20,"seen":{"f:12:9:12:15":0,"s:13:40:13:Infinity":0,"s:14:51:14:Infinity":1,"s:15:42:15:Infinity":2,"s:16:36:16:Infinity":3,"s:19:2:19:Infinity":4,"s:22:2:37:Infinity":5,"f:22:12:22:18":1,"s:23:24:34:Infinity":6,"f:23:24:23:36":2,"s:24:6:33:Infinity":7,"s:25:24:25:Infinity":8,"b:26:8:28:Infinity:undefined:undefined:undefined:undefined":0,"s:26:8:28:Infinity":9,"s:27:10:27:Infinity":10,"s:30:8:30:Infinity":11,"s:32:8:32:Infinity":12,"s:36:4:36:Infinity":13,"s:40:2:42:Infinity":14,"f:40:12:40:18":3,"s:41:4:41:Infinity":15,"s:44:26:48:Infinity":16,"f:44:26:44:27":4,"s:45:4:45:Infinity":17,"s:47:4:47:Infinity":18,"s:50:2:91:Infinity":19,"b:63:16:63:33:63:33:63:69:63:69:63:Infinity:64:16:66:Infinity":1,"b:65:19:65:42:65:42:65:Infinity":2,"b:77:14:77:31:77:31:77:67:77:67:77:Infinity:78:14:86:Infinity":3}}}
,"F:\\github\\cc-config\\cc-config-viewer\\src\\components\\ConfigList.tsx": {"path":"F:\\github\\cc-config\\cc-config-viewer\\src\\components\\ConfigList.tsx","statementMap":{"0":{"start":{"line":12,"column":13},"end":{"line":112,"column":null}},"1":{"start":{"line":13,"column":32},"end":{"line":24,"column":null}},"2":{"start":{"line":14,"column":4},"end":{"line":23,"column":null}},"3":{"start":{"line":16,"column":8},"end":{"line":16,"column":null}},"4":{"start":{"line":18,"column":8},"end":{"line":18,"column":null}},"5":{"start":{"line":20,"column":8},"end":{"line":20,"column":null}},"6":{"start":{"line":22,"column":8},"end":{"line":22,"column":null}},"7":{"start":{"line":26,"column":34},"end":{"line":37,"column":null}},"8":{"start":{"line":27,"column":4},"end":{"line":36,"column":null}},"9":{"start":{"line":29,"column":8},"end":{"line":29,"column":null}},"10":{"start":{"line":31,"column":8},"end":{"line":31,"column":null}},"11":{"start":{"line":33,"column":8},"end":{"line":33,"column":null}},"12":{"start":{"line":35,"column":8},"end":{"line":35,"column":null}},"13":{"start":{"line":39,"column":22},"end":{"line":44,"column":null}},"14":{"start":{"line":40,"column":4},"end":{"line":42,"column":null}},"15":{"start":{"line":41,"column":6},"end":{"line":41,"column":null}},"16":{"start":{"line":43,"column":4},"end":{"line":43,"column":null}},"17":{"start":{"line":46,"column":2},"end":{"line":55,"column":null}},"18":{"start":{"line":47,"column":4},"end":{"line":53,"column":null}},"19":{"start":{"line":57,"column":2},"end":{"line":66,"column":null}},"20":{"start":{"line":58,"column":4},"end":{"line":64,"column":null}},"21":{"start":{"line":68,"column":2},"end":{"line":110,"column":null}},"22":{"start":{"line":76,"column":12},"end":{"line":106,"column":null}}},"fnMap":{"0":{"name":"(anonymous_0)","decl":{"start":{"line":12,"column":58},"end":{"line":12,"column":59}},"loc":{"start":{"line":12,"column":118},"end":{"line":112,"column":1}},"line":12},"1":{"name":"(anonymous_1)","decl":{"start":{"line":13,"column":32},"end":{"line":13,"column":33}},"loc":{"start":{"line":13,"column":78},"end":{"line":24,"column":null}},"line":13},"2":{"name":"(anonymous_2)","decl":{"start":{"line":26,"column":34},"end":{"line":26,"column":35}},"loc":{"start":{"line":26,"column":80},"end":{"line":37,"column":null}},"line":26},"3":{"name":"(anonymous_3)","decl":{"start":{"line":39,"column":22},"end":{"line":39,"column":23}},"loc":{"start":{"line":39,"column":38},"end":{"line":44,"column":null}},"line":39},"4":{"name":"(anonymous_4)","decl":{"start":{"line":75,"column":23},"end":{"line":75,"column":24}},"loc":{"start":{"line":76,"column":12},"end":{"line":106,"column":null}},"line":76}},"branchMap":{"0":{"loc":{"start":{"line":12,"column":70},"end":{"line":12,"column":95}},"type":"default-arg","locations":[{"start":{"line":12,"column":78},"end":{"line":12,"column":95}}],"line":12},"1":{"loc":{"start":{"line":14,"column":4},"end":{"line":23,"column":null}},"type":"switch","locations":[{"start":{"line":15,"column":6},"end":{"line":16,"column":null}},{"start":{"line":17,"column":6},"end":{"line":18,"column":null}},{"start":{"line":19,"column":6},"end":{"line":20,"column":null}},{"start":{"line":21,"column":6},"end":{"line":22,"column":null}}],"line":14},"2":{"loc":{"start":{"line":27,"column":4},"end":{"line":36,"column":null}},"type":"switch","locations":[{"start":{"line":28,"column":6},"end":{"line":29,"column":null}},{"start":{"line":30,"column":6},"end":{"line":31,"column":null}},{"start":{"line":32,"column":6},"end":{"line":33,"column":null}},{"start":{"line":34,"column":6},"end":{"line":35,"column":null}}],"line":27},"3":{"loc":{"start":{"line":40,"column":4},"end":{"line":42,"column":null}},"type":"if","locations":[{"start":{"line":40,"column":4},"end":{"line":42,"column":null}},{"start":{},"end":{}}],"line":40},"4":{"loc":{"start":{"line":46,"column":2},"end":{"line":55,"column":null}},"type":"if","locations":[{"start":{"line":46,"column":2},"end":{"line":55,"column":null}},{"start":{},"end":{}}],"line":46},"5":{"loc":{"start":{"line":57,"column":2},"end":{"line":66,"column":null}},"type":"if","locations":[{"start":{"line":57,"column":2},"end":{"line":66,"column":null}},{"start":{},"end":{}}],"line":57},"6":{"loc":{"start":{"line":71,"column":7},"end":{"line":108,"column":null}},"type":"cond-expr","locations":[{"start":{"line":72,"column":8},"end":{"line":72,"column":null}},{"start":{"line":74,"column":8},"end":{"line":108,"column":null}}],"line":71},"7":{"loc":{"start":{"line":83,"column":19},"end":{"line":86,"column":null}},"type":"binary-expr","locations":[{"start":{"line":83,"column":19},"end":{"line":83,"column":null}},{"start":{"line":84,"column":20},"end":{"line":86,"column":null}}],"line":83},"8":{"loc":{"start":{"line":88,"column":19},"end":{"line":91,"column":null}},"type":"binary-expr","locations":[{"start":{"line":88,"column":19},"end":{"line":88,"column":null}},{"start":{"line":89,"column":20},"end":{"line":91,"column":null}}],"line":88}},"s":{"0":6,"1":142,"2":11,"3":6,"4":5,"5":0,"6":0,"7":142,"8":11,"9":6,"10":5,"11":0,"12":0,"13":142,"14":11,"15":2,"16":9,"17":142,"18":48,"19":94,"20":33,"21":61,"22":11},"f":{"0":142,"1":11,"2":11,"3":11,"4":11},"b":{"0":[142],"1":[6,5,0,0],"2":[6,5,0,0],"3":[2,9],"4":[48,94],"5":[33,61],"6":[53,8],"7":[11,1],"8":[11,1]},"meta":{"lastBranch":9,"lastFunction":5,"lastStatement":23,"seen":{"s:12:13:112:Infinity":0,"f:12:58:12:59":0,"b:12:78:12:95":0,"s:13:32:24:Infinity":1,"f:13:32:13:33":1,"b:15:6:16:Infinity:17:6:18:Infinity:19:6:20:Infinity:21:6:22:Infinity":1,"s:14:4:23:Infinity":2,"s:16:8:16:Infinity":3,"s:18:8:18:Infinity":4,"s:20:8:20:Infinity":5,"s:22:8:22:Infinity":6,"s:26:34:37:Infinity":7,"f:26:34:26:35":2,"b:28:6:29:Infinity:30:6:31:Infinity:32:6:33:Infinity:34:6:35:Infinity":2,"s:27:4:36:Infinity":8,"s:29:8:29:Infinity":9,"s:31:8:31:Infinity":10,"s:33:8:33:Infinity":11,"s:35:8:35:Infinity":12,"s:39:22:44:Infinity":13,"f:39:22:39:23":3,"b:40:4:42:Infinity:undefined:undefined:undefined:undefined":3,"s:40:4:42:Infinity":14,"s:41:6:41:Infinity":15,"s:43:4:43:Infinity":16,"b:46:2:55:Infinity:undefined:undefined:undefined:undefined":4,"s:46:2:55:Infinity":17,"s:47:4:53:Infinity":18,"b:57:2:66:Infinity:undefined:undefined:undefined:undefined":5,"s:57:2:66:Infinity":19,"s:58:4:64:Infinity":20,"s:68:2:110:Infinity":21,"b:72:8:72:Infinity:74:8:108:Infinity":6,"f:75:23:75:24":4,"s:76:12:106:Infinity":22,"b:83:19:83:Infinity:84:20:86:Infinity":7,"b:88:19:88:Infinity:89:20:91:Infinity":8}}}
,"F:\\github\\cc-config\\cc-config-viewer\\src\\components\\ErrorBoundary.tsx": {"path":"F:\\github\\cc-config\\cc-config-viewer\\src\\components\\ErrorBoundary.tsx","statementMap":{"0":{"start":{"line":15,"column":4},"end":{"line":15,"column":null}},"1":{"start":{"line":16,"column":4},"end":{"line":16,"column":null}},"2":{"start":{"line":20,"column":4},"end":{"line":20,"column":null}},"3":{"start":{"line":24,"column":4},"end":{"line":24,"column":null}},"4":{"start":{"line":28,"column":4},"end":{"line":46,"column":null}},"5":{"start":{"line":29,"column":6},"end":{"line":32,"column":null}},"6":{"start":{"line":30,"column":34},"end":{"line":30,"column":null}},"7":{"start":{"line":31,"column":8},"end":{"line":31,"column":null}},"8":{"start":{"line":34,"column":6},"end":{"line":44,"column":null}},"9":{"start":{"line":40,"column":27},"end":{"line":40,"column":null}},"10":{"start":{"line":48,"column":4},"end":{"line":48,"column":null}}},"fnMap":{"0":{"name":"(anonymous_0)","decl":{"start":{"line":14,"column":2},"end":{"line":14,"column":14}},"loc":{"start":{"line":14,"column":41},"end":{"line":17,"column":null}},"line":14},"1":{"name":"(anonymous_1)","decl":{"start":{"line":19,"column":9},"end":{"line":19,"column":34}},"loc":{"start":{"line":19,"column":68},"end":{"line":21,"column":null}},"line":19},"2":{"name":"(anonymous_2)","decl":{"start":{"line":23,"column":2},"end":{"line":23,"column":20}},"loc":{"start":{"line":23,"column":62},"end":{"line":25,"column":null}},"line":23},"3":{"name":"(anonymous_3)","decl":{"start":{"line":27,"column":2},"end":{"line":27,"column":11}},"loc":{"start":{"line":27,"column":11},"end":{"line":49,"column":null}},"line":27},"4":{"name":"(anonymous_4)","decl":{"start":{"line":40,"column":21},"end":{"line":40,"column":27}},"loc":{"start":{"line":40,"column":27},"end":{"line":40,"column":null}},"line":40}},"branchMap":{"0":{"loc":{"start":{"line":28,"column":4},"end":{"line":46,"column":null}},"type":"if","locations":[{"start":{"line":28,"column":4},"end":{"line":46,"column":null}},{"start":{},"end":{}}],"line":28},"1":{"loc":{"start":{"line":28,"column":8},"end":{"line":28,"column":49}},"type":"binary-expr","locations":[{"start":{"line":28,"column":8},"end":{"line":28,"column":31}},{"start":{"line":28,"column":31},"end":{"line":28,"column":49}}],"line":28},"2":{"loc":{"start":{"line":29,"column":6},"end":{"line":32,"column":null}},"type":"if","locations":[{"start":{"line":29,"column":6},"end":{"line":32,"column":null}},{"start":{},"end":{}}],"line":29}},"s":{"0":55,"1":55,"2":16,"3":8,"4":218,"5":16,"6":2,"7":2,"8":14,"9":0,"10":202},"f":{"0":55,"1":5,"2":8,"3":218,"4":0},"b":{"0":[16,202],"1":[218,16],"2":[2,14]},"meta":{"lastBranch":3,"lastFunction":5,"lastStatement":11,"seen":{"f:14:2:14:14":0,"s:15:4:15:Infinity":0,"s:16:4:16:Infinity":1,"f:19:9:19:34":1,"s:20:4:20:Infinity":2,"f:23:2:23:20":2,"s:24:4:24:Infinity":3,"f:27:2:27:11":3,"b:28:4:46:Infinity:undefined:undefined:undefined:undefined":0,"s:28:4:46:Infinity":4,"b:28:8:28:31:28:31:28:49":1,"b:29:6:32:Infinity:undefined:undefined:undefined:undefined":2,"s:29:6:32:Infinity":5,"s:30:34:30:Infinity":6,"s:31:8:31:Infinity":7,"s:34:6:44:Infinity":8,"f:40:21:40:27":4,"s:40:27:40:Infinity":9,"s:48:4:48:Infinity":10}}}
,"F:\\github\\cc-config\\cc-config-viewer\\src\\components\\McpBadge.tsx": {"path":"F:\\github\\cc-config\\cc-config-viewer\\src\\components\\McpBadge.tsx","statementMap":{"0":{"start":{"line":8,"column":49},"end":{"line":32,"column":null}},"1":{"start":{"line":9,"column":25},"end":{"line":20,"column":null}},"2":{"start":{"line":10,"column":4},"end":{"line":19,"column":null}},"3":{"start":{"line":12,"column":8},"end":{"line":12,"column":null}},"4":{"start":{"line":14,"column":8},"end":{"line":14,"column":null}},"5":{"start":{"line":16,"column":8},"end":{"line":16,"column":null}},"6":{"start":{"line":18,"column":8},"end":{"line":18,"column":null}},"7":{"start":{"line":22,"column":2},"end":{"line":30,"column":null}}},"fnMap":{"0":{"name":"(anonymous_0)","decl":{"start":{"line":8,"column":49},"end":{"line":8,"column":50}},"loc":{"start":{"line":8,"column":65},"end":{"line":32,"column":null}},"line":8},"1":{"name":"(anonymous_1)","decl":{"start":{"line":9,"column":25},"end":{"line":9,"column":26}},"loc":{"start":{"line":9,"column":58},"end":{"line":20,"column":null}},"line":9}},"branchMap":{"0":{"loc":{"start":{"line":10,"column":4},"end":{"line":19,"column":null}},"type":"switch","locations":[{"start":{"line":11,"column":6},"end":{"line":12,"column":null}},{"start":{"line":13,"column":6},"end":{"line":14,"column":null}},{"start":{"line":15,"column":6},"end":{"line":16,"column":null}},{"start":{"line":17,"column":6},"end":{"line":18,"column":null}}],"line":10}},"s":{"0":1,"1":9,"2":9,"3":4,"4":3,"5":2,"6":0,"7":9},"f":{"0":9,"1":9},"b":{"0":[4,3,2,0]},"meta":{"lastBranch":1,"lastFunction":2,"lastStatement":8,"seen":{"s:8:49:32:Infinity":0,"f:8:49:8:50":0,"s:9:25:20:Infinity":1,"f:9:25:9:26":1,"b:11:6:12:Infinity:13:6:14:Infinity:15:6:16:Infinity:17:6:18:Infinity":0,"s:10:4:19:Infinity":2,"s:12:8:12:Infinity":3,"s:14:8:14:Infinity":4,"s:16:8:16:Infinity":5,"s:18:8:18:Infinity":6,"s:22:2:30:Infinity":7}}}
,"F:\\github\\cc-config\\cc-config-viewer\\src\\components\\ProjectTab.tsx": {"path":"F:\\github\\cc-config\\cc-config-viewer\\src\\components\\ProjectTab.tsx","statementMap":{"0":{"start":{"line":12,"column":13},"end":{"line":47,"column":null}},"1":{"start":{"line":13,"column":40},"end":{"line":13,"column":null}},"2":{"start":{"line":14,"column":24},"end":{"line":14,"column":null}},"3":{"start":{"line":16,"column":19},"end":{"line":16,"column":null}},"4":{"start":{"line":17,"column":16},"end":{"line":17,"column":null}},"5":{"start":{"line":19,"column":22},"end":{"line":23,"column":null}},"6":{"start":{"line":20,"column":4},"end":{"line":20,"column":null}},"7":{"start":{"line":22,"column":4},"end":{"line":22,"column":null}},"8":{"start":{"line":25,"column":2},"end":{"line":45,"column":null}}},"fnMap":{"0":{"name":"(anonymous_0)","decl":{"start":{"line":12,"column":58},"end":{"line":12,"column":59}},"loc":{"start":{"line":12,"column":82},"end":{"line":47,"column":1}},"line":12},"1":{"name":"(anonymous_1)","decl":{"start":{"line":19,"column":22},"end":{"line":19,"column":28}},"loc":{"start":{"line":19,"column":28},"end":{"line":23,"column":null}},"line":19}},"branchMap":{"0":{"loc":{"start":{"line":17,"column":16},"end":{"line":17,"column":null}},"type":"cond-expr","locations":[{"start":{"line":17,"column":35},"end":{"line":17,"column":44}},{"start":{"line":17,"column":44},"end":{"line":17,"column":null}}],"line":17},"1":{"loc":{"start":{"line":17,"column":44},"end":{"line":17,"column":null}},"type":"binary-expr","locations":[{"start":{"line":17,"column":44},"end":{"line":17,"column":61}},{"start":{"line":17,"column":61},"end":{"line":17,"column":null}}],"line":17},"2":{"loc":{"start":{"line":28,"column":8},"end":{"line":30,"column":null}},"type":"cond-expr","locations":[{"start":{"line":29,"column":12},"end":{"line":29,"column":null}},{"start":{"line":30,"column":12},"end":{"line":30,"column":null}}],"line":28},"3":{"loc":{"start":{"line":35,"column":7},"end":{"line":38,"column":null}},"type":"binary-expr","locations":[{"start":{"line":35,"column":7},"end":{"line":35,"column":null}},{"start":{"line":36,"column":8},"end":{"line":38,"column":null}}],"line":35},"4":{"loc":{"start":{"line":40,"column":7},"end":{"line":43,"column":null}},"type":"binary-expr","locations":[{"start":{"line":40,"column":7},"end":{"line":40,"column":null}},{"start":{"line":41,"column":8},"end":{"line":43,"column":null}}],"line":40}},"s":{"0":6,"1":13,"2":13,"3":13,"4":13,"5":13,"6":1,"7":1,"8":13},"f":{"0":13,"1":1},"b":{"0":[5,7],"1":[7,0],"2":[8,4],"3":[13,5],"4":[13,7]},"meta":{"lastBranch":5,"lastFunction":2,"lastStatement":9,"seen":{"s:12:13:47:Infinity":0,"f:12:58:12:59":0,"s:13:40:13:Infinity":1,"s:14:24:14:Infinity":2,"s:16:19:16:Infinity":3,"s:17:16:17:Infinity":4,"b:17:35:17:44:17:44:17:Infinity":0,"b:17:44:17:61:17:61:17:Infinity":1,"s:19:22:23:Infinity":5,"f:19:22:19:28":1,"s:20:4:20:Infinity":6,"s:22:4:22:Infinity":7,"s:25:2:45:Infinity":8,"b:29:12:29:Infinity:30:12:30:Infinity":2,"b:35:7:35:Infinity:36:8:38:Infinity":3,"b:40:7:40:Infinity:41:8:43:Infinity":4}}}
,"F:\\github\\cc-config\\cc-config-viewer\\src\\components\\ui\\badge.tsx": {"path":"F:\\github\\cc-config\\cc-config-viewer\\src\\components\\ui\\badge.tsx","statementMap":{"0":{"start":{"line":6,"column":6},"end":{"line":24,"column":null}},"1":{"start":{"line":31,"column":2},"end":{"line":32,"column":null}}},"fnMap":{"0":{"name":"Badge","decl":{"start":{"line":30,"column":9},"end":{"line":30,"column":15}},"loc":{"start":{"line":30,"column":61},"end":{"line":34,"column":null}},"line":30}},"branchMap":{},"s":{"0":7,"1":25},"f":{"0":25},"b":{},"meta":{"lastBranch":0,"lastFunction":1,"lastStatement":2,"seen":{"s:6:6:24:Infinity":0,"f:30:9:30:15":0,"s:31:2:32:Infinity":1}}}
,"F:\\github\\cc-config\\cc-config-viewer\\src\\components\\ui\\button.tsx": {"path":"F:\\github\\cc-config\\cc-config-viewer\\src\\components\\ui\\button.tsx","statementMap":{"0":{"start":{"line":7,"column":6},"end":{"line":35,"column":null}},"1":{"start":{"line":43,"column":15},"end":{"line":54,"column":null}},"2":{"start":{"line":45,"column":17},"end":{"line":45,"column":null}},"3":{"start":{"line":46,"column":4},"end":{"line":51,"column":null}},"4":{"start":{"line":55,"column":0},"end":{"line":55,"column":null}}},"fnMap":{"0":{"name":"(anonymous_0)","decl":{"start":{"line":44,"column":2},"end":{"line":44,"column":3}},"loc":{"start":{"line":44,"column":68},"end":{"line":53,"column":null}},"line":44}},"branchMap":{"0":{"loc":{"start":{"line":44,"column":31},"end":{"line":44,"column":48}},"type":"default-arg","locations":[{"start":{"line":44,"column":41},"end":{"line":44,"column":48}}],"line":44},"1":{"loc":{"start":{"line":45,"column":17},"end":{"line":45,"column":null}},"type":"cond-expr","locations":[{"start":{"line":45,"column":27},"end":{"line":45,"column":34}},{"start":{"line":45,"column":34},"end":{"line":45,"column":null}}],"line":45}},"s":{"0":1,"1":1,"2":7,"3":7,"4":1},"f":{"0":7},"b":{"0":[7],"1":[1,6]},"meta":{"lastBranch":2,"lastFunction":1,"lastStatement":5,"seen":{"s:7:6:35:Infinity":0,"s:43:15:54:Infinity":1,"f:44:2:44:3":0,"b:44:41:44:48":0,"s:45:17:45:Infinity":2,"b:45:27:45:34:45:34:45:Infinity":1,"s:46:4:51:Infinity":3,"s:55:0:55:Infinity":4}}}
,"F:\\github\\cc-config\\cc-config-viewer\\src\\components\\ui\\tabs.tsx": {"path":"F:\\github\\cc-config\\cc-config-viewer\\src\\components\\ui\\tabs.tsx","statementMap":{"0":{"start":{"line":6,"column":13},"end":{"line":6,"column":null}},"1":{"start":{"line":8,"column":17},"end":{"line":20,"column":null}},"2":{"start":{"line":12,"column":2},"end":{"line":19,"column":null}},"3":{"start":{"line":21,"column":0},"end":{"line":21,"column":null}},"4":{"start":{"line":23,"column":20},"end":{"line":35,"column":null}},"5":{"start":{"line":27,"column":2},"end":{"line":34,"column":null}},"6":{"start":{"line":36,"column":0},"end":{"line":36,"column":null}},"7":{"start":{"line":38,"column":20},"end":{"line":50,"column":null}},"8":{"start":{"line":42,"column":2},"end":{"line":49,"column":null}},"9":{"start":{"line":51,"column":0},"end":{"line":51,"column":null}}},"fnMap":{"0":{"name":"(anonymous_0)","decl":{"start":{"line":11,"column":2},"end":{"line":11,"column":3}},"loc":{"start":{"line":12,"column":2},"end":{"line":19,"column":null}},"line":12},"1":{"name":"(anonymous_1)","decl":{"start":{"line":26,"column":2},"end":{"line":26,"column":3}},"loc":{"start":{"line":27,"column":2},"end":{"line":34,"column":null}},"line":27},"2":{"name":"(anonymous_2)","decl":{"start":{"line":41,"column":2},"end":{"line":41,"column":3}},"loc":{"start":{"line":42,"column":2},"end":{"line":49,"column":null}},"line":42}},"branchMap":{},"s":{"0":5,"1":5,"2":203,"3":5,"4":5,"5":247,"6":5,"7":5,"8":249,"9":5},"f":{"0":203,"1":247,"2":249},"b":{},"meta":{"lastBranch":0,"lastFunction":3,"lastStatement":10,"seen":{"s:6:13:6:Infinity":0,"s:8:17:20:Infinity":1,"f:11:2:11:3":0,"s:12:2:19:Infinity":2,"s:21:0:21:Infinity":3,"s:23:20:35:Infinity":4,"f:26:2:26:3":1,"s:27:2:34:Infinity":5,"s:36:0:36:Infinity":6,"s:38:20:50:Infinity":7,"f:41:2:41:3":2,"s:42:2:49:Infinity":8,"s:51:0:51:Infinity":9}}}
,"F:\\github\\cc-config\\cc-config-viewer\\src\\hooks\\useFileWatcher.ts": {"path":"F:\\github\\cc-config\\cc-config-viewer\\src\\hooks\\useFileWatcher.ts","statementMap":{"0":{"start":{"line":25,"column":38},"end":{"line":25,"column":null}},"1":{"start":{"line":27,"column":2},"end":{"line":64,"column":null}},"2":{"start":{"line":28,"column":38},"end":{"line":28,"column":null}},"3":{"start":{"line":31,"column":26},"end":{"line":53,"column":null}},"4":{"start":{"line":32,"column":6},"end":{"line":50,"column":null}},"5":{"start":{"line":33,"column":37},"end":{"line":33,"column":null}},"6":{"start":{"line":35,"column":8},"end":{"line":35,"column":null}},"7":{"start":{"line":37,"column":8},"end":{"line":49,"column":null}},"8":{"start":{"line":38,"column":10},"end":{"line":46,"column":null}},"9":{"start":{"line":40,"column":12},"end":{"line":40,"column":null}},"10":{"start":{"line":41,"column":12},"end":{"line":41,"column":null}},"11":{"start":{"line":44,"column":12},"end":{"line":44,"column":null}},"12":{"start":{"line":45,"column":12},"end":{"line":45,"column":null}},"13":{"start":{"line":48,"column":10},"end":{"line":48,"column":null}},"14":{"start":{"line":52,"column":6},"end":{"line":52,"column":null}},"15":{"start":{"line":55,"column":4},"end":{"line":55,"column":null}},"16":{"start":{"line":58,"column":4},"end":{"line":63,"column":null}},"17":{"start":{"line":59,"column":6},"end":{"line":62,"column":null}},"18":{"start":{"line":60,"column":8},"end":{"line":60,"column":null}},"19":{"start":{"line":61,"column":8},"end":{"line":61,"column":null}}},"fnMap":{"0":{"name":"useFileWatcher","decl":{"start":{"line":24,"column":16},"end":{"line":24,"column":33}},"loc":{"start":{"line":24,"column":33},"end":{"line":65,"column":null}},"line":24},"1":{"name":"(anonymous_1)","decl":{"start":{"line":27,"column":12},"end":{"line":27,"column":18}},"loc":{"start":{"line":27,"column":18},"end":{"line":64,"column":5}},"line":27},"2":{"name":"(anonymous_2)","decl":{"start":{"line":31,"column":26},"end":{"line":31,"column":38}},"loc":{"start":{"line":31,"column":38},"end":{"line":53,"column":null}},"line":31},"3":{"name":"(anonymous_3)","decl":{"start":{"line":32,"column":68},"end":{"line":32,"column":75}},"loc":{"start":{"line":32,"column":85},"end":{"line":50,"column":7}},"line":32},"4":{"name":"(anonymous_4)","decl":{"start":{"line":58,"column":11},"end":{"line":58,"column":17}},"loc":{"start":{"line":58,"column":17},"end":{"line":63,"column":null}},"line":58}},"branchMap":{"0":{"loc":{"start":{"line":38,"column":10},"end":{"line":46,"column":null}},"type":"if","locations":[{"start":{"line":38,"column":10},"end":{"line":46,"column":null}},{"start":{"line":42,"column":17},"end":{"line":46,"column":null}}],"line":38},"1":{"loc":{"start":{"line":59,"column":6},"end":{"line":62,"column":null}},"type":"if","locations":[{"start":{"line":59,"column":6},"end":{"line":62,"column":null}},{"start":{},"end":{}}],"line":59}},"s":{"0":201,"1":201,"2":46,"3":46,"4":46,"5":20,"6":20,"7":20,"8":20,"9":4,"10":4,"11":16,"12":16,"13":0,"14":46,"15":46,"16":46,"17":46,"18":45,"19":45},"f":{"0":201,"1":46,"2":46,"3":20,"4":46},"b":{"0":[4,16],"1":[45,1]},"meta":{"lastBranch":2,"lastFunction":5,"lastStatement":20,"seen":{"f:24:16:24:33":0,"s:25:38:25:Infinity":0,"s:27:2:64:Infinity":1,"f:27:12:27:18":1,"s:28:38:28:Infinity":2,"s:31:26:53:Infinity":3,"f:31:26:31:38":2,"s:32:6:50:Infinity":4,"f:32:68:32:75":3,"s:33:37:33:Infinity":5,"s:35:8:35:Infinity":6,"s:37:8:49:Infinity":7,"b:38:10:46:Infinity:42:17:46:Infinity":0,"s:38:10:46:Infinity":8,"s:40:12:40:Infinity":9,"s:41:12:41:Infinity":10,"s:44:12:44:Infinity":11,"s:45:12:45:Infinity":12,"s:48:10:48:Infinity":13,"s:52:6:52:Infinity":14,"s:55:4:55:Infinity":15,"s:58:4:63:Infinity":16,"f:58:11:58:17":4,"b:59:6:62:Infinity:undefined:undefined:undefined:undefined":1,"s:59:6:62:Infinity":17,"s:60:8:60:Infinity":18,"s:61:8:61:Infinity":19}}}
,"F:\\github\\cc-config\\cc-config-viewer\\src\\lib\\configParser.ts": {"path":"F:\\github\\cc-config\\cc-config-viewer\\src\\lib\\configParser.ts","statementMap":{"0":{"start":{"line":5,"column":18},"end":{"line":5,"column":null}},"1":{"start":{"line":6,"column":17},"end":{"line":6,"column":null}},"2":{"start":{"line":7,"column":2},"end":{"line":7,"column":null}},"3":{"start":{"line":11,"column":2},"end":{"line":15,"column":null}},"4":{"start":{"line":12,"column":4},"end":{"line":12,"column":null}},"5":{"start":{"line":14,"column":4},"end":{"line":14,"column":null}},"6":{"start":{"line":19,"column":2},"end":{"line":19,"column":null}},"7":{"start":{"line":26,"column":2},"end":{"line":30,"column":null}},"8":{"start":{"line":26,"column":55},"end":{"line":30,"column":4}},"9":{"start":{"line":34,"column":21},"end":{"line":34,"column":null}},"10":{"start":{"line":35,"column":2},"end":{"line":39,"column":null}},"11":{"start":{"line":35,"column":59},"end":{"line":39,"column":4}},"12":{"start":{"line":43,"column":20},"end":{"line":43,"column":null}},"13":{"start":{"line":44,"column":2},"end":{"line":48,"column":null}},"14":{"start":{"line":44,"column":58},"end":{"line":48,"column":4}},"15":{"start":{"line":52,"column":33},"end":{"line":52,"column":null}},"16":{"start":{"line":56,"column":145},"end":{"line":56,"column":null}},"17":{"start":{"line":59,"column":2},"end":{"line":59,"column":null}},"18":{"start":{"line":62,"column":2},"end":{"line":62,"column":null}},"19":{"start":{"line":65,"column":2},"end":{"line":65,"column":null}},"20":{"start":{"line":67,"column":2},"end":{"line":67,"column":null}},"21":{"start":{"line":79,"column":32},"end":{"line":79,"column":null}},"22":{"start":{"line":82,"column":22},"end":{"line":82,"column":null}},"23":{"start":{"line":85,"column":25},"end":{"line":85,"column":null}},"24":{"start":{"line":88,"column":22},"end":{"line":88,"column":null}},"25":{"start":{"line":88,"column":54},"end":{"line":88,"column":59}},"26":{"start":{"line":91,"column":2},"end":{"line":98,"column":null}},"27":{"start":{"line":92,"column":4},"end":{"line":97,"column":null}},"28":{"start":{"line":93,"column":6},"end":{"line":96,"column":null}},"29":{"start":{"line":101,"column":2},"end":{"line":107,"column":null}},"30":{"start":{"line":102,"column":22},"end":{"line":102,"column":null}},"31":{"start":{"line":102,"column":44},"end":{"line":102,"column":63}},"32":{"start":{"line":103,"column":4},"end":{"line":106,"column":null}},"33":{"start":{"line":109,"column":2},"end":{"line":109,"column":null}}},"fnMap":{"0":{"name":"readAndParseConfig","decl":{"start":{"line":4,"column":22},"end":{"line":4,"column":41}},"loc":{"start":{"line":4,"column":85},"end":{"line":8,"column":null}},"line":4},"1":{"name":"parseConfigFile","decl":{"start":{"line":10,"column":16},"end":{"line":10,"column":32}},"loc":{"start":{"line":10,"column":70},"end":{"line":16,"column":null}},"line":10},"2":{"name":"stringifyConfig","decl":{"start":{"line":18,"column":16},"end":{"line":18,"column":32}},"loc":{"start":{"line":18,"column":69},"end":{"line":20,"column":null}},"line":18},"3":{"name":"extractConfigEntries","decl":{"start":{"line":22,"column":16},"end":{"line":22,"column":null}},"loc":{"start":{"line":25,"column":17},"end":{"line":31,"column":null}},"line":25},"4":{"name":"(anonymous_4)","decl":{"start":{"line":26,"column":36},"end":{"line":26,"column":37}},"loc":{"start":{"line":26,"column":55},"end":{"line":30,"column":4}},"line":26},"5":{"name":"extractMcpServers","decl":{"start":{"line":33,"column":16},"end":{"line":33,"column":34}},"loc":{"start":{"line":33,"column":116},"end":{"line":40,"column":null}},"line":33},"6":{"name":"(anonymous_6)","decl":{"start":{"line":35,"column":40},"end":{"line":35,"column":41}},"loc":{"start":{"line":35,"column":59},"end":{"line":39,"column":4}},"line":35},"7":{"name":"extractSubAgents","decl":{"start":{"line":42,"column":16},"end":{"line":42,"column":33}},"loc":{"start":{"line":42,"column":115},"end":{"line":49,"column":null}},"line":42},"8":{"name":"(anonymous_8)","decl":{"start":{"line":44,"column":39},"end":{"line":44,"column":40}},"loc":{"start":{"line":44,"column":58},"end":{"line":48,"column":4}},"line":44},"9":{"name":"extractAllEntries","decl":{"start":{"line":51,"column":16},"end":{"line":51,"column":34}},"loc":{"start":{"line":51,"column":116},"end":{"line":68,"column":null}},"line":51},"10":{"name":"mergeConfigs","decl":{"start":{"line":75,"column":16},"end":{"line":75,"column":null}},"loc":{"start":{"line":78,"column":17},"end":{"line":110,"column":null}},"line":78},"11":{"name":"(anonymous_11)","decl":{"start":{"line":88,"column":49},"end":{"line":88,"column":54}},"loc":{"start":{"line":88,"column":54},"end":{"line":88,"column":59}},"line":88},"12":{"name":"(anonymous_12)","decl":{"start":{"line":91,"column":22},"end":{"line":91,"column":31}},"loc":{"start":{"line":91,"column":31},"end":{"line":98,"column":3}},"line":91},"13":{"name":"(anonymous_13)","decl":{"start":{"line":101,"column":25},"end":{"line":101,"column":34}},"loc":{"start":{"line":101,"column":34},"end":{"line":107,"column":3}},"line":101},"14":{"name":"(anonymous_14)","decl":{"start":{"line":102,"column":39},"end":{"line":102,"column":44}},"loc":{"start":{"line":102,"column":44},"end":{"line":102,"column":63}},"line":102}},"branchMap":{"0":{"loc":{"start":{"line":29,"column":48},"end":{"line":29,"column":101}},"type":"cond-expr","locations":[{"start":{"line":29,"column":68},"end":{"line":29,"column":72}},{"start":{"line":29,"column":72},"end":{"line":29,"column":101}}],"line":29},"1":{"loc":{"start":{"line":29,"column":72},"end":{"line":29,"column":101}},"type":"cond-expr","locations":[{"start":{"line":29,"column":95},"end":{"line":29,"column":99}},{"start":{"line":29,"column":99},"end":{"line":29,"column":101}}],"line":29},"2":{"loc":{"start":{"line":34,"column":21},"end":{"line":34,"column":null}},"type":"binary-expr","locations":[{"start":{"line":34,"column":21},"end":{"line":34,"column":42}},{"start":{"line":34,"column":42},"end":{"line":34,"column":64}},{"start":{"line":34,"column":64},"end":{"line":34,"column":null}}],"line":34},"3":{"loc":{"start":{"line":38,"column":48},"end":{"line":38,"column":101}},"type":"cond-expr","locations":[{"start":{"line":38,"column":68},"end":{"line":38,"column":72}},{"start":{"line":38,"column":72},"end":{"line":38,"column":101}}],"line":38},"4":{"loc":{"start":{"line":38,"column":72},"end":{"line":38,"column":101}},"type":"cond-expr","locations":[{"start":{"line":38,"column":95},"end":{"line":38,"column":99}},{"start":{"line":38,"column":99},"end":{"line":38,"column":101}}],"line":38},"5":{"loc":{"start":{"line":43,"column":20},"end":{"line":43,"column":null}},"type":"binary-expr","locations":[{"start":{"line":43,"column":20},"end":{"line":43,"column":40}},{"start":{"line":43,"column":40},"end":{"line":43,"column":61}},{"start":{"line":43,"column":61},"end":{"line":43,"column":78}},{"start":{"line":43,"column":78},"end":{"line":43,"column":null}}],"line":43},"6":{"loc":{"start":{"line":47,"column":48},"end":{"line":47,"column":101}},"type":"cond-expr","locations":[{"start":{"line":47,"column":68},"end":{"line":47,"column":72}},{"start":{"line":47,"column":72},"end":{"line":47,"column":101}}],"line":47},"7":{"loc":{"start":{"line":47,"column":72},"end":{"line":47,"column":101}},"type":"cond-expr","locations":[{"start":{"line":47,"column":95},"end":{"line":47,"column":99}},{"start":{"line":47,"column":99},"end":{"line":47,"column":101}}],"line":47},"8":{"loc":{"start":{"line":92,"column":4},"end":{"line":97,"column":null}},"type":"if","locations":[{"start":{"line":92,"column":4},"end":{"line":97,"column":null}},{"start":{},"end":{}}],"line":92}},"s":{"0":57,"1":55,"2":54,"3":2,"4":2,"5":1,"6":1,"7":18,"8":12,"9":18,"10":18,"11":16,"12":19,"13":19,"14":8,"15":65,"16":65,"17":65,"18":65,"19":65,"20":65,"21":8,"22":8,"23":8,"24":8,"25":8,"26":8,"27":8,"28":6,"29":8,"30":8,"31":11,"32":8,"33":8},"f":{"0":57,"1":2,"2":1,"3":18,"4":12,"5":18,"6":16,"7":19,"8":8,"9":65,"10":8,"11":8,"12":8,"13":8,"14":11},"b":{"0":[7,5],"1":[4,1],"2":[18,6,5],"3":[9,7],"4":[7,0],"5":[19,14,13,12],"6":[6,2],"7":[2,0],"8":[6,2]},"meta":{"lastBranch":9,"lastFunction":15,"lastStatement":34,"seen":{"f:4:22:4:41":0,"s:5:18:5:Infinity":0,"s:6:17:6:Infinity":1,"s:7:2:7:Infinity":2,"f:10:16:10:32":1,"s:11:2:15:Infinity":3,"s:12:4:12:Infinity":4,"s:14:4:14:Infinity":5,"f:18:16:18:32":2,"s:19:2:19:Infinity":6,"f:22:16:22:Infinity":3,"s:26:2:30:Infinity":7,"f:26:36:26:37":4,"s:26:55:30:4":8,"b:29:68:29:72:29:72:29:101":0,"b:29:95:29:99:29:99:29:101":1,"f:33:16:33:34":5,"s:34:21:34:Infinity":9,"b:34:21:34:42:34:42:34:64:34:64:34:Infinity":2,"s:35:2:39:Infinity":10,"f:35:40:35:41":6,"s:35:59:39:4":11,"b:38:68:38:72:38:72:38:101":3,"b:38:95:38:99:38:99:38:101":4,"f:42:16:42:33":7,"s:43:20:43:Infinity":12,"b:43:20:43:40:43:40:43:61:43:61:43:78:43:78:43:Infinity":5,"s:44:2:48:Infinity":13,"f:44:39:44:40":8,"s:44:58:48:4":14,"b:47:68:47:72:47:72:47:101":6,"b:47:95:47:99:47:99:47:101":7,"f:51:16:51:34":9,"s:52:33:52:Infinity":15,"s:56:145:56:Infinity":16,"s:59:2:59:Infinity":17,"s:62:2:62:Infinity":18,"s:65:2:65:Infinity":19,"s:67:2:67:Infinity":20,"f:75:16:75:Infinity":10,"s:79:32:79:Infinity":21,"s:82:22:82:Infinity":22,"s:85:25:85:Infinity":23,"s:88:22:88:Infinity":24,"f:88:49:88:54":11,"s:88:54:88:59":25,"s:91:2:98:Infinity":26,"f:91:22:91:31":12,"b:92:4:97:Infinity:undefined:undefined:undefined:undefined":8,"s:92:4:97:Infinity":27,"s:93:6:96:Infinity":28,"s:101:2:107:Infinity":29,"f:101:25:101:34":13,"s:102:22:102:Infinity":30,"f:102:39:102:44":14,"s:102:44:102:63":31,"s:103:4:106:Infinity":32,"s:109:2:109:Infinity":33}}}
,"F:\\github\\cc-config\\cc-config-viewer\\src\\lib\\projectDetection.ts": {"path":"F:\\github\\cc-config\\cc-config-viewer\\src\\lib\\projectDetection.ts","statementMap":{"0":{"start":{"line":9,"column":2},"end":{"line":51,"column":null}},"1":{"start":{"line":10,"column":24},"end":{"line":10,"column":null}},"2":{"start":{"line":11,"column":24},"end":{"line":11,"column":null}},"3":{"start":{"line":14,"column":24},"end":{"line":14,"column":null}},"4":{"start":{"line":15,"column":4},"end":{"line":47,"column":null}},"5":{"start":{"line":16,"column":6},"end":{"line":16,"column":null}},"6":{"start":{"line":19,"column":6},"end":{"line":26,"column":null}},"7":{"start":{"line":29,"column":25},"end":{"line":29,"column":null}},"8":{"start":{"line":30,"column":6},"end":{"line":46,"column":null}},"9":{"start":{"line":33,"column":8},"end":{"line":33,"column":null}},"10":{"start":{"line":35,"column":8},"end":{"line":42,"column":null}},"11":{"start":{"line":45,"column":8},"end":{"line":45,"column":null}},"12":{"start":{"line":49,"column":4},"end":{"line":49,"column":null}},"13":{"start":{"line":50,"column":4},"end":{"line":50,"column":null}},"14":{"start":{"line":59,"column":25},"end":{"line":59,"column":null}},"15":{"start":{"line":61,"column":19},"end":{"line":61,"column":null}},"16":{"start":{"line":62,"column":2},"end":{"line":62,"column":null}},"17":{"start":{"line":70,"column":13},"end":{"line":70,"column":null}},"18":{"start":{"line":71,"column":2},"end":{"line":75,"column":null}},"19":{"start":{"line":71,"column":15},"end":{"line":71,"column":18}},"20":{"start":{"line":72,"column":17},"end":{"line":72,"column":null}},"21":{"start":{"line":73,"column":4},"end":{"line":73,"column":null}},"22":{"start":{"line":74,"column":4},"end":{"line":74,"column":null}},"23":{"start":{"line":76,"column":2},"end":{"line":76,"column":null}}},"fnMap":{"0":{"name":"detectCurrentProject","decl":{"start":{"line":8,"column":22},"end":{"line":8,"column":70}},"loc":{"start":{"line":8,"column":70},"end":{"line":52,"column":null}},"line":8},"1":{"name":"getProjectNameFromPath","decl":{"start":{"line":57,"column":9},"end":{"line":57,"column":32}},"loc":{"start":{"line":57,"column":54},"end":{"line":63,"column":null}},"line":57},"2":{"name":"generateProjectId","decl":{"start":{"line":68,"column":9},"end":{"line":68,"column":27}},"loc":{"start":{"line":68,"column":49},"end":{"line":77,"column":null}},"line":68}},"branchMap":{"0":{"loc":{"start":{"line":10,"column":24},"end":{"line":10,"column":null}},"type":"binary-expr","locations":[{"start":{"line":10,"column":24},"end":{"line":10,"column":43}},{"start":{"line":10,"column":43},"end":{"line":10,"column":null}}],"line":10},"1":{"loc":{"start":{"line":62,"column":9},"end":{"line":62,"column":null}},"type":"binary-expr","locations":[{"start":{"line":62,"column":9},"end":{"line":62,"column":42}},{"start":{"line":62,"column":42},"end":{"line":62,"column":null}}],"line":62}},"s":{"0":5,"1":5,"2":5,"3":5,"4":5,"5":5,"6":3,"7":2,"8":2,"9":2,"10":1,"11":1,"12":0,"13":0,"14":5,"15":5,"16":5,"17":4,"18":4,"19":4,"20":144,"21":144,"22":144,"23":4},"f":{"0":5,"1":5,"2":4},"b":{"0":[5,0],"1":[5,0]},"meta":{"lastBranch":2,"lastFunction":3,"lastStatement":24,"seen":{"f:8:22:8:70":0,"s:9:2:51:Infinity":0,"s:10:24:10:Infinity":1,"b:10:24:10:43:10:43:10:Infinity":0,"s:11:24:11:Infinity":2,"s:14:24:14:Infinity":3,"s:15:4:47:Infinity":4,"s:16:6:16:Infinity":5,"s:19:6:26:Infinity":6,"s:29:25:29:Infinity":7,"s:30:6:46:Infinity":8,"s:33:8:33:Infinity":9,"s:35:8:42:Infinity":10,"s:45:8:45:Infinity":11,"s:49:4:49:Infinity":12,"s:50:4:50:Infinity":13,"f:57:9:57:32":1,"s:59:25:59:Infinity":14,"s:61:19:61:Infinity":15,"s:62:2:62:Infinity":16,"b:62:9:62:42:62:42:62:Infinity":1,"f:68:9:68:27":2,"s:70:13:70:Infinity":17,"s:71:2:75:Infinity":18,"s:71:15:71:18":19,"s:72:17:72:Infinity":20,"s:73:4:73:Infinity":21,"s:74:4:74:Infinity":22,"s:76:2:76:Infinity":23}}}
,"F:\\github\\cc-config\\cc-config-viewer\\src\\lib\\tauriApi.ts": {"path":"F:\\github\\cc-config\\cc-config-viewer\\src\\lib\\tauriApi.ts","statementMap":{"0":{"start":{"line":13,"column":20},"end":{"line":13,"column":null}},"1":{"start":{"line":15,"column":2},"end":{"line":45,"column":null}},"2":{"start":{"line":16,"column":4},"end":{"line":20,"column":null}},"3":{"start":{"line":21,"column":2},"end":{"line":45,"column":null}},"4":{"start":{"line":22,"column":4},"end":{"line":26,"column":null}},"5":{"start":{"line":27,"column":2},"end":{"line":45,"column":null}},"6":{"start":{"line":28,"column":4},"end":{"line":32,"column":null}},"7":{"start":{"line":33,"column":2},"end":{"line":45,"column":null}},"8":{"start":{"line":34,"column":4},"end":{"line":38,"column":null}},"9":{"start":{"line":40,"column":4},"end":{"line":44,"column":null}},"10":{"start":{"line":49,"column":2},"end":{"line":53,"column":null}},"11":{"start":{"line":50,"column":4},"end":{"line":50,"column":null}},"12":{"start":{"line":52,"column":4},"end":{"line":52,"column":null}},"13":{"start":{"line":57,"column":2},"end":{"line":61,"column":null}},"14":{"start":{"line":58,"column":4},"end":{"line":58,"column":null}},"15":{"start":{"line":60,"column":4},"end":{"line":60,"column":null}},"16":{"start":{"line":66,"column":2},"end":{"line":66,"column":null}},"17":{"start":{"line":70,"column":2},"end":{"line":70,"column":null}},"18":{"start":{"line":74,"column":2},"end":{"line":78,"column":null}},"19":{"start":{"line":75,"column":4},"end":{"line":75,"column":null}},"20":{"start":{"line":77,"column":4},"end":{"line":77,"column":null}}},"fnMap":{"0":{"name":"convertRustError","decl":{"start":{"line":12,"column":9},"end":{"line":12,"column":26}},"loc":{"start":{"line":12,"column":52},"end":{"line":46,"column":null}},"line":12},"1":{"name":"readConfigFile","decl":{"start":{"line":48,"column":22},"end":{"line":48,"column":37}},"loc":{"start":{"line":48,"column":68},"end":{"line":54,"column":null}},"line":48},"2":{"name":"parseConfigData","decl":{"start":{"line":56,"column":22},"end":{"line":56,"column":38}},"loc":{"start":{"line":56,"column":85},"end":{"line":62,"column":null}},"line":56},"3":{"name":"readConfig","decl":{"start":{"line":65,"column":22},"end":{"line":65,"column":33}},"loc":{"start":{"line":65,"column":64},"end":{"line":67,"column":null}},"line":65},"4":{"name":"parseConfig","decl":{"start":{"line":69,"column":22},"end":{"line":69,"column":34}},"loc":{"start":{"line":69,"column":65},"end":{"line":71,"column":null}},"line":69},"5":{"name":"watchConfig","decl":{"start":{"line":73,"column":22},"end":{"line":73,"column":34}},"loc":{"start":{"line":73,"column":97},"end":{"line":79,"column":null}},"line":73}},"branchMap":{"0":{"loc":{"start":{"line":15,"column":2},"end":{"line":45,"column":null}},"type":"if","locations":[{"start":{"line":15,"column":2},"end":{"line":45,"column":null}},{"start":{"line":21,"column":2},"end":{"line":45,"column":null}}],"line":15},"1":{"loc":{"start":{"line":21,"column":2},"end":{"line":45,"column":null}},"type":"if","locations":[{"start":{"line":21,"column":2},"end":{"line":45,"column":null}},{"start":{"line":27,"column":2},"end":{"line":45,"column":null}}],"line":21},"2":{"loc":{"start":{"line":27,"column":2},"end":{"line":45,"column":null}},"type":"if","locations":[{"start":{"line":27,"column":2},"end":{"line":45,"column":null}},{"start":{"line":33,"column":2},"end":{"line":45,"column":null}}],"line":27},"3":{"loc":{"start":{"line":33,"column":2},"end":{"line":45,"column":null}},"type":"if","locations":[{"start":{"line":33,"column":2},"end":{"line":45,"column":null}},{"start":{"line":39,"column":9},"end":{"line":45,"column":null}}],"line":33}},"s":{"0":6,"1":6,"2":1,"3":5,"4":2,"5":3,"6":1,"7":2,"8":0,"9":2,"10":60,"11":60,"12":5,"13":57,"14":57,"15":1,"16":55,"17":54,"18":0,"19":0,"20":0},"f":{"0":6,"1":60,"2":57,"3":55,"4":54,"5":0},"b":{"0":[1,5],"1":[2,3],"2":[1,2],"3":[0,2]},"meta":{"lastBranch":4,"lastFunction":6,"lastStatement":21,"seen":{"f:12:9:12:26":0,"s:13:20:13:Infinity":0,"b:15:2:45:Infinity:21:2:45:Infinity":0,"s:15:2:45:Infinity":1,"s:16:4:20:Infinity":2,"b:21:2:45:Infinity:27:2:45:Infinity":1,"s:21:2:45:Infinity":3,"s:22:4:26:Infinity":4,"b:27:2:45:Infinity:33:2:45:Infinity":2,"s:27:2:45:Infinity":5,"s:28:4:32:Infinity":6,"b:33:2:45:Infinity:39:9:45:Infinity":3,"s:33:2:45:Infinity":7,"s:34:4:38:Infinity":8,"s:40:4:44:Infinity":9,"f:48:22:48:37":1,"s:49:2:53:Infinity":10,"s:50:4:50:Infinity":11,"s:52:4:52:Infinity":12,"f:56:22:56:38":2,"s:57:2:61:Infinity":13,"s:58:4:58:Infinity":14,"s:60:4:60:Infinity":15,"f:65:22:65:33":3,"s:66:2:66:Infinity":16,"f:69:22:69:34":4,"s:70:2:70:Infinity":17,"f:73:22:73:34":5,"s:74:2:78:Infinity":18,"s:75:4:75:Infinity":19,"s:77:4:77:Infinity":20}}}
,"F:\\github\\cc-config\\cc-config-viewer\\src\\lib\\utils.ts": {"path":"F:\\github\\cc-config\\cc-config-viewer\\src\\lib\\utils.ts","statementMap":{"0":{"start":{"line":5,"column":2},"end":{"line":5,"column":null}}},"fnMap":{"0":{"name":"cn","decl":{"start":{"line":4,"column":16},"end":{"line":4,"column":22}},"loc":{"start":{"line":4,"column":44},"end":{"line":6,"column":null}},"line":4}},"branchMap":{},"s":{"0":732},"f":{"0":732},"b":{},"meta":{"lastBranch":0,"lastFunction":1,"lastStatement":1,"seen":{"f:4:16:4:22":0,"s:5:2:5:Infinity":0}}}
,"F:\\github\\cc-config\\cc-config-viewer\\src\\stores\\configStore.ts": {"path":"F:\\github\\cc-config\\cc-config-viewer\\src\\stores\\configStore.ts","statementMap":{"0":{"start":{"line":17,"column":13},"end":{"line":83,"column":null}},"1":{"start":{"line":17,"column":60},"end":{"line":83,"column":2}},"2":{"start":{"line":23,"column":29},"end":{"line":23,"column":null}},"3":{"start":{"line":24,"column":4},"end":{"line":24,"column":null}},"4":{"start":{"line":26,"column":4},"end":{"line":60,"column":null}},"5":{"start":{"line":29,"column":6},"end":{"line":42,"column":null}},"6":{"start":{"line":31,"column":27},"end":{"line":31,"column":null}},"7":{"start":{"line":32,"column":30},"end":{"line":32,"column":null}},"8":{"start":{"line":33,"column":8},"end":{"line":33,"column":null}},"9":{"start":{"line":34,"column":6},"end":{"line":42,"column":null}},"10":{"start":{"line":36,"column":23},"end":{"line":36,"column":null}},"11":{"start":{"line":37,"column":8},"end":{"line":37,"column":null}},"12":{"start":{"line":40,"column":23},"end":{"line":40,"column":null}},"13":{"start":{"line":41,"column":8},"end":{"line":41,"column":null}},"14":{"start":{"line":44,"column":6},"end":{"line":54,"column":null}},"15":{"start":{"line":44,"column":17},"end":{"line":54,"column":8}},"16":{"start":{"line":49,"column":12},"end":{"line":49,"column":null}},"17":{"start":{"line":50,"column":12},"end":{"line":50,"column":null}},"18":{"start":{"line":56,"column":6},"end":{"line":59,"column":null}},"19":{"start":{"line":63,"column":4},"end":{"line":77,"column":null}},"20":{"start":{"line":64,"column":37},"end":{"line":68,"column":null}},"21":{"start":{"line":69,"column":25},"end":{"line":69,"column":null}},"22":{"start":{"line":70,"column":28},"end":{"line":70,"column":null}},"23":{"start":{"line":70,"column":56},"end":{"line":70,"column":69}},"24":{"start":{"line":71,"column":6},"end":{"line":75,"column":null}},"25":{"start":{"line":72,"column":8},"end":{"line":72,"column":null}},"26":{"start":{"line":74,"column":8},"end":{"line":74,"column":null}},"27":{"start":{"line":76,"column":6},"end":{"line":76,"column":null}},"28":{"start":{"line":79,"column":4},"end":{"line":81,"column":null}},"29":{"start":{"line":79,"column":20},"end":{"line":81,"column":6}},"30":{"start":{"line":80,"column":43},"end":{"line":80,"column":65}},"31":{"start":{"line":82,"column":22},"end":{"line":82,"column":null}}},"fnMap":{"0":{"name":"(anonymous_0)","decl":{"start":{"line":17,"column":50},"end":{"line":17,"column":51}},"loc":{"start":{"line":17,"column":60},"end":{"line":83,"column":2}},"line":17},"1":{"name":"(anonymous_1)","decl":{"start":{"line":22,"column":17},"end":{"line":22,"column":29}},"loc":{"start":{"line":22,"column":29},"end":{"line":61,"column":null}},"line":22},"2":{"name":"(anonymous_2)","decl":{"start":{"line":44,"column":10},"end":{"line":44,"column":17}},"loc":{"start":{"line":44,"column":17},"end":{"line":54,"column":8}},"line":44},"3":{"name":"(anonymous_3)","decl":{"start":{"line":48,"column":38},"end":{"line":48,"column":39}},"loc":{"start":{"line":48,"column":55},"end":{"line":51,"column":13}},"line":48},"4":{"name":"(anonymous_4)","decl":{"start":{"line":62,"column":16},"end":{"line":62,"column":17}},"loc":{"start":{"line":63,"column":4},"end":{"line":77,"column":null}},"line":63},"5":{"name":"(anonymous_5)","decl":{"start":{"line":63,"column":8},"end":{"line":63,"column":9}},"loc":{"start":{"line":63,"column":19},"end":{"line":77,"column":5}},"line":63},"6":{"name":"(anonymous_6)","decl":{"start":{"line":70,"column":49},"end":{"line":70,"column":50}},"loc":{"start":{"line":70,"column":56},"end":{"line":70,"column":69}},"line":70},"7":{"name":"(anonymous_7)","decl":{"start":{"line":78,"column":16},"end":{"line":78,"column":17}},"loc":{"start":{"line":79,"column":4},"end":{"line":81,"column":null}},"line":79},"8":{"name":"(anonymous_8)","decl":{"start":{"line":79,"column":8},"end":{"line":79,"column":9}},"loc":{"start":{"line":79,"column":20},"end":{"line":81,"column":6}},"line":79},"9":{"name":"(anonymous_9)","decl":{"start":{"line":80,"column":36},"end":{"line":80,"column":37}},"loc":{"start":{"line":80,"column":43},"end":{"line":80,"column":65}},"line":80},"10":{"name":"(anonymous_10)","decl":{"start":{"line":82,"column":16},"end":{"line":82,"column":22}},"loc":{"start":{"line":82,"column":22},"end":{"line":82,"column":null}},"line":82}},"branchMap":{"0":{"loc":{"start":{"line":29,"column":6},"end":{"line":42,"column":null}},"type":"if","locations":[{"start":{"line":29,"column":6},"end":{"line":42,"column":null}},{"start":{"line":34,"column":6},"end":{"line":42,"column":null}}],"line":29},"1":{"loc":{"start":{"line":34,"column":6},"end":{"line":42,"column":null}},"type":"if","locations":[{"start":{"line":34,"column":6},"end":{"line":42,"column":null}},{"start":{"line":38,"column":13},"end":{"line":42,"column":null}}],"line":34},"2":{"loc":{"start":{"line":57,"column":15},"end":{"line":57,"column":null}},"type":"cond-expr","locations":[{"start":{"line":57,"column":40},"end":{"line":57,"column":56}},{"start":{"line":57,"column":56},"end":{"line":57,"column":null}}],"line":57},"3":{"loc":{"start":{"line":67,"column":56},"end":{"line":67,"column":117}},"type":"cond-expr","locations":[{"start":{"line":67,"column":80},"end":{"line":67,"column":84}},{"start":{"line":67,"column":84},"end":{"line":67,"column":117}}],"line":67},"4":{"loc":{"start":{"line":67,"column":84},"end":{"line":67,"column":117}},"type":"cond-expr","locations":[{"start":{"line":67,"column":111},"end":{"line":67,"column":115}},{"start":{"line":67,"column":115},"end":{"line":67,"column":117}}],"line":67},"5":{"loc":{"start":{"line":71,"column":6},"end":{"line":75,"column":null}},"type":"if","locations":[{"start":{"line":71,"column":6},"end":{"line":75,"column":null}},{"start":{"line":73,"column":13},"end":{"line":75,"column":null}}],"line":71}},"s":{"0":5,"1":5,"2":59,"3":59,"4":59,"5":59,"6":5,"7":4,"8":4,"9":54,"10":54,"11":52,"12":0,"13":0,"14":5,"15":5,"16":8,"17":8,"18":54,"19":2,"20":2,"21":2,"22":2,"23":0,"24":2,"25":0,"26":2,"27":2,"28":4,"29":4,"30":2,"31":1},"f":{"0":5,"1":59,"2":5,"3":8,"4":2,"5":2,"6":0,"7":4,"8":4,"9":2,"10":1},"b":{"0":[5,54],"1":[54,0],"2":[53,1],"3":[2,0],"4":[0,0],"5":[0,2]},"meta":{"lastBranch":6,"lastFunction":11,"lastStatement":32,"seen":{"s:17:13:83:Infinity":0,"f:17:50:17:51":0,"s:17:60:83:2":1,"f:22:17:22:29":1,"s:23:29:23:Infinity":2,"s:24:4:24:Infinity":3,"s:26:4:60:Infinity":4,"b:29:6:42:Infinity:34:6:42:Infinity":0,"s:29:6:42:Infinity":5,"s:31:27:31:Infinity":6,"s:32:30:32:Infinity":7,"s:33:8:33:Infinity":8,"b:34:6:42:Infinity:38:13:42:Infinity":1,"s:34:6:42:Infinity":9,"s:36:23:36:Infinity":10,"s:37:8:37:Infinity":11,"s:40:23:40:Infinity":12,"s:41:8:41:Infinity":13,"s:44:6:54:Infinity":14,"f:44:10:44:17":2,"s:44:17:54:8":15,"f:48:38:48:39":3,"s:49:12:49:Infinity":16,"s:50:12:50:Infinity":17,"s:56:6:59:Infinity":18,"b:57:40:57:56:57:56:57:Infinity":2,"f:62:16:62:17":4,"s:63:4:77:Infinity":19,"f:63:8:63:9":5,"s:64:37:68:Infinity":20,"b:67:80:67:84:67:84:67:117":3,"b:67:111:67:115:67:115:67:117":4,"s:69:25:69:Infinity":21,"s:70:28:70:Infinity":22,"f:70:49:70:50":6,"s:70:56:70:69":23,"b:71:6:75:Infinity:73:13:75:Infinity":5,"s:71:6:75:Infinity":24,"s:72:8:72:Infinity":25,"s:74:8:74:Infinity":26,"s:76:6:76:Infinity":27,"f:78:16:78:17":7,"s:79:4:81:Infinity":28,"f:79:8:79:9":8,"s:79:20:81:6":29,"f:80:36:80:37":9,"s:80:43:80:65":30,"f:82:16:82:22":10,"s:82:22:82:Infinity":31}}}
,"F:\\github\\cc-config\\cc-config-viewer\\src\\stores\\projectsStore.ts": {"path":"F:\\github\\cc-config\\cc-config-viewer\\src\\stores\\projectsStore.ts","statementMap":{"0":{"start":{"line":12,"column":13},"end":{"line":22,"column":null}},"1":{"start":{"line":12,"column":64},"end":{"line":22,"column":2}},"2":{"start":{"line":15,"column":33},"end":{"line":15,"column":null}},"3":{"start":{"line":17,"column":4},"end":{"line":17,"column":null}},"4":{"start":{"line":17,"column":20},"end":{"line":17,"column":63}},"5":{"start":{"line":19,"column":4},"end":{"line":21,"column":null}},"6":{"start":{"line":19,"column":20},"end":{"line":21,"column":6}},"7":{"start":{"line":20,"column":45},"end":{"line":20,"column":56}}},"fnMap":{"0":{"name":"(anonymous_0)","decl":{"start":{"line":12,"column":54},"end":{"line":12,"column":55}},"loc":{"start":{"line":12,"column":64},"end":{"line":22,"column":2}},"line":12},"1":{"name":"(anonymous_1)","decl":{"start":{"line":15,"column":20},"end":{"line":15,"column":21}},"loc":{"start":{"line":15,"column":33},"end":{"line":15,"column":null}},"line":15},"2":{"name":"(anonymous_2)","decl":{"start":{"line":16,"column":14},"end":{"line":16,"column":15}},"loc":{"start":{"line":17,"column":4},"end":{"line":17,"column":null}},"line":17},"3":{"name":"(anonymous_3)","decl":{"start":{"line":17,"column":8},"end":{"line":17,"column":9}},"loc":{"start":{"line":17,"column":20},"end":{"line":17,"column":63}},"line":17},"4":{"name":"(anonymous_4)","decl":{"start":{"line":18,"column":17},"end":{"line":18,"column":18}},"loc":{"start":{"line":19,"column":4},"end":{"line":21,"column":null}},"line":19},"5":{"name":"(anonymous_5)","decl":{"start":{"line":19,"column":8},"end":{"line":19,"column":9}},"loc":{"start":{"line":19,"column":20},"end":{"line":21,"column":6}},"line":19},"6":{"name":"(anonymous_6)","decl":{"start":{"line":20,"column":38},"end":{"line":20,"column":39}},"loc":{"start":{"line":20,"column":45},"end":{"line":20,"column":56}},"line":20}},"branchMap":{},"s":{"0":4,"1":4,"2":35,"3":2,"4":2,"5":1,"6":1,"7":2},"f":{"0":4,"1":35,"2":2,"3":2,"4":1,"5":1,"6":2},"b":{},"meta":{"lastBranch":0,"lastFunction":7,"lastStatement":8,"seen":{"s:12:13:22:Infinity":0,"f:12:54:12:55":0,"s:12:64:22:2":1,"f:15:20:15:21":1,"s:15:33:15:Infinity":2,"f:16:14:16:15":2,"s:17:4:17:Infinity":3,"f:17:8:17:9":3,"s:17:20:17:63":4,"f:18:17:18:18":4,"s:19:4:21:Infinity":5,"f:19:8:19:9":5,"s:19:20:21:6":6,"f:20:38:20:39":6,"s:20:45:20:56":7}}}
,"F:\\github\\cc-config\\cc-config-viewer\\src\\stores\\uiStore.ts": {"path":"F:\\github\\cc-config\\cc-config-viewer\\src\\stores\\uiStore.ts","statementMap":{"0":{"start":{"line":15,"column":13},"end":{"line":26,"column":null}},"1":{"start":{"line":15,"column":52},"end":{"line":26,"column":2}},"2":{"start":{"line":20,"column":30},"end":{"line":20,"column":null}},"3":{"start":{"line":21,"column":27},"end":{"line":21,"column":null}},"4":{"start":{"line":22,"column":28},"end":{"line":22,"column":null}},"5":{"start":{"line":23,"column":23},"end":{"line":23,"column":null}},"6":{"start":{"line":25,"column":4},"end":{"line":25,"column":null}},"7":{"start":{"line":25,"column":20},"end":{"line":25,"column":74}}},"fnMap":{"0":{"name":"(anonymous_0)","decl":{"start":{"line":15,"column":42},"end":{"line":15,"column":43}},"loc":{"start":{"line":15,"column":52},"end":{"line":26,"column":2}},"line":15},"1":{"name":"(anonymous_1)","decl":{"start":{"line":20,"column":19},"end":{"line":20,"column":20}},"loc":{"start":{"line":20,"column":30},"end":{"line":20,"column":null}},"line":20},"2":{"name":"(anonymous_2)","decl":{"start":{"line":21,"column":14},"end":{"line":21,"column":15}},"loc":{"start":{"line":21,"column":27},"end":{"line":21,"column":null}},"line":21},"3":{"name":"(anonymous_3)","decl":{"start":{"line":22,"column":18},"end":{"line":22,"column":19}},"loc":{"start":{"line":22,"column":28},"end":{"line":22,"column":null}},"line":22},"4":{"name":"(anonymous_4)","decl":{"start":{"line":23,"column":12},"end":{"line":23,"column":13}},"loc":{"start":{"line":23,"column":23},"end":{"line":23,"column":null}},"line":23},"5":{"name":"(anonymous_5)","decl":{"start":{"line":24,"column":15},"end":{"line":24,"column":null}},"loc":{"start":{"line":25,"column":4},"end":{"line":25,"column":null}},"line":25},"6":{"name":"(anonymous_6)","decl":{"start":{"line":25,"column":8},"end":{"line":25,"column":9}},"loc":{"start":{"line":25,"column":20},"end":{"line":25,"column":74}},"line":25}},"branchMap":{"0":{"loc":{"start":{"line":25,"column":29},"end":{"line":25,"column":72}},"type":"cond-expr","locations":[{"start":{"line":25,"column":55},"end":{"line":25,"column":64}},{"start":{"line":25,"column":64},"end":{"line":25,"column":72}}],"line":25}},"s":{"0":5,"1":5,"2":8,"3":1,"4":1,"5":1,"6":2,"7":2},"f":{"0":5,"1":8,"2":1,"3":1,"4":1,"5":2,"6":2},"b":{"0":[1,1]},"meta":{"lastBranch":1,"lastFunction":7,"lastStatement":8,"seen":{"s:15:13:26:Infinity":0,"f:15:42:15:43":0,"s:15:52:26:2":1,"f:20:19:20:20":1,"s:20:30:20:Infinity":2,"f:21:14:21:15":2,"s:21:27:21:Infinity":3,"f:22:18:22:19":3,"s:22:28:22:Infinity":4,"f:23:12:23:13":4,"s:23:23:23:Infinity":5,"f:24:15:24:Infinity":5,"s:25:4:25:Infinity":6,"f:25:8:25:9":6,"s:25:20:25:74":7,"b:25:55:25:64:25:64:25:72":0}}}
}
