{"/Users/sunven/github/cc-config/cc-config-viewer/src/App.tsx": {"path":"/Users/sunven/github/cc-config/cc-config-viewer/src/App.tsx","statementMap":{"0":{"start":{"line":16,"column":8},"end":{"line":16,"column":null}},"1":{"start":{"line":16,"column":45},"end":{"line":16,"column":63}},"2":{"start":{"line":17,"column":8},"end":{"line":17,"column":null}},"3":{"start":{"line":17,"column":48},"end":{"line":17,"column":69}},"4":{"start":{"line":20,"column":8},"end":{"line":20,"column":null}},"5":{"start":{"line":20,"column":44},"end":{"line":20,"column":57}},"6":{"start":{"line":21,"column":8},"end":{"line":21,"column":null}},"7":{"start":{"line":21,"column":53},"end":{"line":21,"column":75}},"8":{"start":{"line":22,"column":8},"end":{"line":22,"column":null}},"9":{"start":{"line":22,"column":42},"end":{"line":22,"column":53}},"10":{"start":{"line":23,"column":8},"end":{"line":23,"column":null}},"11":{"start":{"line":23,"column":50},"end":{"line":23,"column":69}},"12":{"start":{"line":26,"column":8},"end":{"line":26,"column":null}},"13":{"start":{"line":26,"column":52},"end":{"line":26,"column":71}},"14":{"start":{"line":27,"column":8},"end":{"line":27,"column":null}},"15":{"start":{"line":27,"column":55},"end":{"line":27,"column":77}},"16":{"start":{"line":30,"column":2},"end":{"line":30,"column":null}},"17":{"start":{"line":33,"column":2},"end":{"line":52,"column":null}},"18":{"start":{"line":34,"column":18},"end":{"line":34,"column":null}},"19":{"start":{"line":36,"column":24},"end":{"line":45,"column":null}},"20":{"start":{"line":37,"column":6},"end":{"line":44,"column":null}},"21":{"start":{"line":38,"column":24},"end":{"line":38,"column":null}},"22":{"start":{"line":39,"column":8},"end":{"line":41,"column":null}},"23":{"start":{"line":40,"column":10},"end":{"line":40,"column":null}},"24":{"start":{"line":43,"column":8},"end":{"line":43,"column":null}},"25":{"start":{"line":47,"column":4},"end":{"line":47,"column":null}},"26":{"start":{"line":49,"column":4},"end":{"line":51,"column":null}},"27":{"start":{"line":50,"column":6},"end":{"line":50,"column":null}},"28":{"start":{"line":55,"column":2},"end":{"line":59,"column":null}},"29":{"start":{"line":57,"column":4},"end":{"line":57,"column":null}},"30":{"start":{"line":63,"column":8},"end":{"line":68,"column":null}},"31":{"start":{"line":64,"column":21},"end":{"line":64,"column":null}},"32":{"start":{"line":65,"column":4},"end":{"line":65,"column":null}},"33":{"start":{"line":67,"column":4},"end":{"line":67,"column":null}},"34":{"start":{"line":71,"column":8},"end":{"line":74,"column":null}},"35":{"start":{"line":72,"column":5},"end":{"line":72,"column":null}},"36":{"start":{"line":77,"column":22},"end":{"line":77,"column":null}},"37":{"start":{"line":79,"column":2},"end":{"line":128,"column":null}}},"fnMap":{"0":{"name":"App","decl":{"start":{"line":14,"column":9},"end":{"line":14,"column":15}},"loc":{"start":{"line":14,"column":15},"end":{"line":130,"column":null}},"line":14},"1":{"name":"(anonymous_1)","decl":{"start":{"line":16,"column":34},"end":{"line":16,"column":35}},"loc":{"start":{"line":16,"column":45},"end":{"line":16,"column":63}},"line":16},"2":{"name":"(anonymous_2)","decl":{"start":{"line":17,"column":37},"end":{"line":17,"column":38}},"loc":{"start":{"line":17,"column":48},"end":{"line":17,"column":69}},"line":17},"3":{"name":"(anonymous_3)","decl":{"start":{"line":20,"column":33},"end":{"line":20,"column":34}},"loc":{"start":{"line":20,"column":44},"end":{"line":20,"column":57}},"line":20},"4":{"name":"(anonymous_4)","decl":{"start":{"line":21,"column":42},"end":{"line":21,"column":43}},"loc":{"start":{"line":21,"column":53},"end":{"line":21,"column":75}},"line":21},"5":{"name":"(anonymous_5)","decl":{"start":{"line":22,"column":31},"end":{"line":22,"column":32}},"loc":{"start":{"line":22,"column":42},"end":{"line":22,"column":53}},"line":22},"6":{"name":"(anonymous_6)","decl":{"start":{"line":23,"column":39},"end":{"line":23,"column":40}},"loc":{"start":{"line":23,"column":50},"end":{"line":23,"column":69}},"line":23},"7":{"name":"(anonymous_7)","decl":{"start":{"line":26,"column":41},"end":{"line":26,"column":42}},"loc":{"start":{"line":26,"column":52},"end":{"line":26,"column":71}},"line":26},"8":{"name":"(anonymous_8)","decl":{"start":{"line":27,"column":44},"end":{"line":27,"column":45}},"loc":{"start":{"line":27,"column":55},"end":{"line":27,"column":77}},"line":27},"9":{"name":"(anonymous_9)","decl":{"start":{"line":33,"column":12},"end":{"line":33,"column":18}},"loc":{"start":{"line":33,"column":18},"end":{"line":52,"column":5}},"line":33},"10":{"name":"(anonymous_10)","decl":{"start":{"line":36,"column":24},"end":{"line":36,"column":36}},"loc":{"start":{"line":36,"column":36},"end":{"line":45,"column":null}},"line":36},"11":{"name":"(anonymous_11)","decl":{"start":{"line":49,"column":11},"end":{"line":49,"column":17}},"loc":{"start":{"line":49,"column":17},"end":{"line":51,"column":null}},"line":49},"12":{"name":"(anonymous_12)","decl":{"start":{"line":55,"column":12},"end":{"line":55,"column":18}},"loc":{"start":{"line":55,"column":18},"end":{"line":59,"column":5}},"line":55},"13":{"name":"(anonymous_13)","decl":{"start":{"line":63,"column":38},"end":{"line":63,"column":39}},"loc":{"start":{"line":63,"column":57},"end":{"line":68,"column":5}},"line":63},"14":{"name":"(anonymous_14)","decl":{"start":{"line":71,"column":33},"end":{"line":71,"column":null}},"loc":{"start":{"line":72,"column":5},"end":{"line":72,"column":null}},"line":72}},"branchMap":{"0":{"loc":{"start":{"line":39,"column":8},"end":{"line":41,"column":null}},"type":"if","locations":[{"start":{"line":39,"column":8},"end":{"line":41,"column":null}},{"start":{},"end":{}}],"line":39},"1":{"loc":{"start":{"line":39,"column":12},"end":{"line":39,"column":32}},"type":"binary-expr","locations":[{"start":{"line":39,"column":12},"end":{"line":39,"column":23}},{"start":{"line":39,"column":23},"end":{"line":39,"column":32}}],"line":39},"2":{"loc":{"start":{"line":72,"column":5},"end":{"line":72,"column":null}},"type":"binary-expr","locations":[{"start":{"line":72,"column":5},"end":{"line":72,"column":22}},{"start":{"line":72,"column":22},"end":{"line":72,"column":null}}],"line":72},"3":{"loc":{"start":{"line":77,"column":22},"end":{"line":77,"column":null}},"type":"cond-expr","locations":[{"start":{"line":77,"column":39},"end":{"line":77,"column":55}},{"start":{"line":77,"column":55},"end":{"line":77,"column":null}}],"line":77},"4":{"loc":{"start":{"line":93,"column":17},"end":{"line":96,"column":null}},"type":"binary-expr","locations":[{"start":{"line":93,"column":17},"end":{"line":93,"column":null}},{"start":{"line":94,"column":18},"end":{"line":96,"column":null}}],"line":93},"5":{"loc":{"start":{"line":95,"column":21},"end":{"line":95,"column":null}},"type":"binary-expr","locations":[{"start":{"line":95,"column":21},"end":{"line":95,"column":44}},{"start":{"line":95,"column":44},"end":{"line":95,"column":null}}],"line":95},"6":{"loc":{"start":{"line":110,"column":15},"end":{"line":122,"column":null}},"type":"binary-expr","locations":[{"start":{"line":110,"column":15},"end":{"line":110,"column":null}},{"start":{"line":111,"column":16},"end":{"line":122,"column":null}}],"line":110}},"s":{"0":192,"1":525,"2":192,"3":525,"4":192,"5":619,"6":192,"7":619,"8":192,"9":619,"10":192,"11":619,"12":192,"13":531,"14":192,"15":531,"16":192,"17":192,"18":57,"19":57,"20":57,"21":57,"22":57,"23":33,"24":0,"25":57,"26":57,"27":57,"28":192,"29":57,"30":192,"31":1,"32":1,"33":1,"34":192,"35":90,"36":192,"37":192},"f":{"0":192,"1":525,"2":525,"3":619,"4":619,"5":619,"6":619,"7":531,"8":531,"9":57,"10":57,"11":57,"12":57,"13":1,"14":90},"b":{"0":[33,24],"1":[57,56],"2":[90,0],"3":[189,0],"4":[192,189],"5":[189,23],"6":[192,189]},"meta":{"lastBranch":7,"lastFunction":15,"lastStatement":38,"seen":{"f:14:9:14:15":0,"s:16:8:16:Infinity":0,"f:16:34:16:35":1,"s:16:45:16:63":1,"s:17:8:17:Infinity":2,"f:17:37:17:38":2,"s:17:48:17:69":3,"s:20:8:20:Infinity":4,"f:20:33:20:34":3,"s:20:44:20:57":5,"s:21:8:21:Infinity":6,"f:21:42:21:43":4,"s:21:53:21:75":7,"s:22:8:22:Infinity":8,"f:22:31:22:32":5,"s:22:42:22:53":9,"s:23:8:23:Infinity":10,"f:23:39:23:40":6,"s:23:50:23:69":11,"s:26:8:26:Infinity":12,"f:26:41:26:42":7,"s:26:52:26:71":13,"s:27:8:27:Infinity":14,"f:27:44:27:45":8,"s:27:55:27:77":15,"s:30:2:30:Infinity":16,"s:33:2:52:Infinity":17,"f:33:12:33:18":9,"s:34:18:34:Infinity":18,"s:36:24:45:Infinity":19,"f:36:24:36:36":10,"s:37:6:44:Infinity":20,"s:38:24:38:Infinity":21,"b:39:8:41:Infinity:undefined:undefined:undefined:undefined":0,"s:39:8:41:Infinity":22,"b:39:12:39:23:39:23:39:32":1,"s:40:10:40:Infinity":23,"s:43:8:43:Infinity":24,"s:47:4:47:Infinity":25,"s:49:4:51:Infinity":26,"f:49:11:49:17":11,"s:50:6:50:Infinity":27,"s:55:2:59:Infinity":28,"f:55:12:55:18":12,"s:57:4:57:Infinity":29,"s:63:8:68:Infinity":30,"f:63:38:63:39":13,"s:64:21:64:Infinity":31,"s:65:4:65:Infinity":32,"s:67:4:67:Infinity":33,"s:71:8:74:Infinity":34,"f:71:33:71:Infinity":14,"s:72:5:72:Infinity":35,"b:72:5:72:22:72:22:72:Infinity":2,"s:77:22:77:Infinity":36,"b:77:39:77:55:77:55:77:Infinity":3,"s:79:2:128:Infinity":37,"b:93:17:93:Infinity:94:18:96:Infinity":4,"b:95:21:95:44:95:44:95:Infinity":5,"b:110:15:110:Infinity:111:16:122:Infinity":6}}}
,"/Users/sunven/github/cc-config/cc-config-viewer/src/components/ConfigList.tsx": {"path":"/Users/sunven/github/cc-config/cc-config-viewer/src/components/ConfigList.tsx","statementMap":{"0":{"start":{"line":16,"column":33},"end":{"line":16,"column":null}},"1":{"start":{"line":26,"column":6},"end":{"line":76,"column":null}},"2":{"start":{"line":37,"column":2},"end":{"line":65,"column":null}},"3":{"start":{"line":69,"column":2},"end":{"line":74,"column":null}},"4":{"start":{"line":78,"column":13},"end":{"line":190,"column":null}},"5":{"start":{"line":85,"column":2},"end":{"line":90,"column":null}},"6":{"start":{"line":86,"column":4},"end":{"line":89,"column":null}},"7":{"start":{"line":93,"column":8},"end":{"line":104,"column":null}},"8":{"start":{"line":93,"column":46},"end":{"line":104,"column":5}},"9":{"start":{"line":94,"column":4},"end":{"line":103,"column":null}},"10":{"start":{"line":96,"column":8},"end":{"line":96,"column":null}},"11":{"start":{"line":98,"column":8},"end":{"line":98,"column":null}},"12":{"start":{"line":100,"column":8},"end":{"line":100,"column":null}},"13":{"start":{"line":102,"column":8},"end":{"line":102,"column":null}},"14":{"start":{"line":106,"column":8},"end":{"line":117,"column":null}},"15":{"start":{"line":106,"column":48},"end":{"line":117,"column":5}},"16":{"start":{"line":107,"column":4},"end":{"line":116,"column":null}},"17":{"start":{"line":109,"column":8},"end":{"line":109,"column":null}},"18":{"start":{"line":111,"column":8},"end":{"line":111,"column":null}},"19":{"start":{"line":113,"column":8},"end":{"line":113,"column":null}},"20":{"start":{"line":115,"column":8},"end":{"line":115,"column":null}},"21":{"start":{"line":119,"column":8},"end":{"line":124,"column":null}},"22":{"start":{"line":119,"column":36},"end":{"line":124,"column":5}},"23":{"start":{"line":120,"column":4},"end":{"line":122,"column":null}},"24":{"start":{"line":121,"column":6},"end":{"line":121,"column":null}},"25":{"start":{"line":123,"column":4},"end":{"line":123,"column":null}},"26":{"start":{"line":126,"column":2},"end":{"line":135,"column":null}},"27":{"start":{"line":127,"column":4},"end":{"line":133,"column":null}},"28":{"start":{"line":137,"column":2},"end":{"line":146,"column":null}},"29":{"start":{"line":138,"column":4},"end":{"line":144,"column":null}},"30":{"start":{"line":148,"column":2},"end":{"line":166,"column":null}},"31":{"start":{"line":156,"column":12},"end":{"line":162,"column":null}},"32":{"start":{"line":171,"column":2},"end":{"line":171,"column":null}},"33":{"start":{"line":171,"column":51},"end":{"line":171,"column":null}},"34":{"start":{"line":172,"column":2},"end":{"line":172,"column":null}},"35":{"start":{"line":172,"column":43},"end":{"line":172,"column":null}},"36":{"start":{"line":173,"column":2},"end":{"line":173,"column":null}},"37":{"start":{"line":173,"column":43},"end":{"line":173,"column":null}},"38":{"start":{"line":174,"column":2},"end":{"line":174,"column":null}},"39":{"start":{"line":174,"column":61},"end":{"line":174,"column":null}},"40":{"start":{"line":177,"column":2},"end":{"line":187,"column":null}},"41":{"start":{"line":177,"column":15},"end":{"line":177,"column":18}},"42":{"start":{"line":178,"column":23},"end":{"line":178,"column":null}},"43":{"start":{"line":179,"column":23},"end":{"line":179,"column":null}},"44":{"start":{"line":180,"column":4},"end":{"line":186,"column":null}},"45":{"start":{"line":185,"column":6},"end":{"line":185,"column":null}},"46":{"start":{"line":189,"column":2},"end":{"line":189,"column":null}}},"fnMap":{"0":{"name":"ConfigItem2","decl":{"start":{"line":26,"column":33},"end":{"line":26,"column":44}},"loc":{"start":{"line":36,"column":3},"end":{"line":67,"column":3}},"line":36},"1":{"name":"(anonymous_1)","decl":{"start":{"line":67,"column":3},"end":{"line":67,"column":4}},"loc":{"start":{"line":67,"column":29},"end":{"line":76,"column":1}},"line":67},"2":{"name":"ConfigList2","decl":{"start":{"line":78,"column":67},"end":{"line":78,"column":78}},"loc":{"start":{"line":83,"column":3},"end":{"line":168,"column":3}},"line":83},"3":{"name":"(anonymous_3)","decl":{"start":{"line":93,"column":40},"end":{"line":93,"column":46}},"loc":{"start":{"line":93,"column":46},"end":{"line":104,"column":5}},"line":93},"4":{"name":"(anonymous_4)","decl":{"start":{"line":93,"column":46},"end":{"line":93,"column":47}},"loc":{"start":{"line":93,"column":92},"end":{"line":104,"column":5}},"line":93},"5":{"name":"(anonymous_5)","decl":{"start":{"line":106,"column":42},"end":{"line":106,"column":48}},"loc":{"start":{"line":106,"column":48},"end":{"line":117,"column":5}},"line":106},"6":{"name":"(anonymous_6)","decl":{"start":{"line":106,"column":48},"end":{"line":106,"column":49}},"loc":{"start":{"line":106,"column":94},"end":{"line":117,"column":5}},"line":106},"7":{"name":"(anonymous_7)","decl":{"start":{"line":119,"column":30},"end":{"line":119,"column":36}},"loc":{"start":{"line":119,"column":36},"end":{"line":124,"column":5}},"line":119},"8":{"name":"(anonymous_8)","decl":{"start":{"line":119,"column":36},"end":{"line":119,"column":37}},"loc":{"start":{"line":119,"column":52},"end":{"line":124,"column":5}},"line":119},"9":{"name":"(anonymous_9)","decl":{"start":{"line":155,"column":23},"end":{"line":155,"column":24}},"loc":{"start":{"line":156,"column":12},"end":{"line":162,"column":null}},"line":156},"10":{"name":"(anonymous_10)","decl":{"start":{"line":168,"column":3},"end":{"line":168,"column":4}},"loc":{"start":{"line":168,"column":29},"end":{"line":190,"column":1}},"line":168}},"branchMap":{"0":{"loc":{"start":{"line":44,"column":11},"end":{"line":45,"column":null}},"type":"binary-expr","locations":[{"start":{"line":44,"column":11},"end":{"line":44,"column":null}},{"start":{"line":45,"column":12},"end":{"line":45,"column":null}}],"line":44},"1":{"loc":{"start":{"line":47,"column":11},"end":{"line":50,"column":null}},"type":"binary-expr","locations":[{"start":{"line":47,"column":11},"end":{"line":47,"column":null}},{"start":{"line":48,"column":12},"end":{"line":50,"column":null}}],"line":47},"2":{"loc":{"start":{"line":70,"column":4},"end":{"line":74,"column":null}},"type":"binary-expr","locations":[{"start":{"line":70,"column":4},"end":{"line":70,"column":null}},{"start":{"line":71,"column":4},"end":{"line":71,"column":null}},{"start":{"line":72,"column":4},"end":{"line":72,"column":null}},{"start":{"line":73,"column":4},"end":{"line":73,"column":null}},{"start":{"line":74,"column":4},"end":{"line":74,"column":null}}],"line":70},"3":{"loc":{"start":{"line":80,"column":2},"end":{"line":80,"column":null}},"type":"default-arg","locations":[{"start":{"line":80,"column":10},"end":{"line":80,"column":null}}],"line":80},"4":{"loc":{"start":{"line":85,"column":2},"end":{"line":90,"column":null}},"type":"if","locations":[{"start":{"line":85,"column":2},"end":{"line":90,"column":null}},{"start":{},"end":{}}],"line":85},"5":{"loc":{"start":{"line":85,"column":6},"end":{"line":85,"column":91}},"type":"binary-expr","locations":[{"start":{"line":85,"column":6},"end":{"line":85,"column":48}},{"start":{"line":85,"column":48},"end":{"line":85,"column":91}}],"line":85},"6":{"loc":{"start":{"line":94,"column":4},"end":{"line":103,"column":null}},"type":"switch","locations":[{"start":{"line":95,"column":6},"end":{"line":96,"column":null}},{"start":{"line":97,"column":6},"end":{"line":98,"column":null}},{"start":{"line":99,"column":6},"end":{"line":100,"column":null}},{"start":{"line":101,"column":6},"end":{"line":102,"column":null}}],"line":94},"7":{"loc":{"start":{"line":107,"column":4},"end":{"line":116,"column":null}},"type":"switch","locations":[{"start":{"line":108,"column":6},"end":{"line":109,"column":null}},{"start":{"line":110,"column":6},"end":{"line":111,"column":null}},{"start":{"line":112,"column":6},"end":{"line":113,"column":null}},{"start":{"line":114,"column":6},"end":{"line":115,"column":null}}],"line":107},"8":{"loc":{"start":{"line":120,"column":4},"end":{"line":122,"column":null}},"type":"if","locations":[{"start":{"line":120,"column":4},"end":{"line":122,"column":null}},{"start":{},"end":{}}],"line":120},"9":{"loc":{"start":{"line":126,"column":2},"end":{"line":135,"column":null}},"type":"if","locations":[{"start":{"line":126,"column":2},"end":{"line":135,"column":null}},{"start":{},"end":{}}],"line":126},"10":{"loc":{"start":{"line":137,"column":2},"end":{"line":146,"column":null}},"type":"if","locations":[{"start":{"line":137,"column":2},"end":{"line":146,"column":null}},{"start":{},"end":{}}],"line":137},"11":{"loc":{"start":{"line":151,"column":7},"end":{"line":164,"column":null}},"type":"cond-expr","locations":[{"start":{"line":152,"column":8},"end":{"line":152,"column":null}},{"start":{"line":154,"column":8},"end":{"line":164,"column":null}}],"line":151},"12":{"loc":{"start":{"line":171,"column":2},"end":{"line":171,"column":null}},"type":"if","locations":[{"start":{"line":171,"column":2},"end":{"line":171,"column":null}},{"start":{},"end":{}}],"line":171},"13":{"loc":{"start":{"line":172,"column":2},"end":{"line":172,"column":null}},"type":"if","locations":[{"start":{"line":172,"column":2},"end":{"line":172,"column":null}},{"start":{},"end":{}}],"line":172},"14":{"loc":{"start":{"line":173,"column":2},"end":{"line":173,"column":null}},"type":"if","locations":[{"start":{"line":173,"column":2},"end":{"line":173,"column":null}},{"start":{},"end":{}}],"line":173},"15":{"loc":{"start":{"line":174,"column":2},"end":{"line":174,"column":null}},"type":"if","locations":[{"start":{"line":174,"column":2},"end":{"line":174,"column":null}},{"start":{},"end":{}}],"line":174},"16":{"loc":{"start":{"line":180,"column":4},"end":{"line":186,"column":null}},"type":"if","locations":[{"start":{"line":180,"column":4},"end":{"line":186,"column":null}},{"start":{},"end":{}}],"line":180},"17":{"loc":{"start":{"line":181,"column":6},"end":{"line":183,"column":null}},"type":"binary-expr","locations":[{"start":{"line":181,"column":6},"end":{"line":181,"column":null}},{"start":{"line":182,"column":6},"end":{"line":182,"column":null}},{"start":{"line":183,"column":6},"end":{"line":183,"column":null}}],"line":181}},"s":{"0":6,"1":6,"2":24,"3":4,"4":6,"5":152,"6":0,"7":152,"8":81,"9":24,"10":11,"11":12,"12":1,"13":0,"14":152,"15":81,"16":24,"17":11,"18":12,"19":1,"20":0,"21":152,"22":81,"23":24,"24":2,"25":22,"26":152,"27":43,"28":109,"29":5,"30":104,"31":27,"32":137,"33":65,"34":72,"35":2,"36":70,"37":1,"38":69,"39":2,"40":67,"41":67,"42":7,"43":7,"44":7,"45":1,"46":66},"f":{"0":24,"1":4,"2":152,"3":81,"4":24,"5":81,"6":24,"7":81,"8":24,"9":27,"10":137},"b":{"0":[24,1],"1":[24,1],"2":[4,4,4,3,3],"3":[152],"4":[0,152],"5":[152,0],"6":[11,12,1,0],"7":[11,12,1,0],"8":[2,22],"9":[43,109],"10":[5,104],"11":[87,17],"12":[65,72],"13":[2,70],"14":[1,69],"15":[2,67],"16":[1,6],"17":[7,7,7]},"meta":{"lastBranch":18,"lastFunction":11,"lastStatement":47,"seen":{"s:16:33:16:Infinity":0,"s:26:6:76:Infinity":1,"f:26:33:26:44":0,"s:37:2:65:Infinity":2,"b:44:11:44:Infinity:45:12:45:Infinity":0,"b:47:11:47:Infinity:48:12:50:Infinity":1,"f:67:3:67:4":1,"s:69:2:74:Infinity":3,"b:70:4:70:Infinity:71:4:71:Infinity:72:4:72:Infinity:73:4:73:Infinity:74:4:74:Infinity":2,"s:78:13:190:Infinity":4,"f:78:67:78:78":2,"b:80:10:80:Infinity":3,"b:85:2:90:Infinity:undefined:undefined:undefined:undefined":4,"s:85:2:90:Infinity":5,"b:85:6:85:48:85:48:85:91":5,"s:86:4:89:Infinity":6,"s:93:8:104:Infinity":7,"f:93:40:93:46":3,"s:93:46:104:5":8,"f:93:46:93:47":4,"b:95:6:96:Infinity:97:6:98:Infinity:99:6:100:Infinity:101:6:102:Infinity":6,"s:94:4:103:Infinity":9,"s:96:8:96:Infinity":10,"s:98:8:98:Infinity":11,"s:100:8:100:Infinity":12,"s:102:8:102:Infinity":13,"s:106:8:117:Infinity":14,"f:106:42:106:48":5,"s:106:48:117:5":15,"f:106:48:106:49":6,"b:108:6:109:Infinity:110:6:111:Infinity:112:6:113:Infinity:114:6:115:Infinity":7,"s:107:4:116:Infinity":16,"s:109:8:109:Infinity":17,"s:111:8:111:Infinity":18,"s:113:8:113:Infinity":19,"s:115:8:115:Infinity":20,"s:119:8:124:Infinity":21,"f:119:30:119:36":7,"s:119:36:124:5":22,"f:119:36:119:37":8,"b:120:4:122:Infinity:undefined:undefined:undefined:undefined":8,"s:120:4:122:Infinity":23,"s:121:6:121:Infinity":24,"s:123:4:123:Infinity":25,"b:126:2:135:Infinity:undefined:undefined:undefined:undefined":9,"s:126:2:135:Infinity":26,"s:127:4:133:Infinity":27,"b:137:2:146:Infinity:undefined:undefined:undefined:undefined":10,"s:137:2:146:Infinity":28,"s:138:4:144:Infinity":29,"s:148:2:166:Infinity":30,"b:152:8:152:Infinity:154:8:164:Infinity":11,"f:155:23:155:24":9,"s:156:12:162:Infinity":31,"f:168:3:168:4":10,"b:171:2:171:Infinity:undefined:undefined:undefined:undefined":12,"s:171:2:171:Infinity":32,"s:171:51:171:Infinity":33,"b:172:2:172:Infinity:undefined:undefined:undefined:undefined":13,"s:172:2:172:Infinity":34,"s:172:43:172:Infinity":35,"b:173:2:173:Infinity:undefined:undefined:undefined:undefined":14,"s:173:2:173:Infinity":36,"s:173:43:173:Infinity":37,"b:174:2:174:Infinity:undefined:undefined:undefined:undefined":15,"s:174:2:174:Infinity":38,"s:174:61:174:Infinity":39,"s:177:2:187:Infinity":40,"s:177:15:177:18":41,"s:178:23:178:Infinity":42,"s:179:23:179:Infinity":43,"b:180:4:186:Infinity:undefined:undefined:undefined:undefined":16,"s:180:4:186:Infinity":44,"b:181:6:181:Infinity:182:6:182:Infinity:183:6:183:Infinity":17,"s:185:6:185:Infinity":45,"s:189:2:189:Infinity":46}}}
,"/Users/sunven/github/cc-config/cc-config-viewer/src/components/ErrorBoundary.tsx": {"path":"/Users/sunven/github/cc-config/cc-config-viewer/src/components/ErrorBoundary.tsx","statementMap":{"0":{"start":{"line":15,"column":4},"end":{"line":15,"column":null}},"1":{"start":{"line":16,"column":4},"end":{"line":16,"column":null}},"2":{"start":{"line":20,"column":4},"end":{"line":20,"column":null}},"3":{"start":{"line":24,"column":4},"end":{"line":24,"column":null}},"4":{"start":{"line":28,"column":4},"end":{"line":46,"column":null}},"5":{"start":{"line":29,"column":6},"end":{"line":32,"column":null}},"6":{"start":{"line":30,"column":34},"end":{"line":30,"column":null}},"7":{"start":{"line":31,"column":8},"end":{"line":31,"column":null}},"8":{"start":{"line":34,"column":6},"end":{"line":44,"column":null}},"9":{"start":{"line":40,"column":27},"end":{"line":40,"column":null}},"10":{"start":{"line":48,"column":4},"end":{"line":48,"column":null}}},"fnMap":{"0":{"name":"(anonymous_0)","decl":{"start":{"line":14,"column":2},"end":{"line":14,"column":14}},"loc":{"start":{"line":14,"column":41},"end":{"line":17,"column":null}},"line":14},"1":{"name":"(anonymous_1)","decl":{"start":{"line":19,"column":9},"end":{"line":19,"column":34}},"loc":{"start":{"line":19,"column":68},"end":{"line":21,"column":null}},"line":19},"2":{"name":"(anonymous_2)","decl":{"start":{"line":23,"column":2},"end":{"line":23,"column":20}},"loc":{"start":{"line":23,"column":62},"end":{"line":25,"column":null}},"line":23},"3":{"name":"(anonymous_3)","decl":{"start":{"line":27,"column":2},"end":{"line":27,"column":11}},"loc":{"start":{"line":27,"column":11},"end":{"line":49,"column":null}},"line":27},"4":{"name":"(anonymous_4)","decl":{"start":{"line":40,"column":21},"end":{"line":40,"column":27}},"loc":{"start":{"line":40,"column":27},"end":{"line":40,"column":null}},"line":40}},"branchMap":{"0":{"loc":{"start":{"line":28,"column":4},"end":{"line":46,"column":null}},"type":"if","locations":[{"start":{"line":28,"column":4},"end":{"line":46,"column":null}},{"start":{},"end":{}}],"line":28},"1":{"loc":{"start":{"line":28,"column":8},"end":{"line":28,"column":49}},"type":"binary-expr","locations":[{"start":{"line":28,"column":8},"end":{"line":28,"column":31}},{"start":{"line":28,"column":31},"end":{"line":28,"column":49}}],"line":28},"2":{"loc":{"start":{"line":29,"column":6},"end":{"line":32,"column":null}},"type":"if","locations":[{"start":{"line":29,"column":6},"end":{"line":32,"column":null}},{"start":{},"end":{}}],"line":29}},"s":{"0":54,"1":54,"2":16,"3":8,"4":201,"5":16,"6":2,"7":2,"8":14,"9":0,"10":185},"f":{"0":54,"1":5,"2":8,"3":201,"4":0},"b":{"0":[16,185],"1":[201,16],"2":[2,14]},"meta":{"lastBranch":3,"lastFunction":5,"lastStatement":11,"seen":{"f:14:2:14:14":0,"s:15:4:15:Infinity":0,"s:16:4:16:Infinity":1,"f:19:9:19:34":1,"s:20:4:20:Infinity":2,"f:23:2:23:20":2,"s:24:4:24:Infinity":3,"f:27:2:27:11":3,"b:28:4:46:Infinity:undefined:undefined:undefined:undefined":0,"s:28:4:46:Infinity":4,"b:28:8:28:31:28:31:28:49":1,"b:29:6:32:Infinity:undefined:undefined:undefined:undefined":2,"s:29:6:32:Infinity":5,"s:30:34:30:Infinity":6,"s:31:8:31:Infinity":7,"s:34:6:44:Infinity":8,"f:40:21:40:27":4,"s:40:27:40:Infinity":9,"s:48:4:48:Infinity":10}}}
,"/Users/sunven/github/cc-config/cc-config-viewer/src/components/InheritedIndicator.tsx": {"path":"/Users/sunven/github/cc-config/cc-config-viewer/src/components/InheritedIndicator.tsx","statementMap":{"0":{"start":{"line":13,"column":23},"end":{"line":16,"column":null}},"1":{"start":{"line":19,"column":4},"end":{"line":32,"column":null}},"2":{"start":{"line":35,"column":2},"end":{"line":44,"column":null}},"3":{"start":{"line":36,"column":4},"end":{"line":42,"column":null}},"4":{"start":{"line":46,"column":2},"end":{"line":46,"column":null}}},"fnMap":{"0":{"name":"InheritedIndicator","decl":{"start":{"line":12,"column":16},"end":{"line":12,"column":35}},"loc":{"start":{"line":12,"column":92},"end":{"line":47,"column":null}},"line":12}},"branchMap":{"0":{"loc":{"start":{"line":12,"column":45},"end":{"line":12,"column":64}},"type":"default-arg","locations":[{"start":{"line":12,"column":59},"end":{"line":12,"column":64}}],"line":12},"1":{"loc":{"start":{"line":35,"column":2},"end":{"line":44,"column":null}},"type":"if","locations":[{"start":{"line":35,"column":2},"end":{"line":44,"column":null}},{"start":{},"end":{}}],"line":35},"2":{"loc":{"start":{"line":40,"column":19},"end":{"line":40,"column":53}},"type":"cond-expr","locations":[{"start":{"line":40,"column":39},"end":{"line":40,"column":47}},{"start":{"line":40,"column":47},"end":{"line":40,"column":53}}],"line":40}},"s":{"0":10,"1":10,"2":10,"3":4,"4":6},"f":{"0":10},"b":{"0":[10],"1":[4,6],"2":[3,1]},"meta":{"lastBranch":3,"lastFunction":1,"lastStatement":5,"seen":{"f:12:16:12:35":0,"b:12:59:12:64":0,"s:13:23:16:Infinity":0,"s:19:4:32:Infinity":1,"b:35:2:44:Infinity:undefined:undefined:undefined:undefined":1,"s:35:2:44:Infinity":2,"s:36:4:42:Infinity":3,"b:40:39:40:47:40:47:40:53":2,"s:46:2:46:Infinity":4}}}
,"/Users/sunven/github/cc-config/cc-config-viewer/src/components/McpBadge.tsx": {"path":"/Users/sunven/github/cc-config/cc-config-viewer/src/components/McpBadge.tsx","statementMap":{"0":{"start":{"line":8,"column":13},"end":{"line":38,"column":null}},"1":{"start":{"line":9,"column":25},"end":{"line":20,"column":null}},"2":{"start":{"line":10,"column":4},"end":{"line":19,"column":null}},"3":{"start":{"line":12,"column":8},"end":{"line":12,"column":null}},"4":{"start":{"line":14,"column":8},"end":{"line":14,"column":null}},"5":{"start":{"line":16,"column":8},"end":{"line":16,"column":null}},"6":{"start":{"line":18,"column":8},"end":{"line":18,"column":null}},"7":{"start":{"line":22,"column":2},"end":{"line":30,"column":null}},"8":{"start":{"line":34,"column":2},"end":{"line":36,"column":null}}},"fnMap":{"0":{"name":"McpBadge2","decl":{"start":{"line":8,"column":63},"end":{"line":8,"column":72}},"loc":{"start":{"line":8,"column":84},"end":{"line":32,"column":3}},"line":8},"1":{"name":"(anonymous_1)","decl":{"start":{"line":9,"column":25},"end":{"line":9,"column":26}},"loc":{"start":{"line":9,"column":58},"end":{"line":20,"column":null}},"line":9},"2":{"name":"(anonymous_2)","decl":{"start":{"line":32,"column":3},"end":{"line":32,"column":4}},"loc":{"start":{"line":32,"column":29},"end":{"line":38,"column":1}},"line":32}},"branchMap":{"0":{"loc":{"start":{"line":10,"column":4},"end":{"line":19,"column":null}},"type":"switch","locations":[{"start":{"line":11,"column":6},"end":{"line":12,"column":null}},{"start":{"line":13,"column":6},"end":{"line":14,"column":null}},{"start":{"line":15,"column":6},"end":{"line":16,"column":null}},{"start":{"line":17,"column":6},"end":{"line":18,"column":null}}],"line":10},"1":{"loc":{"start":{"line":35,"column":4},"end":{"line":36,"column":null}},"type":"binary-expr","locations":[{"start":{"line":35,"column":4},"end":{"line":35,"column":null}},{"start":{"line":36,"column":4},"end":{"line":36,"column":null}}],"line":35}},"s":{"0":1,"1":15,"2":15,"3":8,"4":3,"5":3,"6":1,"7":15,"8":3},"f":{"0":15,"1":15,"2":3},"b":{"0":[8,3,3,1],"1":[3,2]},"meta":{"lastBranch":2,"lastFunction":3,"lastStatement":9,"seen":{"s:8:13:38:Infinity":0,"f:8:63:8:72":0,"s:9:25:20:Infinity":1,"f:9:25:9:26":1,"b:11:6:12:Infinity:13:6:14:Infinity:15:6:16:Infinity:17:6:18:Infinity":0,"s:10:4:19:Infinity":2,"s:12:8:12:Infinity":3,"s:14:8:14:Infinity":4,"s:16:8:16:Infinity":5,"s:18:8:18:Infinity":6,"s:22:2:30:Infinity":7,"f:32:3:32:4":2,"s:34:2:36:Infinity":8,"b:35:4:35:Infinity:36:4:36:Infinity":1}}}
,"/Users/sunven/github/cc-config/cc-config-viewer/src/components/ProjectTab.tsx": {"path":"/Users/sunven/github/cc-config/cc-config-viewer/src/components/ProjectTab.tsx","statementMap":{"0":{"start":{"line":12,"column":13},"end":{"line":57,"column":null}},"1":{"start":{"line":14,"column":8},"end":{"line":14,"column":null}},"2":{"start":{"line":14,"column":45},"end":{"line":14,"column":63}},"3":{"start":{"line":15,"column":8},"end":{"line":15,"column":null}},"4":{"start":{"line":15,"column":48},"end":{"line":15,"column":69}},"5":{"start":{"line":16,"column":8},"end":{"line":16,"column":null}},"6":{"start":{"line":16,"column":50},"end":{"line":16,"column":69}},"7":{"start":{"line":18,"column":19},"end":{"line":18,"column":null}},"8":{"start":{"line":19,"column":16},"end":{"line":19,"column":null}},"9":{"start":{"line":22,"column":8},"end":{"line":26,"column":null}},"10":{"start":{"line":23,"column":4},"end":{"line":23,"column":null}},"11":{"start":{"line":25,"column":4},"end":{"line":25,"column":null}},"12":{"start":{"line":28,"column":2},"end":{"line":48,"column":null}},"13":{"start":{"line":52,"column":2},"end":{"line":55,"column":null}}},"fnMap":{"0":{"name":"ProjectTab2","decl":{"start":{"line":12,"column":67},"end":{"line":12,"column":78}},"loc":{"start":{"line":12,"column":98},"end":{"line":50,"column":3}},"line":12},"1":{"name":"(anonymous_1)","decl":{"start":{"line":14,"column":34},"end":{"line":14,"column":35}},"loc":{"start":{"line":14,"column":45},"end":{"line":14,"column":63}},"line":14},"2":{"name":"(anonymous_2)","decl":{"start":{"line":15,"column":37},"end":{"line":15,"column":38}},"loc":{"start":{"line":15,"column":48},"end":{"line":15,"column":69}},"line":15},"3":{"name":"(anonymous_3)","decl":{"start":{"line":16,"column":39},"end":{"line":16,"column":40}},"loc":{"start":{"line":16,"column":50},"end":{"line":16,"column":69}},"line":16},"4":{"name":"(anonymous_4)","decl":{"start":{"line":22,"column":34},"end":{"line":22,"column":40}},"loc":{"start":{"line":22,"column":40},"end":{"line":26,"column":5}},"line":22},"5":{"name":"(anonymous_5)","decl":{"start":{"line":50,"column":3},"end":{"line":50,"column":4}},"loc":{"start":{"line":50,"column":29},"end":{"line":57,"column":1}},"line":50}},"branchMap":{"0":{"loc":{"start":{"line":19,"column":16},"end":{"line":19,"column":null}},"type":"cond-expr","locations":[{"start":{"line":19,"column":35},"end":{"line":19,"column":44}},{"start":{"line":19,"column":44},"end":{"line":19,"column":null}}],"line":19},"1":{"loc":{"start":{"line":19,"column":44},"end":{"line":19,"column":null}},"type":"binary-expr","locations":[{"start":{"line":19,"column":44},"end":{"line":19,"column":61}},{"start":{"line":19,"column":61},"end":{"line":19,"column":null}}],"line":19},"2":{"loc":{"start":{"line":31,"column":8},"end":{"line":33,"column":null}},"type":"cond-expr","locations":[{"start":{"line":32,"column":12},"end":{"line":32,"column":null}},{"start":{"line":33,"column":12},"end":{"line":33,"column":null}}],"line":31},"3":{"loc":{"start":{"line":38,"column":7},"end":{"line":41,"column":null}},"type":"binary-expr","locations":[{"start":{"line":38,"column":7},"end":{"line":38,"column":null}},{"start":{"line":39,"column":8},"end":{"line":41,"column":null}}],"line":38},"4":{"loc":{"start":{"line":43,"column":7},"end":{"line":46,"column":null}},"type":"binary-expr","locations":[{"start":{"line":43,"column":7},"end":{"line":43,"column":null}},{"start":{"line":44,"column":8},"end":{"line":46,"column":null}}],"line":43},"5":{"loc":{"start":{"line":53,"column":4},"end":{"line":55,"column":null}},"type":"binary-expr","locations":[{"start":{"line":53,"column":4},"end":{"line":53,"column":null}},{"start":{"line":54,"column":4},"end":{"line":54,"column":null}},{"start":{"line":55,"column":4},"end":{"line":55,"column":null}}],"line":53}},"s":{"0":6,"1":11,"2":19,"3":11,"4":19,"5":11,"6":27,"7":11,"8":11,"9":11,"10":1,"11":1,"12":11,"13":11},"f":{"0":11,"1":19,"2":19,"3":27,"4":1,"5":11},"b":{"0":[5,6],"1":[6,0],"2":[7,4],"3":[11,5],"4":[11,6],"5":[11,11,11]},"meta":{"lastBranch":6,"lastFunction":6,"lastStatement":14,"seen":{"s:12:13:57:Infinity":0,"f:12:67:12:78":0,"s:14:8:14:Infinity":1,"f:14:34:14:35":1,"s:14:45:14:63":2,"s:15:8:15:Infinity":3,"f:15:37:15:38":2,"s:15:48:15:69":4,"s:16:8:16:Infinity":5,"f:16:39:16:40":3,"s:16:50:16:69":6,"s:18:19:18:Infinity":7,"s:19:16:19:Infinity":8,"b:19:35:19:44:19:44:19:Infinity":0,"b:19:44:19:61:19:61:19:Infinity":1,"s:22:8:26:Infinity":9,"f:22:34:22:40":4,"s:23:4:23:Infinity":10,"s:25:4:25:Infinity":11,"s:28:2:48:Infinity":12,"b:32:12:32:Infinity:33:12:33:Infinity":2,"b:38:7:38:Infinity:39:8:41:Infinity":3,"b:43:7:43:Infinity:44:8:46:Infinity":4,"f:50:3:50:4":5,"s:52:2:55:Infinity":13,"b:53:4:53:Infinity:54:4:54:Infinity:55:4:55:Infinity":5}}}
,"/Users/sunven/github/cc-config/cc-config-viewer/src/components/ScopeIndicator.tsx": {"path":"/Users/sunven/github/cc-config/cc-config-viewer/src/components/ScopeIndicator.tsx","statementMap":{"0":{"start":{"line":9,"column":22},"end":{"line":20,"column":null}},"1":{"start":{"line":22,"column":17},"end":{"line":22,"column":null}},"2":{"start":{"line":24,"column":2},"end":{"line":36,"column":null}}},"fnMap":{"0":{"name":"ScopeIndicator","decl":{"start":{"line":8,"column":16},"end":{"line":8,"column":31}},"loc":{"start":{"line":8,"column":76},"end":{"line":38,"column":null}},"line":8}},"branchMap":{"0":{"loc":{"start":{"line":17,"column":13},"end":{"line":17,"column":null}},"type":"cond-expr","locations":[{"start":{"line":17,"column":27},"end":{"line":17,"column":50}},{"start":{"line":17,"column":50},"end":{"line":17,"column":null}}],"line":17}},"s":{"0":182,"1":182,"2":182},"f":{"0":182},"b":{"0":[17,165]},"meta":{"lastBranch":1,"lastFunction":1,"lastStatement":3,"seen":{"f:8:16:8:31":0,"s:9:22:20:Infinity":0,"b:17:27:17:50:17:50:17:Infinity":0,"s:22:17:22:Infinity":1,"s:24:2:36:Infinity":2}}}
,"/Users/sunven/github/cc-config/cc-config-viewer/src/components/ui/badge.tsx": {"path":"/Users/sunven/github/cc-config/cc-config-viewer/src/components/ui/badge.tsx","statementMap":{"0":{"start":{"line":6,"column":6},"end":{"line":24,"column":null}},"1":{"start":{"line":31,"column":2},"end":{"line":32,"column":null}}},"fnMap":{"0":{"name":"Badge","decl":{"start":{"line":30,"column":9},"end":{"line":30,"column":15}},"loc":{"start":{"line":30,"column":61},"end":{"line":34,"column":null}},"line":30}},"branchMap":{},"s":{"0":7,"1":36},"f":{"0":36},"b":{},"meta":{"lastBranch":0,"lastFunction":1,"lastStatement":2,"seen":{"s:6:6:24:Infinity":0,"f:30:9:30:15":0,"s:31:2:32:Infinity":1}}}
,"/Users/sunven/github/cc-config/cc-config-viewer/src/components/ui/button.tsx": {"path":"/Users/sunven/github/cc-config/cc-config-viewer/src/components/ui/button.tsx","statementMap":{"0":{"start":{"line":7,"column":6},"end":{"line":35,"column":null}},"1":{"start":{"line":43,"column":15},"end":{"line":54,"column":null}},"2":{"start":{"line":45,"column":17},"end":{"line":45,"column":null}},"3":{"start":{"line":46,"column":4},"end":{"line":51,"column":null}},"4":{"start":{"line":55,"column":0},"end":{"line":55,"column":null}}},"fnMap":{"0":{"name":"(anonymous_0)","decl":{"start":{"line":44,"column":2},"end":{"line":44,"column":3}},"loc":{"start":{"line":44,"column":68},"end":{"line":53,"column":null}},"line":44}},"branchMap":{"0":{"loc":{"start":{"line":44,"column":31},"end":{"line":44,"column":48}},"type":"default-arg","locations":[{"start":{"line":44,"column":41},"end":{"line":44,"column":48}}],"line":44},"1":{"loc":{"start":{"line":45,"column":17},"end":{"line":45,"column":null}},"type":"cond-expr","locations":[{"start":{"line":45,"column":27},"end":{"line":45,"column":34}},{"start":{"line":45,"column":34},"end":{"line":45,"column":null}}],"line":45}},"s":{"0":1,"1":1,"2":7,"3":7,"4":1},"f":{"0":7},"b":{"0":[7],"1":[1,6]},"meta":{"lastBranch":2,"lastFunction":1,"lastStatement":5,"seen":{"s:7:6:35:Infinity":0,"s:43:15:54:Infinity":1,"f:44:2:44:3":0,"b:44:41:44:48":0,"s:45:17:45:Infinity":2,"b:45:27:45:34:45:34:45:Infinity":1,"s:46:4:51:Infinity":3,"s:55:0:55:Infinity":4}}}
,"/Users/sunven/github/cc-config/cc-config-viewer/src/components/ui/tabs.tsx": {"path":"/Users/sunven/github/cc-config/cc-config-viewer/src/components/ui/tabs.tsx","statementMap":{"0":{"start":{"line":6,"column":13},"end":{"line":6,"column":null}},"1":{"start":{"line":8,"column":17},"end":{"line":20,"column":null}},"2":{"start":{"line":12,"column":2},"end":{"line":19,"column":null}},"3":{"start":{"line":21,"column":0},"end":{"line":21,"column":null}},"4":{"start":{"line":23,"column":20},"end":{"line":44,"column":null}},"5":{"start":{"line":27,"column":2},"end":{"line":43,"column":null}},"6":{"start":{"line":45,"column":0},"end":{"line":45,"column":null}},"7":{"start":{"line":47,"column":20},"end":{"line":59,"column":null}},"8":{"start":{"line":51,"column":2},"end":{"line":58,"column":null}},"9":{"start":{"line":60,"column":0},"end":{"line":60,"column":null}}},"fnMap":{"0":{"name":"(anonymous_0)","decl":{"start":{"line":11,"column":2},"end":{"line":11,"column":3}},"loc":{"start":{"line":12,"column":2},"end":{"line":19,"column":null}},"line":12},"1":{"name":"(anonymous_1)","decl":{"start":{"line":26,"column":2},"end":{"line":26,"column":3}},"loc":{"start":{"line":27,"column":2},"end":{"line":43,"column":null}},"line":27},"2":{"name":"(anonymous_2)","decl":{"start":{"line":50,"column":2},"end":{"line":50,"column":3}},"loc":{"start":{"line":51,"column":2},"end":{"line":58,"column":null}},"line":51}},"branchMap":{},"s":{"0":5,"1":5,"2":190,"3":5,"4":5,"5":378,"6":5,"7":5,"8":378,"9":5},"f":{"0":190,"1":378,"2":378},"b":{},"meta":{"lastBranch":0,"lastFunction":3,"lastStatement":10,"seen":{"s:6:13:6:Infinity":0,"s:8:17:20:Infinity":1,"f:11:2:11:3":0,"s:12:2:19:Infinity":2,"s:21:0:21:Infinity":3,"s:23:20:44:Infinity":4,"f:26:2:26:3":1,"s:27:2:43:Infinity":5,"s:45:0:45:Infinity":6,"s:47:20:59:Infinity":7,"f:50:2:50:3":2,"s:51:2:58:Infinity":8,"s:60:0:60:Infinity":9}}}
,"/Users/sunven/github/cc-config/cc-config-viewer/src/components/ui/tooltip.tsx": {"path":"/Users/sunven/github/cc-config/cc-config-viewer/src/components/ui/tooltip.tsx","statementMap":{"0":{"start":{"line":6,"column":24},"end":{"line":6,"column":null}},"1":{"start":{"line":8,"column":16},"end":{"line":8,"column":null}},"2":{"start":{"line":10,"column":23},"end":{"line":10,"column":null}},"3":{"start":{"line":12,"column":23},"end":{"line":27,"column":null}},"4":{"start":{"line":16,"column":2},"end":{"line":26,"column":null}},"5":{"start":{"line":28,"column":0},"end":{"line":28,"column":null}}},"fnMap":{"0":{"name":"(anonymous_0)","decl":{"start":{"line":15,"column":2},"end":{"line":15,"column":3}},"loc":{"start":{"line":16,"column":2},"end":{"line":26,"column":null}},"line":16}},"branchMap":{"0":{"loc":{"start":{"line":15,"column":16},"end":{"line":15,"column":32}},"type":"default-arg","locations":[{"start":{"line":15,"column":29},"end":{"line":15,"column":32}}],"line":15}},"s":{"0":7,"1":7,"2":7,"3":7,"4":4,"5":7},"f":{"0":4},"b":{"0":[4]},"meta":{"lastBranch":1,"lastFunction":1,"lastStatement":6,"seen":{"s:6:24:6:Infinity":0,"s:8:16:8:Infinity":1,"s:10:23:10:Infinity":2,"s:12:23:27:Infinity":3,"f:15:2:15:3":0,"s:16:2:26:Infinity":4,"b:15:29:15:32":0,"s:28:0:28:Infinity":5}}}
,"/Users/sunven/github/cc-config/cc-config-viewer/src/hooks/useFileWatcher.ts": {"path":"/Users/sunven/github/cc-config/cc-config-viewer/src/hooks/useFileWatcher.ts","statementMap":{"0":{"start":{"line":15,"column":20},"end":{"line":15,"column":null}},"1":{"start":{"line":29,"column":55},"end":{"line":29,"column":null}},"2":{"start":{"line":30,"column":33},"end":{"line":30,"column":null}},"3":{"start":{"line":31,"column":8},"end":{"line":31,"column":null}},"4":{"start":{"line":32,"column":8},"end":{"line":32,"column":null}},"5":{"start":{"line":34,"column":2},"end":{"line":134,"column":null}},"6":{"start":{"line":35,"column":38},"end":{"line":35,"column":null}},"7":{"start":{"line":38,"column":27},"end":{"line":91,"column":null}},"8":{"start":{"line":39,"column":22},"end":{"line":39,"column":null}},"9":{"start":{"line":40,"column":6},"end":{"line":40,"column":null}},"10":{"start":{"line":42,"column":6},"end":{"line":42,"column":null}},"11":{"start":{"line":42,"column":32},"end":{"line":42,"column":null}},"12":{"start":{"line":45,"column":27},"end":{"line":45,"column":null}},"13":{"start":{"line":46,"column":30},"end":{"line":46,"column":null}},"14":{"start":{"line":47,"column":37},"end":{"line":47,"column":null}},"15":{"start":{"line":49,"column":6},"end":{"line":61,"column":null}},"16":{"start":{"line":50,"column":8},"end":{"line":52,"column":null}},"17":{"start":{"line":51,"column":10},"end":{"line":51,"column":null}},"18":{"start":{"line":55,"column":8},"end":{"line":57,"column":null}},"19":{"start":{"line":56,"column":10},"end":{"line":56,"column":null}},"20":{"start":{"line":58,"column":8},"end":{"line":60,"column":null}},"21":{"start":{"line":59,"column":10},"end":{"line":59,"column":null}},"22":{"start":{"line":64,"column":6},"end":{"line":66,"column":null}},"23":{"start":{"line":65,"column":8},"end":{"line":65,"column":null}},"24":{"start":{"line":69,"column":6},"end":{"line":74,"column":null}},"25":{"start":{"line":70,"column":8},"end":{"line":70,"column":null}},"26":{"start":{"line":71,"column":8},"end":{"line":73,"column":null}},"27":{"start":{"line":72,"column":10},"end":{"line":72,"column":null}},"28":{"start":{"line":75,"column":6},"end":{"line":81,"column":null}},"29":{"start":{"line":76,"column":8},"end":{"line":76,"column":null}},"30":{"start":{"line":77,"column":8},"end":{"line":77,"column":null}},"31":{"start":{"line":78,"column":8},"end":{"line":80,"column":null}},"32":{"start":{"line":79,"column":10},"end":{"line":79,"column":null}},"33":{"start":{"line":84,"column":29},"end":{"line":84,"column":null}},"34":{"start":{"line":85,"column":31},"end":{"line":85,"column":null}},"35":{"start":{"line":86,"column":6},"end":{"line":86,"column":null}},"36":{"start":{"line":88,"column":6},"end":{"line":90,"column":null}},"37":{"start":{"line":89,"column":8},"end":{"line":89,"column":null}},"38":{"start":{"line":94,"column":26},"end":{"line":118,"column":null}},"39":{"start":{"line":95,"column":6},"end":{"line":113,"column":null}},"40":{"start":{"line":96,"column":37},"end":{"line":96,"column":null}},"41":{"start":{"line":98,"column":8},"end":{"line":100,"column":null}},"42":{"start":{"line":99,"column":10},"end":{"line":99,"column":null}},"43":{"start":{"line":103,"column":8},"end":{"line":103,"column":null}},"44":{"start":{"line":106,"column":8},"end":{"line":108,"column":null}},"45":{"start":{"line":107,"column":10},"end":{"line":107,"column":null}},"46":{"start":{"line":110,"column":8},"end":{"line":112,"column":null}},"47":{"start":{"line":111,"column":10},"end":{"line":111,"column":null}},"48":{"start":{"line":115,"column":6},"end":{"line":117,"column":null}},"49":{"start":{"line":116,"column":8},"end":{"line":116,"column":null}},"50":{"start":{"line":120,"column":4},"end":{"line":120,"column":null}},"51":{"start":{"line":123,"column":4},"end":{"line":133,"column":null}},"52":{"start":{"line":124,"column":6},"end":{"line":126,"column":null}},"53":{"start":{"line":125,"column":8},"end":{"line":125,"column":null}},"54":{"start":{"line":127,"column":6},"end":{"line":129,"column":null}},"55":{"start":{"line":128,"column":8},"end":{"line":128,"column":null}},"56":{"start":{"line":130,"column":6},"end":{"line":132,"column":null}},"57":{"start":{"line":131,"column":8},"end":{"line":131,"column":null}}},"fnMap":{"0":{"name":"useFileWatcher","decl":{"start":{"line":28,"column":16},"end":{"line":28,"column":33}},"loc":{"start":{"line":28,"column":33},"end":{"line":135,"column":null}},"line":28},"1":{"name":"(anonymous_1)","decl":{"start":{"line":34,"column":12},"end":{"line":34,"column":18}},"loc":{"start":{"line":34,"column":18},"end":{"line":134,"column":5}},"line":34},"2":{"name":"(anonymous_2)","decl":{"start":{"line":38,"column":27},"end":{"line":38,"column":39}},"loc":{"start":{"line":38,"column":39},"end":{"line":91,"column":null}},"line":38},"3":{"name":"(anonymous_3)","decl":{"start":{"line":94,"column":26},"end":{"line":94,"column":38}},"loc":{"start":{"line":94,"column":38},"end":{"line":118,"column":null}},"line":94},"4":{"name":"(anonymous_4)","decl":{"start":{"line":95,"column":68},"end":{"line":95,"column":69}},"loc":{"start":{"line":95,"column":79},"end":{"line":113,"column":7}},"line":95},"5":{"name":"(anonymous_5)","decl":{"start":{"line":110,"column":46},"end":{"line":110,"column":52}},"loc":{"start":{"line":110,"column":52},"end":{"line":112,"column":11}},"line":110},"6":{"name":"(anonymous_6)","decl":{"start":{"line":123,"column":11},"end":{"line":123,"column":17}},"loc":{"start":{"line":123,"column":17},"end":{"line":133,"column":null}},"line":123}},"branchMap":{"0":{"loc":{"start":{"line":42,"column":6},"end":{"line":42,"column":null}},"type":"if","locations":[{"start":{"line":42,"column":6},"end":{"line":42,"column":null}},{"start":{},"end":{}}],"line":42},"1":{"loc":{"start":{"line":50,"column":8},"end":{"line":52,"column":null}},"type":"if","locations":[{"start":{"line":50,"column":8},"end":{"line":52,"column":null}},{"start":{},"end":{}}],"line":50},"2":{"loc":{"start":{"line":55,"column":8},"end":{"line":57,"column":null}},"type":"if","locations":[{"start":{"line":55,"column":8},"end":{"line":57,"column":null}},{"start":{},"end":{}}],"line":55},"3":{"loc":{"start":{"line":55,"column":12},"end":{"line":55,"column":85}},"type":"binary-expr","locations":[{"start":{"line":55,"column":12},"end":{"line":55,"column":45}},{"start":{"line":55,"column":45},"end":{"line":55,"column":85}}],"line":55},"4":{"loc":{"start":{"line":58,"column":8},"end":{"line":60,"column":null}},"type":"if","locations":[{"start":{"line":58,"column":8},"end":{"line":60,"column":null}},{"start":{},"end":{}}],"line":58},"5":{"loc":{"start":{"line":58,"column":12},"end":{"line":58,"column":69}},"type":"binary-expr","locations":[{"start":{"line":58,"column":12},"end":{"line":58,"column":42}},{"start":{"line":58,"column":42},"end":{"line":58,"column":69}}],"line":58},"6":{"loc":{"start":{"line":69,"column":6},"end":{"line":74,"column":null}},"type":"if","locations":[{"start":{"line":69,"column":6},"end":{"line":74,"column":null}},{"start":{},"end":{}}],"line":69},"7":{"loc":{"start":{"line":71,"column":8},"end":{"line":73,"column":null}},"type":"if","locations":[{"start":{"line":71,"column":8},"end":{"line":73,"column":null}},{"start":{},"end":{}}],"line":71},"8":{"loc":{"start":{"line":75,"column":6},"end":{"line":81,"column":null}},"type":"if","locations":[{"start":{"line":75,"column":6},"end":{"line":81,"column":null}},{"start":{},"end":{}}],"line":75},"9":{"loc":{"start":{"line":78,"column":8},"end":{"line":80,"column":null}},"type":"if","locations":[{"start":{"line":78,"column":8},"end":{"line":80,"column":null}},{"start":{},"end":{}}],"line":78},"10":{"loc":{"start":{"line":88,"column":6},"end":{"line":90,"column":null}},"type":"if","locations":[{"start":{"line":88,"column":6},"end":{"line":90,"column":null}},{"start":{},"end":{}}],"line":88},"11":{"loc":{"start":{"line":98,"column":8},"end":{"line":100,"column":null}},"type":"if","locations":[{"start":{"line":98,"column":8},"end":{"line":100,"column":null}},{"start":{},"end":{}}],"line":98},"12":{"loc":{"start":{"line":106,"column":8},"end":{"line":108,"column":null}},"type":"if","locations":[{"start":{"line":106,"column":8},"end":{"line":108,"column":null}},{"start":{},"end":{}}],"line":106},"13":{"loc":{"start":{"line":115,"column":6},"end":{"line":117,"column":null}},"type":"if","locations":[{"start":{"line":115,"column":6},"end":{"line":117,"column":null}},{"start":{},"end":{}}],"line":115},"14":{"loc":{"start":{"line":124,"column":6},"end":{"line":126,"column":null}},"type":"if","locations":[{"start":{"line":124,"column":6},"end":{"line":126,"column":null}},{"start":{},"end":{}}],"line":124},"15":{"loc":{"start":{"line":127,"column":6},"end":{"line":129,"column":null}},"type":"if","locations":[{"start":{"line":127,"column":6},"end":{"line":129,"column":null}},{"start":{},"end":{}}],"line":127},"16":{"loc":{"start":{"line":130,"column":6},"end":{"line":132,"column":null}},"type":"if","locations":[{"start":{"line":130,"column":6},"end":{"line":132,"column":null}},{"start":{},"end":{}}],"line":130}},"s":{"0":6,"1":199,"2":199,"3":199,"4":199,"5":199,"6":66,"7":66,"8":6,"9":6,"10":6,"11":0,"12":6,"13":6,"14":6,"15":6,"16":9,"17":1,"18":9,"19":7,"20":9,"21":2,"22":6,"23":1,"24":6,"25":5,"26":5,"27":0,"28":6,"29":2,"30":2,"31":2,"32":0,"33":6,"34":6,"35":6,"36":6,"37":0,"38":66,"39":66,"40":30,"41":30,"42":0,"43":30,"44":30,"45":8,"46":30,"47":6,"48":66,"49":0,"50":66,"51":66,"52":66,"53":65,"54":66,"55":22,"56":66,"57":0},"f":{"0":199,"1":66,"2":6,"3":66,"4":30,"5":6,"6":66},"b":{"0":[0,6],"1":[1,8],"2":[7,2],"3":[9,2],"4":[2,7],"5":[9,7],"6":[5,1],"7":[0,5],"8":[2,4],"9":[0,2],"10":[0,6],"11":[0,30],"12":[8,22],"13":[0,66],"14":[65,1],"15":[22,44],"16":[0,66]},"meta":{"lastBranch":17,"lastFunction":7,"lastStatement":58,"seen":{"s:15:20:15:Infinity":0,"f:28:16:28:33":0,"s:29:55:29:Infinity":1,"s:30:33:30:Infinity":2,"s:31:8:31:Infinity":3,"s:32:8:32:Infinity":4,"s:34:2:134:Infinity":5,"f:34:12:34:18":1,"s:35:38:35:Infinity":6,"s:38:27:91:Infinity":7,"f:38:27:38:39":2,"s:39:22:39:Infinity":8,"s:40:6:40:Infinity":9,"b:42:6:42:Infinity:undefined:undefined:undefined:undefined":0,"s:42:6:42:Infinity":10,"s:42:32:42:Infinity":11,"s:45:27:45:Infinity":12,"s:46:30:46:Infinity":13,"s:47:37:47:Infinity":14,"s:49:6:61:Infinity":15,"b:50:8:52:Infinity:undefined:undefined:undefined:undefined":1,"s:50:8:52:Infinity":16,"s:51:10:51:Infinity":17,"b:55:8:57:Infinity:undefined:undefined:undefined:undefined":2,"s:55:8:57:Infinity":18,"b:55:12:55:45:55:45:55:85":3,"s:56:10:56:Infinity":19,"b:58:8:60:Infinity:undefined:undefined:undefined:undefined":4,"s:58:8:60:Infinity":20,"b:58:12:58:42:58:42:58:69":5,"s:59:10:59:Infinity":21,"s:64:6:66:Infinity":22,"s:65:8:65:Infinity":23,"b:69:6:74:Infinity:undefined:undefined:undefined:undefined":6,"s:69:6:74:Infinity":24,"s:70:8:70:Infinity":25,"b:71:8:73:Infinity:undefined:undefined:undefined:undefined":7,"s:71:8:73:Infinity":26,"s:72:10:72:Infinity":27,"b:75:6:81:Infinity:undefined:undefined:undefined:undefined":8,"s:75:6:81:Infinity":28,"s:76:8:76:Infinity":29,"s:77:8:77:Infinity":30,"b:78:8:80:Infinity:undefined:undefined:undefined:undefined":9,"s:78:8:80:Infinity":31,"s:79:10:79:Infinity":32,"s:84:29:84:Infinity":33,"s:85:31:85:Infinity":34,"s:86:6:86:Infinity":35,"b:88:6:90:Infinity:undefined:undefined:undefined:undefined":10,"s:88:6:90:Infinity":36,"s:89:8:89:Infinity":37,"s:94:26:118:Infinity":38,"f:94:26:94:38":3,"s:95:6:113:Infinity":39,"f:95:68:95:69":4,"s:96:37:96:Infinity":40,"b:98:8:100:Infinity:undefined:undefined:undefined:undefined":11,"s:98:8:100:Infinity":41,"s:99:10:99:Infinity":42,"s:103:8:103:Infinity":43,"b:106:8:108:Infinity:undefined:undefined:undefined:undefined":12,"s:106:8:108:Infinity":44,"s:107:10:107:Infinity":45,"s:110:8:112:Infinity":46,"f:110:46:110:52":5,"s:111:10:111:Infinity":47,"b:115:6:117:Infinity:undefined:undefined:undefined:undefined":13,"s:115:6:117:Infinity":48,"s:116:8:116:Infinity":49,"s:120:4:120:Infinity":50,"s:123:4:133:Infinity":51,"f:123:11:123:17":6,"b:124:6:126:Infinity:undefined:undefined:undefined:undefined":14,"s:124:6:126:Infinity":52,"s:125:8:125:Infinity":53,"b:127:6:129:Infinity:undefined:undefined:undefined:undefined":15,"s:127:6:129:Infinity":54,"s:128:8:128:Infinity":55,"b:130:6:132:Infinity:undefined:undefined:undefined:undefined":16,"s:130:6:132:Infinity":56,"s:131:8:131:Infinity":57}}}
,"/Users/sunven/github/cc-config/cc-config-viewer/src/lib/configParser.ts": {"path":"/Users/sunven/github/cc-config/cc-config-viewer/src/lib/configParser.ts","statementMap":{"0":{"start":{"line":5,"column":18},"end":{"line":5,"column":null}},"1":{"start":{"line":6,"column":17},"end":{"line":6,"column":null}},"2":{"start":{"line":7,"column":2},"end":{"line":7,"column":null}},"3":{"start":{"line":11,"column":2},"end":{"line":15,"column":null}},"4":{"start":{"line":12,"column":4},"end":{"line":12,"column":null}},"5":{"start":{"line":14,"column":4},"end":{"line":14,"column":null}},"6":{"start":{"line":19,"column":2},"end":{"line":19,"column":null}},"7":{"start":{"line":26,"column":2},"end":{"line":30,"column":null}},"8":{"start":{"line":26,"column":55},"end":{"line":30,"column":4}},"9":{"start":{"line":34,"column":21},"end":{"line":34,"column":null}},"10":{"start":{"line":35,"column":2},"end":{"line":39,"column":null}},"11":{"start":{"line":35,"column":59},"end":{"line":39,"column":4}},"12":{"start":{"line":43,"column":20},"end":{"line":43,"column":null}},"13":{"start":{"line":44,"column":2},"end":{"line":48,"column":null}},"14":{"start":{"line":44,"column":58},"end":{"line":48,"column":4}},"15":{"start":{"line":52,"column":33},"end":{"line":52,"column":null}},"16":{"start":{"line":56,"column":145},"end":{"line":56,"column":null}},"17":{"start":{"line":59,"column":2},"end":{"line":59,"column":null}},"18":{"start":{"line":62,"column":2},"end":{"line":62,"column":null}},"19":{"start":{"line":65,"column":2},"end":{"line":65,"column":null}},"20":{"start":{"line":67,"column":2},"end":{"line":67,"column":null}},"21":{"start":{"line":79,"column":32},"end":{"line":79,"column":null}},"22":{"start":{"line":82,"column":22},"end":{"line":82,"column":null}},"23":{"start":{"line":85,"column":25},"end":{"line":85,"column":null}},"24":{"start":{"line":88,"column":22},"end":{"line":88,"column":null}},"25":{"start":{"line":88,"column":54},"end":{"line":88,"column":59}},"26":{"start":{"line":91,"column":2},"end":{"line":98,"column":null}},"27":{"start":{"line":92,"column":4},"end":{"line":97,"column":null}},"28":{"start":{"line":93,"column":6},"end":{"line":96,"column":null}},"29":{"start":{"line":101,"column":2},"end":{"line":107,"column":null}},"30":{"start":{"line":102,"column":22},"end":{"line":102,"column":null}},"31":{"start":{"line":102,"column":44},"end":{"line":102,"column":63}},"32":{"start":{"line":103,"column":4},"end":{"line":106,"column":null}},"33":{"start":{"line":109,"column":2},"end":{"line":109,"column":null}}},"fnMap":{"0":{"name":"readAndParseConfig","decl":{"start":{"line":4,"column":22},"end":{"line":4,"column":41}},"loc":{"start":{"line":4,"column":85},"end":{"line":8,"column":null}},"line":4},"1":{"name":"parseConfigFile","decl":{"start":{"line":10,"column":16},"end":{"line":10,"column":32}},"loc":{"start":{"line":10,"column":70},"end":{"line":16,"column":null}},"line":10},"2":{"name":"stringifyConfig","decl":{"start":{"line":18,"column":16},"end":{"line":18,"column":32}},"loc":{"start":{"line":18,"column":69},"end":{"line":20,"column":null}},"line":18},"3":{"name":"extractConfigEntries","decl":{"start":{"line":22,"column":16},"end":{"line":22,"column":null}},"loc":{"start":{"line":25,"column":17},"end":{"line":31,"column":null}},"line":25},"4":{"name":"(anonymous_4)","decl":{"start":{"line":26,"column":36},"end":{"line":26,"column":37}},"loc":{"start":{"line":26,"column":55},"end":{"line":30,"column":4}},"line":26},"5":{"name":"extractMcpServers","decl":{"start":{"line":33,"column":16},"end":{"line":33,"column":34}},"loc":{"start":{"line":33,"column":116},"end":{"line":40,"column":null}},"line":33},"6":{"name":"(anonymous_6)","decl":{"start":{"line":35,"column":40},"end":{"line":35,"column":41}},"loc":{"start":{"line":35,"column":59},"end":{"line":39,"column":4}},"line":35},"7":{"name":"extractSubAgents","decl":{"start":{"line":42,"column":16},"end":{"line":42,"column":33}},"loc":{"start":{"line":42,"column":115},"end":{"line":49,"column":null}},"line":42},"8":{"name":"(anonymous_8)","decl":{"start":{"line":44,"column":39},"end":{"line":44,"column":40}},"loc":{"start":{"line":44,"column":58},"end":{"line":48,"column":4}},"line":44},"9":{"name":"extractAllEntries","decl":{"start":{"line":51,"column":16},"end":{"line":51,"column":34}},"loc":{"start":{"line":51,"column":116},"end":{"line":68,"column":null}},"line":51},"10":{"name":"mergeConfigs","decl":{"start":{"line":75,"column":16},"end":{"line":75,"column":null}},"loc":{"start":{"line":78,"column":17},"end":{"line":110,"column":null}},"line":78},"11":{"name":"(anonymous_11)","decl":{"start":{"line":88,"column":49},"end":{"line":88,"column":54}},"loc":{"start":{"line":88,"column":54},"end":{"line":88,"column":59}},"line":88},"12":{"name":"(anonymous_12)","decl":{"start":{"line":91,"column":22},"end":{"line":91,"column":31}},"loc":{"start":{"line":91,"column":31},"end":{"line":98,"column":3}},"line":91},"13":{"name":"(anonymous_13)","decl":{"start":{"line":101,"column":25},"end":{"line":101,"column":34}},"loc":{"start":{"line":101,"column":34},"end":{"line":107,"column":3}},"line":101},"14":{"name":"(anonymous_14)","decl":{"start":{"line":102,"column":39},"end":{"line":102,"column":44}},"loc":{"start":{"line":102,"column":44},"end":{"line":102,"column":63}},"line":102}},"branchMap":{"0":{"loc":{"start":{"line":29,"column":48},"end":{"line":29,"column":101}},"type":"cond-expr","locations":[{"start":{"line":29,"column":68},"end":{"line":29,"column":72}},{"start":{"line":29,"column":72},"end":{"line":29,"column":101}}],"line":29},"1":{"loc":{"start":{"line":29,"column":72},"end":{"line":29,"column":101}},"type":"cond-expr","locations":[{"start":{"line":29,"column":95},"end":{"line":29,"column":99}},{"start":{"line":29,"column":99},"end":{"line":29,"column":101}}],"line":29},"2":{"loc":{"start":{"line":34,"column":21},"end":{"line":34,"column":null}},"type":"binary-expr","locations":[{"start":{"line":34,"column":21},"end":{"line":34,"column":42}},{"start":{"line":34,"column":42},"end":{"line":34,"column":64}},{"start":{"line":34,"column":64},"end":{"line":34,"column":null}}],"line":34},"3":{"loc":{"start":{"line":38,"column":48},"end":{"line":38,"column":101}},"type":"cond-expr","locations":[{"start":{"line":38,"column":68},"end":{"line":38,"column":72}},{"start":{"line":38,"column":72},"end":{"line":38,"column":101}}],"line":38},"4":{"loc":{"start":{"line":38,"column":72},"end":{"line":38,"column":101}},"type":"cond-expr","locations":[{"start":{"line":38,"column":95},"end":{"line":38,"column":99}},{"start":{"line":38,"column":99},"end":{"line":38,"column":101}}],"line":38},"5":{"loc":{"start":{"line":43,"column":20},"end":{"line":43,"column":null}},"type":"binary-expr","locations":[{"start":{"line":43,"column":20},"end":{"line":43,"column":40}},{"start":{"line":43,"column":40},"end":{"line":43,"column":61}},{"start":{"line":43,"column":61},"end":{"line":43,"column":78}},{"start":{"line":43,"column":78},"end":{"line":43,"column":null}}],"line":43},"6":{"loc":{"start":{"line":47,"column":48},"end":{"line":47,"column":101}},"type":"cond-expr","locations":[{"start":{"line":47,"column":68},"end":{"line":47,"column":72}},{"start":{"line":47,"column":72},"end":{"line":47,"column":101}}],"line":47},"7":{"loc":{"start":{"line":47,"column":72},"end":{"line":47,"column":101}},"type":"cond-expr","locations":[{"start":{"line":47,"column":95},"end":{"line":47,"column":99}},{"start":{"line":47,"column":99},"end":{"line":47,"column":101}}],"line":47},"8":{"loc":{"start":{"line":92,"column":4},"end":{"line":97,"column":null}},"type":"if","locations":[{"start":{"line":92,"column":4},"end":{"line":97,"column":null}},{"start":{},"end":{}}],"line":92}},"s":{"0":41,"1":39,"2":38,"3":2,"4":2,"5":1,"6":1,"7":55,"8":12,"9":55,"10":55,"11":16,"12":56,"13":56,"14":8,"15":51,"16":51,"17":51,"18":51,"19":51,"20":51,"21":8,"22":8,"23":8,"24":8,"25":8,"26":8,"27":8,"28":6,"29":8,"30":8,"31":11,"32":8,"33":8},"f":{"0":41,"1":2,"2":1,"3":55,"4":12,"5":55,"6":16,"7":56,"8":8,"9":51,"10":8,"11":8,"12":8,"13":8,"14":11},"b":{"0":[7,5],"1":[4,1],"2":[55,43,42],"3":[9,7],"4":[7,0],"5":[56,51,50,49],"6":[6,2],"7":[2,0],"8":[6,2]},"meta":{"lastBranch":9,"lastFunction":15,"lastStatement":34,"seen":{"f:4:22:4:41":0,"s:5:18:5:Infinity":0,"s:6:17:6:Infinity":1,"s:7:2:7:Infinity":2,"f:10:16:10:32":1,"s:11:2:15:Infinity":3,"s:12:4:12:Infinity":4,"s:14:4:14:Infinity":5,"f:18:16:18:32":2,"s:19:2:19:Infinity":6,"f:22:16:22:Infinity":3,"s:26:2:30:Infinity":7,"f:26:36:26:37":4,"s:26:55:30:4":8,"b:29:68:29:72:29:72:29:101":0,"b:29:95:29:99:29:99:29:101":1,"f:33:16:33:34":5,"s:34:21:34:Infinity":9,"b:34:21:34:42:34:42:34:64:34:64:34:Infinity":2,"s:35:2:39:Infinity":10,"f:35:40:35:41":6,"s:35:59:39:4":11,"b:38:68:38:72:38:72:38:101":3,"b:38:95:38:99:38:99:38:101":4,"f:42:16:42:33":7,"s:43:20:43:Infinity":12,"b:43:20:43:40:43:40:43:61:43:61:43:78:43:78:43:Infinity":5,"s:44:2:48:Infinity":13,"f:44:39:44:40":8,"s:44:58:48:4":14,"b:47:68:47:72:47:72:47:101":6,"b:47:95:47:99:47:99:47:101":7,"f:51:16:51:34":9,"s:52:33:52:Infinity":15,"s:56:145:56:Infinity":16,"s:59:2:59:Infinity":17,"s:62:2:62:Infinity":18,"s:65:2:65:Infinity":19,"s:67:2:67:Infinity":20,"f:75:16:75:Infinity":10,"s:79:32:79:Infinity":21,"s:82:22:82:Infinity":22,"s:85:25:85:Infinity":23,"s:88:22:88:Infinity":24,"f:88:49:88:54":11,"s:88:54:88:59":25,"s:91:2:98:Infinity":26,"f:91:22:91:31":12,"b:92:4:97:Infinity:undefined:undefined:undefined:undefined":8,"s:92:4:97:Infinity":27,"s:93:6:96:Infinity":28,"s:101:2:107:Infinity":29,"f:101:25:101:34":13,"s:102:22:102:Infinity":30,"f:102:39:102:44":14,"s:102:44:102:63":31,"s:103:4:106:Infinity":32,"s:109:2:109:Infinity":33}}}
,"/Users/sunven/github/cc-config/cc-config-viewer/src/lib/projectDetection.ts": {"path":"/Users/sunven/github/cc-config/cc-config-viewer/src/lib/projectDetection.ts","statementMap":{"0":{"start":{"line":9,"column":2},"end":{"line":51,"column":null}},"1":{"start":{"line":10,"column":24},"end":{"line":10,"column":null}},"2":{"start":{"line":11,"column":24},"end":{"line":11,"column":null}},"3":{"start":{"line":14,"column":24},"end":{"line":14,"column":null}},"4":{"start":{"line":15,"column":4},"end":{"line":47,"column":null}},"5":{"start":{"line":16,"column":6},"end":{"line":16,"column":null}},"6":{"start":{"line":19,"column":6},"end":{"line":26,"column":null}},"7":{"start":{"line":29,"column":25},"end":{"line":29,"column":null}},"8":{"start":{"line":30,"column":6},"end":{"line":46,"column":null}},"9":{"start":{"line":33,"column":8},"end":{"line":33,"column":null}},"10":{"start":{"line":35,"column":8},"end":{"line":42,"column":null}},"11":{"start":{"line":45,"column":8},"end":{"line":45,"column":null}},"12":{"start":{"line":49,"column":4},"end":{"line":49,"column":null}},"13":{"start":{"line":50,"column":4},"end":{"line":50,"column":null}},"14":{"start":{"line":59,"column":25},"end":{"line":59,"column":null}},"15":{"start":{"line":61,"column":19},"end":{"line":61,"column":null}},"16":{"start":{"line":62,"column":2},"end":{"line":62,"column":null}},"17":{"start":{"line":70,"column":13},"end":{"line":70,"column":null}},"18":{"start":{"line":71,"column":2},"end":{"line":75,"column":null}},"19":{"start":{"line":71,"column":15},"end":{"line":71,"column":18}},"20":{"start":{"line":72,"column":17},"end":{"line":72,"column":null}},"21":{"start":{"line":73,"column":4},"end":{"line":73,"column":null}},"22":{"start":{"line":74,"column":4},"end":{"line":74,"column":null}},"23":{"start":{"line":76,"column":2},"end":{"line":76,"column":null}}},"fnMap":{"0":{"name":"detectCurrentProject","decl":{"start":{"line":8,"column":22},"end":{"line":8,"column":70}},"loc":{"start":{"line":8,"column":70},"end":{"line":52,"column":null}},"line":8},"1":{"name":"getProjectNameFromPath","decl":{"start":{"line":57,"column":9},"end":{"line":57,"column":32}},"loc":{"start":{"line":57,"column":54},"end":{"line":63,"column":null}},"line":57},"2":{"name":"generateProjectId","decl":{"start":{"line":68,"column":9},"end":{"line":68,"column":27}},"loc":{"start":{"line":68,"column":49},"end":{"line":77,"column":null}},"line":68}},"branchMap":{"0":{"loc":{"start":{"line":10,"column":24},"end":{"line":10,"column":null}},"type":"binary-expr","locations":[{"start":{"line":10,"column":24},"end":{"line":10,"column":43}},{"start":{"line":10,"column":43},"end":{"line":10,"column":null}}],"line":10},"1":{"loc":{"start":{"line":62,"column":9},"end":{"line":62,"column":null}},"type":"binary-expr","locations":[{"start":{"line":62,"column":9},"end":{"line":62,"column":42}},{"start":{"line":62,"column":42},"end":{"line":62,"column":null}}],"line":62}},"s":{"0":5,"1":5,"2":5,"3":5,"4":5,"5":5,"6":3,"7":2,"8":2,"9":2,"10":1,"11":1,"12":0,"13":0,"14":5,"15":5,"16":5,"17":4,"18":4,"19":4,"20":188,"21":188,"22":188,"23":4},"f":{"0":5,"1":5,"2":4},"b":{"0":[5,0],"1":[5,0]},"meta":{"lastBranch":2,"lastFunction":3,"lastStatement":24,"seen":{"f:8:22:8:70":0,"s:9:2:51:Infinity":0,"s:10:24:10:Infinity":1,"b:10:24:10:43:10:43:10:Infinity":0,"s:11:24:11:Infinity":2,"s:14:24:14:Infinity":3,"s:15:4:47:Infinity":4,"s:16:6:16:Infinity":5,"s:19:6:26:Infinity":6,"s:29:25:29:Infinity":7,"s:30:6:46:Infinity":8,"s:33:8:33:Infinity":9,"s:35:8:42:Infinity":10,"s:45:8:45:Infinity":11,"s:49:4:49:Infinity":12,"s:50:4:50:Infinity":13,"f:57:9:57:32":1,"s:59:25:59:Infinity":14,"s:61:19:61:Infinity":15,"s:62:2:62:Infinity":16,"b:62:9:62:42:62:42:62:Infinity":1,"f:68:9:68:27":2,"s:70:13:70:Infinity":17,"s:71:2:75:Infinity":18,"s:71:15:71:18":19,"s:72:17:72:Infinity":20,"s:73:4:73:Infinity":21,"s:74:4:74:Infinity":22,"s:76:2:76:Infinity":23}}}
,"/Users/sunven/github/cc-config/cc-config-viewer/src/lib/tauriApi.ts": {"path":"/Users/sunven/github/cc-config/cc-config-viewer/src/lib/tauriApi.ts","statementMap":{"0":{"start":{"line":13,"column":20},"end":{"line":13,"column":null}},"1":{"start":{"line":15,"column":2},"end":{"line":45,"column":null}},"2":{"start":{"line":16,"column":4},"end":{"line":20,"column":null}},"3":{"start":{"line":21,"column":2},"end":{"line":45,"column":null}},"4":{"start":{"line":22,"column":4},"end":{"line":26,"column":null}},"5":{"start":{"line":27,"column":2},"end":{"line":45,"column":null}},"6":{"start":{"line":28,"column":4},"end":{"line":32,"column":null}},"7":{"start":{"line":33,"column":2},"end":{"line":45,"column":null}},"8":{"start":{"line":34,"column":4},"end":{"line":38,"column":null}},"9":{"start":{"line":40,"column":4},"end":{"line":44,"column":null}},"10":{"start":{"line":49,"column":2},"end":{"line":53,"column":null}},"11":{"start":{"line":50,"column":4},"end":{"line":50,"column":null}},"12":{"start":{"line":52,"column":4},"end":{"line":52,"column":null}},"13":{"start":{"line":57,"column":2},"end":{"line":61,"column":null}},"14":{"start":{"line":58,"column":4},"end":{"line":58,"column":null}},"15":{"start":{"line":60,"column":4},"end":{"line":60,"column":null}},"16":{"start":{"line":66,"column":2},"end":{"line":66,"column":null}},"17":{"start":{"line":70,"column":2},"end":{"line":70,"column":null}},"18":{"start":{"line":74,"column":2},"end":{"line":78,"column":null}},"19":{"start":{"line":75,"column":4},"end":{"line":75,"column":null}},"20":{"start":{"line":77,"column":4},"end":{"line":77,"column":null}}},"fnMap":{"0":{"name":"convertRustError","decl":{"start":{"line":12,"column":9},"end":{"line":12,"column":26}},"loc":{"start":{"line":12,"column":52},"end":{"line":46,"column":null}},"line":12},"1":{"name":"readConfigFile","decl":{"start":{"line":48,"column":22},"end":{"line":48,"column":37}},"loc":{"start":{"line":48,"column":68},"end":{"line":54,"column":null}},"line":48},"2":{"name":"parseConfigData","decl":{"start":{"line":56,"column":22},"end":{"line":56,"column":38}},"loc":{"start":{"line":56,"column":85},"end":{"line":62,"column":null}},"line":56},"3":{"name":"readConfig","decl":{"start":{"line":65,"column":22},"end":{"line":65,"column":33}},"loc":{"start":{"line":65,"column":64},"end":{"line":67,"column":null}},"line":65},"4":{"name":"parseConfig","decl":{"start":{"line":69,"column":22},"end":{"line":69,"column":34}},"loc":{"start":{"line":69,"column":65},"end":{"line":71,"column":null}},"line":69},"5":{"name":"watchConfig","decl":{"start":{"line":73,"column":22},"end":{"line":73,"column":34}},"loc":{"start":{"line":73,"column":97},"end":{"line":79,"column":null}},"line":73}},"branchMap":{"0":{"loc":{"start":{"line":15,"column":2},"end":{"line":45,"column":null}},"type":"if","locations":[{"start":{"line":15,"column":2},"end":{"line":45,"column":null}},{"start":{"line":21,"column":2},"end":{"line":45,"column":null}}],"line":15},"1":{"loc":{"start":{"line":21,"column":2},"end":{"line":45,"column":null}},"type":"if","locations":[{"start":{"line":21,"column":2},"end":{"line":45,"column":null}},{"start":{"line":27,"column":2},"end":{"line":45,"column":null}}],"line":21},"2":{"loc":{"start":{"line":27,"column":2},"end":{"line":45,"column":null}},"type":"if","locations":[{"start":{"line":27,"column":2},"end":{"line":45,"column":null}},{"start":{"line":33,"column":2},"end":{"line":45,"column":null}}],"line":27},"3":{"loc":{"start":{"line":33,"column":2},"end":{"line":45,"column":null}},"type":"if","locations":[{"start":{"line":33,"column":2},"end":{"line":45,"column":null}},{"start":{"line":39,"column":9},"end":{"line":45,"column":null}}],"line":33}},"s":{"0":9,"1":9,"2":1,"3":8,"4":3,"5":5,"6":1,"7":4,"8":2,"9":2,"10":45,"11":45,"12":6,"13":41,"14":41,"15":1,"16":39,"17":38,"18":3,"19":3,"20":2},"f":{"0":9,"1":45,"2":41,"3":39,"4":38,"5":3},"b":{"0":[1,8],"1":[3,5],"2":[1,4],"3":[2,2]},"meta":{"lastBranch":4,"lastFunction":6,"lastStatement":21,"seen":{"f:12:9:12:26":0,"s:13:20:13:Infinity":0,"b:15:2:45:Infinity:21:2:45:Infinity":0,"s:15:2:45:Infinity":1,"s:16:4:20:Infinity":2,"b:21:2:45:Infinity:27:2:45:Infinity":1,"s:21:2:45:Infinity":3,"s:22:4:26:Infinity":4,"b:27:2:45:Infinity:33:2:45:Infinity":2,"s:27:2:45:Infinity":5,"s:28:4:32:Infinity":6,"b:33:2:45:Infinity:39:9:45:Infinity":3,"s:33:2:45:Infinity":7,"s:34:4:38:Infinity":8,"s:40:4:44:Infinity":9,"f:48:22:48:37":1,"s:49:2:53:Infinity":10,"s:50:4:50:Infinity":11,"s:52:4:52:Infinity":12,"f:56:22:56:38":2,"s:57:2:61:Infinity":13,"s:58:4:58:Infinity":14,"s:60:4:60:Infinity":15,"f:65:22:65:33":3,"s:66:2:66:Infinity":16,"f:69:22:69:34":4,"s:70:2:70:Infinity":17,"f:73:22:73:34":5,"s:74:2:78:Infinity":18,"s:75:4:75:Infinity":19,"s:77:4:77:Infinity":20}}}
,"/Users/sunven/github/cc-config/cc-config-viewer/src/lib/utils.ts": {"path":"/Users/sunven/github/cc-config/cc-config-viewer/src/lib/utils.ts","statementMap":{"0":{"start":{"line":5,"column":2},"end":{"line":5,"column":null}}},"fnMap":{"0":{"name":"cn","decl":{"start":{"line":4,"column":16},"end":{"line":4,"column":22}},"loc":{"start":{"line":4,"column":44},"end":{"line":6,"column":null}},"line":4}},"branchMap":{},"s":{"0":1179},"f":{"0":1179},"b":{},"meta":{"lastBranch":0,"lastFunction":1,"lastStatement":1,"seen":{"f:4:16:4:22":0,"s:5:2:5:Infinity":0}}}
,"/Users/sunven/github/cc-config/cc-config-viewer/src/stores/configStore.ts": {"path":"/Users/sunven/github/cc-config/cc-config-viewer/src/stores/configStore.ts","statementMap":{"0":{"start":{"line":12,"column":26},"end":{"line":12,"column":null}},"1":{"start":{"line":47,"column":13},"end":{"line":308,"column":null}},"2":{"start":{"line":47,"column":65},"end":{"line":308,"column":2}},"3":{"start":{"line":60,"column":18},"end":{"line":60,"column":null}},"4":{"start":{"line":61,"column":4},"end":{"line":64,"column":null}},"5":{"start":{"line":62,"column":6},"end":{"line":62,"column":null}},"6":{"start":{"line":62,"column":35},"end":{"line":62,"column":null}},"7":{"start":{"line":63,"column":6},"end":{"line":63,"column":null}},"8":{"start":{"line":65,"column":16},"end":{"line":65,"column":null}},"9":{"start":{"line":66,"column":18},"end":{"line":66,"column":null}},"10":{"start":{"line":67,"column":4},"end":{"line":67,"column":null}},"11":{"start":{"line":67,"column":16},"end":{"line":67,"column":null}},"12":{"start":{"line":68,"column":4},"end":{"line":68,"column":null}},"13":{"start":{"line":73,"column":18},"end":{"line":73,"column":null}},"14":{"start":{"line":74,"column":4},"end":{"line":76,"column":null}},"15":{"start":{"line":75,"column":6},"end":{"line":75,"column":null}},"16":{"start":{"line":77,"column":16},"end":{"line":77,"column":null}},"17":{"start":{"line":78,"column":4},"end":{"line":78,"column":null}},"18":{"start":{"line":83,"column":18},"end":{"line":83,"column":null}},"19":{"start":{"line":86,"column":4},"end":{"line":88,"column":null}},"20":{"start":{"line":87,"column":6},"end":{"line":87,"column":null}},"21":{"start":{"line":90,"column":4},"end":{"line":106,"column":null}},"22":{"start":{"line":91,"column":21},"end":{"line":91,"column":null}},"23":{"start":{"line":92,"column":12},"end":{"line":92,"column":null}},"24":{"start":{"line":95,"column":6},"end":{"line":100,"column":null}},"25":{"start":{"line":102,"column":6},"end":{"line":102,"column":null}},"26":{"start":{"line":104,"column":6},"end":{"line":104,"column":null}},"27":{"start":{"line":105,"column":6},"end":{"line":105,"column":null}},"28":{"start":{"line":111,"column":18},"end":{"line":111,"column":null}},"29":{"start":{"line":112,"column":21},"end":{"line":112,"column":null}},"30":{"start":{"line":115,"column":4},"end":{"line":117,"column":null}},"31":{"start":{"line":116,"column":6},"end":{"line":116,"column":null}},"32":{"start":{"line":119,"column":4},"end":{"line":139,"column":null}},"33":{"start":{"line":120,"column":25},"end":{"line":120,"column":null}},"34":{"start":{"line":121,"column":28},"end":{"line":121,"column":null}},"35":{"start":{"line":122,"column":12},"end":{"line":122,"column":null}},"36":{"start":{"line":125,"column":6},"end":{"line":133,"column":null}},"37":{"start":{"line":125,"column":21},"end":{"line":133,"column":8}},"38":{"start":{"line":135,"column":6},"end":{"line":135,"column":null}},"39":{"start":{"line":137,"column":6},"end":{"line":137,"column":null}},"40":{"start":{"line":138,"column":6},"end":{"line":138,"column":null}},"41":{"start":{"line":144,"column":18},"end":{"line":144,"column":null}},"42":{"start":{"line":145,"column":4},"end":{"line":147,"column":null}},"43":{"start":{"line":146,"column":6},"end":{"line":146,"column":null}},"44":{"start":{"line":148,"column":16},"end":{"line":148,"column":null}},"45":{"start":{"line":149,"column":4},"end":{"line":149,"column":null}},"46":{"start":{"line":154,"column":18},"end":{"line":154,"column":null}},"47":{"start":{"line":157,"column":26},"end":{"line":157,"column":null}},"48":{"start":{"line":158,"column":23},"end":{"line":158,"column":null}},"49":{"start":{"line":160,"column":4},"end":{"line":232,"column":null}},"50":{"start":{"line":162,"column":6},"end":{"line":174,"column":null}},"51":{"start":{"line":167,"column":12},"end":{"line":167,"column":null}},"52":{"start":{"line":168,"column":12},"end":{"line":168,"column":null}},"53":{"start":{"line":177,"column":6},"end":{"line":204,"column":null}},"54":{"start":{"line":178,"column":8},"end":{"line":178,"column":null}},"55":{"start":{"line":179,"column":8},"end":{"line":203,"column":null}},"56":{"start":{"line":180,"column":31},"end":{"line":182,"column":null}},"57":{"start":{"line":185,"column":31},"end":{"line":185,"column":null}},"58":{"start":{"line":186,"column":10},"end":{"line":199,"column":null}},"59":{"start":{"line":188,"column":12},"end":{"line":198,"column":null}},"60":{"start":{"line":193,"column":18},"end":{"line":193,"column":null}},"61":{"start":{"line":194,"column":18},"end":{"line":194,"column":null}},"62":{"start":{"line":201,"column":10},"end":{"line":201,"column":null}},"63":{"start":{"line":202,"column":10},"end":{"line":202,"column":null}},"64":{"start":{"line":207,"column":6},"end":{"line":207,"column":null}},"65":{"start":{"line":208,"column":6},"end":{"line":231,"column":null}},"66":{"start":{"line":209,"column":27},"end":{"line":211,"column":null}},"67":{"start":{"line":213,"column":8},"end":{"line":224,"column":null}},"68":{"start":{"line":218,"column":14},"end":{"line":218,"column":null}},"69":{"start":{"line":219,"column":14},"end":{"line":219,"column":null}},"70":{"start":{"line":226,"column":8},"end":{"line":230,"column":null}},"71":{"start":{"line":237,"column":4},"end":{"line":252,"column":null}},"72":{"start":{"line":239,"column":6},"end":{"line":242,"column":null}},"73":{"start":{"line":243,"column":4},"end":{"line":252,"column":null}},"74":{"start":{"line":244,"column":6},"end":{"line":244,"column":null}},"75":{"start":{"line":246,"column":18},"end":{"line":246,"column":null}},"76":{"start":{"line":247,"column":6},"end":{"line":251,"column":null}},"77":{"start":{"line":248,"column":25},"end":{"line":248,"column":null}},"78":{"start":{"line":249,"column":8},"end":{"line":249,"column":null}},"79":{"start":{"line":250,"column":8},"end":{"line":250,"column":null}},"80":{"start":{"line":257,"column":27},"end":{"line":257,"column":null}},"81":{"start":{"line":258,"column":29},"end":{"line":258,"column":null}},"82":{"start":{"line":259,"column":18},"end":{"line":259,"column":null}},"83":{"start":{"line":262,"column":4},"end":{"line":262,"column":null}},"84":{"start":{"line":265,"column":4},"end":{"line":265,"column":null}},"85":{"start":{"line":269,"column":4},"end":{"line":289,"column":null}},"86":{"start":{"line":270,"column":37},"end":{"line":274,"column":null}},"87":{"start":{"line":275,"column":25},"end":{"line":275,"column":null}},"88":{"start":{"line":276,"column":28},"end":{"line":276,"column":null}},"89":{"start":{"line":276,"column":56},"end":{"line":276,"column":69}},"90":{"start":{"line":277,"column":6},"end":{"line":281,"column":null}},"91":{"start":{"line":278,"column":8},"end":{"line":278,"column":null}},"92":{"start":{"line":280,"column":8},"end":{"line":280,"column":null}},"93":{"start":{"line":284,"column":6},"end":{"line":288,"column":null}},"94":{"start":{"line":292,"column":4},"end":{"line":297,"column":null}},"9
[...]
:149},"15":{"loc":{"start":{"line":160,"column":4},"end":{"line":232,"column":null}},"type":"if","locations":[{"start":{"line":160,"column":4},"end":{"line":232,"column":null}},{"start":{"line":205,"column":11},"end":{"line":232,"column":null}}],"line":160},"16":{"loc":{"start":{"line":177,"column":6},"end":{"line":204,"column":null}},"type":"if","locations":[{"start":{"line":177,"column":6},"end":{"line":204,"column":null}},{"start":{},"end":{}}],"line":177},"17":{"loc":{"start":{"line":180,"column":31},"end":{"line":182,"column":null}},"type":"cond-expr","locations":[{"start":{"line":181,"column":14},"end":{"line":181,"column":null}},{"start":{"line":182,"column":14},"end":{"line":182,"column":null}}],"line":180},"18":{"loc":{"start":{"line":186,"column":10},"end":{"line":199,"column":null}},"type":"if","locations":[{"start":{"line":186,"column":10},"end":{"line":199,"column":null}},{"start":{},"end":{}}],"line":186},"19":{"loc":{"start":{"line":186,"column":14},"end":{"line":187,"column":86}},"type":"binary-expr","locations":[{"start":{"line":186,"column":14},"end":{"line":186,"column":null}},{"start":{"line":187,"column":14},"end":{"line":187,"column":86}}],"line":186},"20":{"loc":{"start":{"line":209,"column":27},"end":{"line":211,"column":null}},"type":"cond-expr","locations":[{"start":{"line":210,"column":12},"end":{"line":210,"column":null}},{"start":{"line":211,"column":12},"end":{"line":211,"column":null}}],"line":209},"21":{"loc":{"start":{"line":227,"column":17},"end":{"line":227,"column":null}},"type":"cond-expr","locations":[{"start":{"line":227,"column":42},"end":{"line":227,"column":58}},{"start":{"line":227,"column":58},"end":{"line":227,"column":null}}],"line":227},"22":{"loc":{"start":{"line":237,"column":4},"end":{"line":252,"column":null}},"type":"if","locations":[{"start":{"line":237,"column":4},"end":{"line":252,"column":null}},{"start":{"line":243,"column":4},"end":{"line":252,"column":null}}],"line":237},"23":{"loc":{"start":{"line":243,"column":4},"end":{"line":252,"column":null}},"type":"if","locations":[{"start":{"line":243,"column":4},"end":{"line":252,"column":null}},{"start":{"line":245,"column":11},"end":{"line":252,"column":null}}],"line":243},"24":{"loc":{"start":{"line":246,"column":18},"end":{"line":246,"column":null}},"type":"binary-expr","locations":[{"start":{"line":246,"column":18},"end":{"line":246,"column":33}},{"start":{"line":246,"column":33},"end":{"line":246,"column":null}}],"line":246},"25":{"loc":{"start":{"line":273,"column":56},"end":{"line":273,"column":117}},"type":"cond-expr","locations":[{"start":{"line":273,"column":80},"end":{"line":273,"column":84}},{"start":{"line":273,"column":84},"end":{"line":273,"column":117}}],"line":273},"26":{"loc":{"start":{"line":273,"column":84},"end":{"line":273,"column":117}},"type":"cond-expr","locations":[{"start":{"line":273,"column":111},"end":{"line":273,"column":115}},{"start":{"line":273,"column":115},"end":{"line":273,"column":117}}],"line":273},"27":{"loc":{"start":{"line":277,"column":6},"end":{"line":281,"column":null}},"type":"if","locations":[{"start":{"line":277,"column":6},"end":{"line":281,"column":null}},{"start":{"line":279,"column":13},"end":{"line":281,"column":null}}],"line":277}},"s":{"0":5,"1":5,"2":5,"3":91,"4":91,"5":81,"6":78,"7":3,"8":10,"9":91,"10":91,"11":10,"12":0,"13":2,"14":2,"15":2,"16":0,"17":2,"18":40,"19":40,"20":1,"21":39,"22":39,"23":37,"24":37,"25":37,"26":2,"27":2,"28":5,"29":5,"30":5,"31":0,"32":5,"33":5,"34":4,"35":4,"36":4,"37":4,"38":4,"39":1,"40":1,"41":45,"42":45,"43":40,"44":5,"45":45,"46":43,"47":43,"48":43,"49":43,"50":0,"51":0,"52":0,"53":0,"54":0,"55":0,"56":0,"57":0,"58":0,"59":0,"60":0,"61":0,"62":0,"63":0,"64":43,"65":43,"66":43,"67":4,"68":8,"69":8,"70":3,"71":11,"72":1,"73":10,"74":6,"75":4,"76":4,"77":4,"78":4,"79":4,"80":8,"81":8,"82":8,"83":8,"84":8,"85":4,"86":4,"87":4,"88":4,"89":1,"90":4,"91":1,"92":3,"93":4,"94":1,"95":1,"96":2,"97":1},"f":{"0":5,"1":91,"2":2,"3":40,"4":5,"5":4,"6":45,"7":43,"8":0,"9":0,"10":8,"11":11,"12":4,"13":8,"14":4,"15":4,"16":1,"17":1,"18":1,"19":2,"20":1},"b":{"0":[81,10],"1":[78,3],"2":[10,10],"3":[10,81],"4":[2,0],"5":[2,1],"6":[0,0],"7":[2,0],"8":[1,39],"9":[5,5],"10":[0,5],"11":[40,5],"12":[40,39],"13":[5,5],"14":[45,5],"15":[0,43],"16":[0,0],"17":[0,0],"18":[0,0],"19":[0,0],"20":[38,5],"21":[2,1],"22":[1,10],"23":[6,4],"24":[4,4],"25":[4,0],"26":[0,0],"27":[1,3]},"meta":{"lastBranch":28,"lastFunction":21,"lastStatement":98,"seen":{"s:12:26:12:Infinity":0,"s:47:13:308:Infinity":1,"f:47:50:47:51":0,"s:47:65:308:2":2,"f:59:16:59:17":1,"s:60:18:60:Infinity":3,"b:61:4:64:Infinity:undefined:undefined:undefined:undefined":0,"s:61:4:64:Infinity":4,"b:62:6:62:Infinity:undefined:undefined:undefined:undefined":1,"s:62:6:62:Infinity":5,"s:62:35:62:Infinity":6,"s:63:6:63:Infinity":7,"s:65:16:65:Infinity":8,"b:65:16:65:31:65:31:65:Infinity":2,"s:66:18:66:Infinity":9,"b:67:4:67:Infinity:undefined:undefined:undefined:undefined":3,"s:67:4:67:Infinity":10,"s:67:16:67:Infinity":11,"s:68:4:68:Infinity":12,"f:72:20:72:21":2,"s:73:18:73:Infinity":13,"b:74:4:76:Infinity:undefined:undefined:undefined:undefined":4,"s:74:4:76:Infinity":14,"s:75:6:75:Infinity":15,"b:75:13:75:50:75:50:75:Infinity":5,"s:77:16:77:Infinity":16,"b:77:16:77:31:77:31:77:Infinity":6,"s:78:4:78:Infinity":17,"b:78:11:78:56:78:56:78:Infinity":7,"f:82:19:82:31":3,"s:83:18:83:Infinity":18,"b:86:4:88:Infinity:undefined:undefined:undefined:undefined":8,"s:86:4:88:Infinity":19,"s:87:6:87:Infinity":20,"s:90:4:106:Infinity":21,"s:91:21:91:Infinity":22,"s:92:12:92:Infinity":23,"s:95:6:100:Infinity":24,"s:102:6:102:Infinity":25,"s:104:6:104:Infinity":26,"s:105:6:105:Infinity":27,"f:110:22:110:29":4,"s:111:18:111:Infinity":28,"s:112:21:112:Infinity":29,"b:112:21:112:36:112:36:112:Infinity":9,"b:115:4:117:Infinity:undefined:undefined:undefined:undefined":10,"s:115:4:117:Infinity":30,"s:116:6:116:Infinity":31,"s:119:4:139:Infinity":32,"s:120:25:120:Infinity":33,"s:121:28:121:Infinity":34,"s:122:12:122:Infinity":35,"s:125:6:133:Infinity":36,"f:125:10:125:11":5,"s:125:21:133:8":37,"s:135:6:135:Infinity":38,"s:137:6:137:Infinity":39,"s:138:6:138:Infinity":40,"f:143:22:143:23":6,"s:144:18:144:Infinity":41,"b:145:4:147:Infinity:undefined:undefined:undefined:undefined":11,"s:145:4:147:Infinity":42,"s:146:6:146:Infinity":43,"b:146:13:146:45:146:45:146:Infinity":12,"s:148:16:148:Infinity":44,"b:148:16:148:31:148:31:148:Infinity":13,"s:149:4:149:Infinity":45,"b:149:11:149:51:149:51:149:Infinity":14,"f:153:17:153:24":7,"s:154:18:154:Infinity":46,"s:157:26:157:Infinity":47,"s:158:23:158:Infinity":48,"b:160:4:232:Infinity:205:11:232:Infinity":15,"s:160:4:232:Infinity":49,"s:162:6:174:Infinity":50,"f:166:41:166:42":8,"s:167:12:167:Infinity":51,"s:168:12:168:Infinity":52,"b:177:6:204:Infinity:undefined:undefined:undefined:undefined":16,"s:177:6:204:Infinity":53,"s:178:8:178:Infinity":54,"s:179:8:203:Infinity":55,"s:180:31:182:Infinity":56,"b:181:14:181:Infinity:182:14:182:Infinity":17,"s:185:31:185:Infinity":57,"b:186:10:199:Infinity:undefined:undefined:undefined:undefined":18,"s:186:10:199:Infinity":58,"b:186:14:186:Infinity:187:14:187:86":19,"s:188:12:198:Infinity":59,"f:192:46:192:47":9,"s:193:18:193:Infinity":60,"s:194:18:194:Infinity":61,"s:201:10:201:Infinity":62,"s:202:10:202:Infinity":63,"s:207:6:207:Infinity":64,"s:208:6:231:Infinity":65,"s:209:27:211:Infinity":66,"b:210:12:210:Infinity:211:12:211:Infinity":20,"s:213:8:224:Infinity":67,"f:217:40:217:41":10,"s:218:14:218:Infinity":68,"s:219:14:219:Infinity":69,"s:226:8:230:Infinity":70,"b:227:42:227:58:227:58:227:Infinity":21,"f:236:19:236:20":11,"b:237:4:252:Infinity:243:4:252:Infinity":22,"s:237:4:252:Infinity":71,"s:239:6:242:Infinity":72,"b:243:4:252:Infinity:245:11:252:Infinity":23,"s:243:4:252:Infinity":73,"s:244:6:244:Infinity":74,"s:246:18:246:Infinity":75,"b:246:18:246:33:246:33:246:Infinity":24,"s:247:6:251:Infinity":76,"f:247:10:247:11":12,"s:248:25:248:Infinity":77,"s:249:8:249:Infinity":78,"s:250:8:250:Infinity":79,"f:256:17:256:29":13,"s:257:27:257:Infinity":80,"s:258:29:258:Infinity":81,"s:259:18:259:Infinity":82,"s:262:4:262:Infinity":83,"s:265:4:265:Infinity":84,"f:268:16:268:17":14,"s:269:4:289:Infinity":85,"f:269:8:269:9":15,"s:270:37:274:Infinity":86,"b:273:80:273:84:273:84:273:117":25,"b:273:111:273:115:273:115:273:117":26,"s:275:25:275:Infinity":87,"s:276:28:276:Infinity":88,"f:276:49:276:50":16,"s:276:56:276:69":89,"b:277:6:281:Infinity:279:13:281:Infinity":27,"s:277:6:281:Infinity":90,"s:278:8:278:Infinity":91,"s:280:8:280:Infinity":92,"s:284:6:288:Infinity":93,"f:291:16:291:17":17,"s:292:4:297:Infinity":94,"f:292:8:292:9":18,"s:292:20:297:6":95,"f:293:36:293:37":19,"s:293:43:293:65":96,"f:299:16:299:22":20,"s:299:22:307:Infinity":97}}}
,"/Users/sunven/github/cc-config/cc-config-viewer/src/stores/projectsStore.ts": {"path":"/Users/sunven/github/cc-config/cc-config-viewer/src/stores/projectsStore.ts","statementMap":{"0":{"start":{"line":12,"column":26},"end":{"line":12,"column":null}},"1":{"start":{"line":33,"column":13},"end":{"line":85,"column":null}},"2":{"start":{"line":33,"column":69},"end":{"line":85,"column":2}},"3":{"start":{"line":38,"column":33},"end":{"line":38,"column":null}},"4":{"start":{"line":41,"column":4},"end":{"line":41,"column":null}},"5":{"start":{"line":41,"column":20},"end":{"line":41,"column":63}},"6":{"start":{"line":44,"column":4},"end":{"line":46,"column":null}},"7":{"start":{"line":44,"column":20},"end":{"line":46,"column":6}},"8":{"start":{"line":45,"column":45},"end":{"line":45,"column":56}},"9":{"start":{"line":50,"column":4},"end":{"line":58,"column":null}},"10":{"start":{"line":50,"column":20},"end":{"line":58,"column":6}},"11":{"start":{"line":62,"column":18},"end":{"line":62,"column":null}},"12":{"start":{"line":63,"column":4},"end":{"line":63,"column":null}},"13":{"start":{"line":68,"column":18},"end":{"line":68,"column":null}},"14":{"start":{"line":69,"column":4},"end":{"line":69,"column":null}},"15":{"start":{"line":69,"column":16},"end":{"line":69,"column":null}},"16":{"start":{"line":70,"column":4},"end":{"line":70,"column":null}},"17":{"start":{"line":75,"column":4},"end":{"line":83,"column":null}},"18":{"start":{"line":76,"column":6},"end":{"line":80,"column":null}},"19":{"start":{"line":77,"column":25},"end":{"line":77,"column":null}},"20":{"start":{"line":78,"column":8},"end":{"line":78,"column":null}},"21":{"start":{"line":79,"column":8},"end":{"line":79,"column":null}},"22":{"start":{"line":82,"column":6},"end":{"line":82,"column":null}}},"fnMap":{"0":{"name":"(anonymous_0)","decl":{"start":{"line":33,"column":54},"end":{"line":33,"column":55}},"loc":{"start":{"line":33,"column":69},"end":{"line":85,"column":2}},"line":33},"1":{"name":"(anonymous_1)","decl":{"start":{"line":38,"column":20},"end":{"line":38,"column":21}},"loc":{"start":{"line":38,"column":33},"end":{"line":38,"column":null}},"line":38},"2":{"name":"(anonymous_2)","decl":{"start":{"line":40,"column":14},"end":{"line":40,"column":15}},"loc":{"start":{"line":41,"column":4},"end":{"line":41,"column":null}},"line":41},"3":{"name":"(anonymous_3)","decl":{"start":{"line":41,"column":8},"end":{"line":41,"column":9}},"loc":{"start":{"line":41,"column":20},"end":{"line":41,"column":63}},"line":41},"4":{"name":"(anonymous_4)","decl":{"start":{"line":43,"column":17},"end":{"line":43,"column":18}},"loc":{"start":{"line":44,"column":4},"end":{"line":46,"column":null}},"line":44},"5":{"name":"(anonymous_5)","decl":{"start":{"line":44,"column":8},"end":{"line":44,"column":9}},"loc":{"start":{"line":44,"column":20},"end":{"line":46,"column":6}},"line":44},"6":{"name":"(anonymous_6)","decl":{"start":{"line":45,"column":38},"end":{"line":45,"column":39}},"loc":{"start":{"line":45,"column":45},"end":{"line":45,"column":56}},"line":45},"7":{"name":"(anonymous_7)","decl":{"start":{"line":49,"column":23},"end":{"line":49,"column":24}},"loc":{"start":{"line":50,"column":4},"end":{"line":58,"column":null}},"line":50},"8":{"name":"(anonymous_8)","decl":{"start":{"line":50,"column":8},"end":{"line":50,"column":9}},"loc":{"start":{"line":50,"column":20},"end":{"line":58,"column":6}},"line":50},"9":{"name":"(anonymous_9)","decl":{"start":{"line":61,"column":21},"end":{"line":61,"column":22}},"loc":{"start":{"line":61,"column":38},"end":{"line":64,"column":null}},"line":61},"10":{"name":"(anonymous_10)","decl":{"start":{"line":67,"column":23},"end":{"line":67,"column":24}},"loc":{"start":{"line":67,"column":40},"end":{"line":71,"column":null}},"line":67},"11":{"name":"(anonymous_11)","decl":{"start":{"line":74,"column":26},"end":{"line":74,"column":27}},"loc":{"start":{"line":74,"column":43},"end":{"line":84,"column":null}},"line":74},"12":{"name":"(anonymous_12)","decl":{"start":{"line":76,"column":10},"end":{"line":76,"column":11}},"loc":{"start":{"line":76,"column":21},"end":{"line":80,"column":7}},"line":76}},"branchMap":{"0":{"loc":{"start":{"line":63,"column":11},"end":{"line":63,"column":null}},"type":"binary-expr","locations":[{"start":{"line":63,"column":11},"end":{"line":63,"column":26}},{"start":{"line":63,"column":26},"end":{"line":63,"column":null}}],"line":63},"1":{"loc":{"start":{"line":69,"column":4},"end":{"line":69,"column":null}},"type":"if","locations":[{"start":{"line":69,"column":4},"end":{"line":69,"column":null}},{"start":{},"end":{}}],"line":69},"2":{"loc":{"start":{"line":75,"column":4},"end":{"line":83,"column":null}},"type":"if","locations":[{"start":{"line":75,"column":4},"end":{"line":83,"column":null}},{"start":{"line":81,"column":11},"end":{"line":83,"column":null}}],"line":75}},"s":{"0":4,"1":4,"2":4,"3":34,"4":2,"5":2,"6":1,"7":1,"8":2,"9":1,"10":1,"11":2,"12":2,"13":3,"14":3,"15":1,"16":2,"17":2,"18":1,"19":1,"20":1,"21":1,"22":1},"f":{"0":4,"1":34,"2":2,"3":2,"4":1,"5":1,"6":2,"7":1,"8":1,"9":2,"10":3,"11":2,"12":1},"b":{"0":[2,1],"1":[1,2],"2":[1,1]},"meta":{"lastBranch":3,"lastFunction":13,"lastStatement":23,"seen":{"s:12:26:12:Infinity":0,"s:33:13:85:Infinity":1,"f:33:54:33:55":0,"s:33:69:85:2":2,"f:38:20:38:21":1,"s:38:33:38:Infinity":3,"f:40:14:40:15":2,"s:41:4:41:Infinity":4,"f:41:8:41:9":3,"s:41:20:41:63":5,"f:43:17:43:18":4,"s:44:4:46:Infinity":6,"f:44:8:44:9":5,"s:44:20:46:6":7,"f:45:38:45:39":6,"s:45:45:45:56":8,"f:49:23:49:24":7,"s:50:4:58:Infinity":9,"f:50:8:50:9":8,"s:50:20:58:6":10,"f:61:21:61:22":9,"s:62:18:62:Infinity":11,"s:63:4:63:Infinity":12,"b:63:11:63:26:63:26:63:Infinity":0,"f:67:23:67:24":10,"s:68:18:68:Infinity":13,"b:69:4:69:Infinity:undefined:undefined:undefined:undefined":1,"s:69:4:69:Infinity":14,"s:69:16:69:Infinity":15,"s:70:4:70:Infinity":16,"f:74:26:74:27":11,"b:75:4:83:Infinity:81:11:83:Infinity":2,"s:75:4:83:Infinity":17,"s:76:6:80:Infinity":18,"f:76:10:76:11":12,"s:77:25:77:Infinity":19,"s:78:8:78:Infinity":20,"s:79:8:79:Infinity":21,"s:82:6:82:Infinity":22}}}
,"/Users/sunven/github/cc-config/cc-config-viewer/src/stores/uiStore.ts": {"path":"/Users/sunven/github/cc-config/cc-config-viewer/src/stores/uiStore.ts","statementMap":{"0":{"start":{"line":6,"column":21},"end":{"line":8,"column":null}},"1":{"start":{"line":7,"column":2},"end":{"line":7,"column":null}},"2":{"start":{"line":22,"column":13},"end":{"line":57,"column":null}},"3":{"start":{"line":24,"column":14},"end":{"line":35,"column":null}},"4":{"start":{"line":29,"column":34},"end":{"line":29,"column":null}},"5":{"start":{"line":30,"column":31},"end":{"line":30,"column":null}},"6":{"start":{"line":31,"column":32},"end":{"line":31,"column":null}},"7":{"start":{"line":32,"column":27},"end":{"line":32,"column":null}},"8":{"start":{"line":34,"column":8},"end":{"line":34,"column":null}},"9":{"start":{"line":34,"column":24},"end":{"line":34,"column":78}},"10":{"start":{"line":38,"column":39},"end":{"line":38,"column":51}},"11":{"start":{"line":39,"column":30},"end":{"line":43,"column":null}},"12":{"start":{"line":45,"column":26},"end":{"line":45,"column":null}},"13":{"start":{"line":46,"column":8},"end":{"line":53,"column":null}}},"fnMap":{"0":{"name":"(anonymous_0)","decl":{"start":{"line":6,"column":21},"end":{"line":6,"column":22}},"loc":{"start":{"line":6,"column":61},"end":{"line":8,"column":null}},"line":6},"1":{"name":"(anonymous_1)","decl":{"start":{"line":24,"column":4},"end":{"line":24,"column":5}},"loc":{"start":{"line":24,"column":14},"end":{"line":35,"column":null}},"line":24},"2":{"name":"(anonymous_2)","decl":{"start":{"line":29,"column":23},"end":{"line":29,"column":24}},"loc":{"start":{"line":29,"column":34},"end":{"line":29,"column":null}},"line":29},"3":{"name":"(anonymous_3)","decl":{"start":{"line":30,"column":18},"end":{"line":30,"column":19}},"loc":{"start":{"line":30,"column":31},"end":{"line":30,"column":null}},"line":30},"4":{"name":"(anonymous_4)","decl":{"start":{"line":31,"column":22},"end":{"line":31,"column":23}},"loc":{"start":{"line":31,"column":32},"end":{"line":31,"column":null}},"line":31},"5":{"name":"(anonymous_5)","decl":{"start":{"line":32,"column":16},"end":{"line":32,"column":17}},"loc":{"start":{"line":32,"column":27},"end":{"line":32,"column":null}},"line":32},"6":{"name":"(anonymous_6)","decl":{"start":{"line":33,"column":19},"end":{"line":33,"column":null}},"loc":{"start":{"line":34,"column":8},"end":{"line":34,"column":null}},"line":34},"7":{"name":"(anonymous_7)","decl":{"start":{"line":34,"column":12},"end":{"line":34,"column":13}},"loc":{"start":{"line":34,"column":24},"end":{"line":34,"column":78}},"line":34},"8":{"name":"(anonymous_8)","decl":{"start":{"line":38,"column":33},"end":{"line":38,"column":39}},"loc":{"start":{"line":38,"column":39},"end":{"line":38,"column":51}},"line":38},"9":{"name":"(anonymous_9)","decl":{"start":{"line":39,"column":18},"end":{"line":39,"column":19}},"loc":{"start":{"line":39,"column":30},"end":{"line":43,"column":null}},"line":39},"10":{"name":"(anonymous_10)","decl":{"start":{"line":44,"column":13},"end":{"line":44,"column":14}},"loc":{"start":{"line":44,"column":47},"end":{"line":54,"column":null}},"line":44}},"branchMap":{"0":{"loc":{"start":{"line":7,"column":9},"end":{"line":7,"column":null}},"type":"binary-expr","locations":[{"start":{"line":7,"column":9},"end":{"line":7,"column":29}},{"start":{"line":7,"column":29},"end":{"line":7,"column":null}}],"line":7},"1":{"loc":{"start":{"line":34,"column":33},"end":{"line":34,"column":76}},"type":"cond-expr","locations":[{"start":{"line":34,"column":59},"end":{"line":34,"column":68}},{"start":{"line":34,"column":68},"end":{"line":34,"column":76}}],"line":34},"2":{"loc":{"start":{"line":50,"column":24},"end":{"line":52,"column":null}},"type":"cond-expr","locations":[{"start":{"line":51,"column":14},"end":{"line":51,"column":null}},{"start":{"line":52,"column":14},"end":{"line":52,"column":null}}],"line":50},"3":{"loc":{"start":{"line":50,"column":24},"end":{"line":50,"column":null}},"type":"binary-expr","locations":[{"start":{"line":50,"column":24},"end":{"line":50,"column":37}},{"start":{"line":50,"column":37},"end":{"line":50,"column":null}}],"line":50}},"s":{"0":15,"1":2,"2":15,"3":15,"4":13,"5":2,"6":2,"7":2,"8":2,"9":2,"10":15,"11":77,"12":15,"13":15},"f":{"0":2,"1":15,"2":13,"3":2,"4":2,"5":2,"6":2,"7":2,"8":15,"9":77,"10":15},"b":{"0":[2,2],"1":[1,1],"2":[1,14],"3":[15,2]},"meta":{"lastBranch":4,"lastFunction":11,"lastStatement":14,"seen":{"s:6:21:8:Infinity":0,"f:6:21:6:22":0,"s:7:2:7:Infinity":1,"b:7:9:7:29:7:29:7:Infinity":0,"s:22:13:57:Infinity":2,"f:24:4:24:5":1,"s:24:14:35:Infinity":3,"f:29:23:29:24":2,"s:29:34:29:Infinity":4,"f:30:18:30:19":3,"s:30:31:30:Infinity":5,"f:31:22:31:23":4,"s:31:32:31:Infinity":6,"f:32:16:32:17":5,"s:32:27:32:Infinity":7,"f:33:19:33:Infinity":6,"s:34:8:34:Infinity":8,"f:34:12:34:13":7,"s:34:24:34:78":9,"b:34:59:34:68:34:68:34:76":1,"f:38:33:38:39":8,"s:38:39:38:51":10,"f:39:18:39:19":9,"s:39:30:43:Infinity":11,"f:44:13:44:14":10,"s:45:26:45:Infinity":12,"s:46:8:53:Infinity":13,"b:51:14:51:Infinity:52:14:52:Infinity":2,"b:50:24:50:37:50:37:50:Infinity":3}}}
}
